Loading required package: Matrix
Loading required package: BiocGenerics

Attaching package: ‘BiocGenerics’

The following objects are masked from ‘package:stats’:

    IQR, mad, sd, var, xtabs

The following objects are masked from ‘package:base’:

    anyDuplicated, append, as.data.frame, basename, cbind, colnames,
    dirname, do.call, duplicated, eval, evalq, Filter, Find, get, grep,
    grepl, intersect, is.unsorted, lapply, Map, mapply, match, mget,
    order, paste, pmax, pmax.int, pmin, pmin.int, Position, rank,
    rbind, Reduce, rownames, sapply, setdiff, sort, table, tapply,
    union, unique, unsplit, which.max, which.min

Loading required package: S4Vectors
Loading required package: stats4

Attaching package: ‘S4Vectors’

The following objects are masked from ‘package:Matrix’:

    expand, unname

The following objects are masked from ‘package:data.table’:

    first, second

The following objects are masked from ‘package:base’:

    expand.grid, I, unname

Loading required package: IRanges

Attaching package: ‘IRanges’

The following object is masked from ‘package:data.table’:

    shift

Loading required package: XVector
Loading required package: GenomeInfoDb

Attaching package: ‘Biostrings’

The following object is masked from ‘package:base’:

    strsplit


Attaching package: ‘ape’

The following object is masked from ‘package:Biostrings’:

    complement

Arguments:
Moshi_arabiensis_PM


Loading SNP data from ~/data/ML/GAARD_SNP/Moshi_arabiensis_PM/csvs/filtered_SNPs.csv.
            used   (Mb) gc trigger    (Mb)   max used    (Mb)
Ncells   3824131  204.3    7243540   386.9    4652199   248.5
Vcells 155239326 1184.4 1397875741 10665.0 1652728668 12609.4
Loading phenotype data from ../../data/sample_phenotypes_EA.csv.
Running ../extract_zarr_region.py at 14:09 on 11/09/2023 using machine neptune2


Script was run using the following arguments:

	zarr_folder = /home/elucas/scratch/VObs_GAARD
	study_id = 1246-VO-TZ-KABULA-VMF00185
	chrom = 2R
	region = 24318138-24358200
	output_fn = Moshi_arabiensis_PM/2R:24337928_allele_counts.csv
	sample_names = EA18-0193,EA18-0194,EA18-0197,EA18-0198,EA18-0200,EA18-0201,EA18-0202,EA18-0203,EA18-0204,EA18-0206,EA18-0213,EA18-0214,EA18-0215,EA18-0216,EA18-0217,EA18-0218,EA18-0219,EA18-0220,EA18-0222,EA18-0223,EA18-0224,EA18-0225,EA18-0227,EA18-0229,EA18-0230,EA18-0233,EA18-0235,EA18-0236,EA18-0237,EA18-0239,EA18-0240,EA18-0241,EA18-0242,EA18-0243,EA18-0244,EA18-0245,EA18-0246,EA18-0247,EA18-0249,EA18-0250,EA18-0251,EA18-0252,EA18-0253,EA18-0255,EA18-0257,EA18-0258,EA18-0259,EA18-0260,EA18-0261,EA18-0262,EA18-0263,EA18-0264,EA18-0266,EA18-0271,EA18-0272,EA18-0273,EA18-0274,EA18-0275,EA18-0276,EA18-0277,EA18-0278,EA18-0279,EA18-0280,EA18-0281,EA18-0283,EA18-0284,EA18-0285,EA18-0286,EA18-0287,EA18-0289,EA18-0294,EA18-0295,EA18-0296,EA18-0297,EA18-0298,EA18-0299,EA18-0300,EA18-0301,EA18-0302,EA18-0303,EA18-0304,EA18-0305,EA18-0307,EA18-0308,EA18-0309,EA18-0310,EA18-0311,EA18-0312,EA18-0313,EA18-0314,EA18-0316,EA18-0317,EA18-0318,EA18-0319,EA18-0320,EA18-0322,EA18-0324,EA18-0325,EA18-0326,EA18-0327,EA18-0328,EA18-0331,EA18-0332,EA18-0333,EA18-0334,EA18-0335,EA18-0336,EA18-0337,EA18-0338,EA18-0339,EA18-0340,EA18-0341,EA18-0342,EA18-0343,EA18-0344,EA18-0345,EA18-0347,EA18-0348,EA18-0349,EA18-0350,EA18-0351,EA18-0352,EA18-0353,EA18-0354,EA18-0355,EA18-0356,EA18-0357,EA18-0358,EA18-0359,EA18-0361,EA18-0362,EA18-0363,EA18-0364,EA18-0365,EA18-0366,EA18-0367,EA18-0368,EA18-0369,EA18-0370,EA18-0371,EA18-0372,EA18-0373,EA18-0374,EA18-0376,EA18-0378,EA18-0379,EA18-0380,EA18-0381,EA18-0382,EA18-0383,EA18-0384
	meta_fn = ../../data/tanzania.samples.meta.csv

Running snpEff on significant SNPs, using command /usr/bin/java -jar ~/software/snpEff/snpEff.jar eff Anopheles_gambiae -noStats Moshi_arabiensis_PM/temp.vcf > Moshi_arabiensis_PM/focal_windows.vcf .
2R:24337928.null device 
                      1 
