Loading required package: Matrix
Loading required package: BiocGenerics

Attaching package: ‘BiocGenerics’

The following objects are masked from ‘package:stats’:

    IQR, mad, sd, var, xtabs

The following objects are masked from ‘package:base’:

    anyDuplicated, append, as.data.frame, basename, cbind, colnames,
    dirname, do.call, duplicated, eval, evalq, Filter, Find, get, grep,
    grepl, intersect, is.unsorted, lapply, Map, mapply, match, mget,
    order, paste, pmax, pmax.int, pmin, pmin.int, Position, rank,
    rbind, Reduce, rownames, sapply, setdiff, sort, table, tapply,
    union, unique, unsplit, which.max, which.min

Loading required package: S4Vectors
Loading required package: stats4

Attaching package: ‘S4Vectors’

The following objects are masked from ‘package:Matrix’:

    expand, unname

The following objects are masked from ‘package:data.table’:

    first, second

The following objects are masked from ‘package:base’:

    expand.grid, I, unname

Loading required package: IRanges

Attaching package: ‘IRanges’

The following object is masked from ‘package:data.table’:

    shift

Loading required package: XVector
Loading required package: GenomeInfoDb

Attaching package: ‘Biostrings’

The following object is masked from ‘package:base’:

    strsplit


Attaching package: ‘ape’

The following object is masked from ‘package:Biostrings’:

    complement

Arguments:
Muleba_arabiensis_Delta


Loading SNP data from ~/data/ML/GAARD_SNP/Muleba_arabiensis_Delta/csvs/filtered_SNPs.csv.
Warning messages:
1: In `[.data.table`(all.snps, , `:=`(c(samples.to.remove), NULL)) :
  Column 'EA18-0330' does not exist to remove
2: In `[.data.table`(all.snps, , `:=`(c(samples.to.remove), NULL)) :
  Column 'EA18-0268' does not exist to remove
3: In `[.data.table`(all.snps, , `:=`(c(samples.to.remove), NULL)) :
  Column 'EA18-0195' does not exist to remove
4: In `[.data.table`(all.snps, , `:=`(c(samples.to.remove), NULL)) :
  Column 'EA18-0234' does not exist to remove
            used   (Mb) gc trigger    (Mb)   max used    (Mb)
Ncells   3824621  204.3    7243540   386.9    6882545   367.6
Vcells 203640378 1553.7 2230011468 17013.7 2782803686 21231.2
Loading phenotype data from ../../data/sample_phenotypes_EA.csv.
There were 27 warnings (use warnings() to see them)
Running ../extract_zarr_region.py at 14:13 on 11/09/2023 using machine neptune2


Script was run using the following arguments:

	zarr_folder = /home/elucas/scratch/VObs_GAARD
	study_id = 1246-VO-TZ-KABULA-VMF00185
	chrom = 2R
	region = 19352465-19386457
	output_fn = Muleba_arabiensis_Delta/2R:19368988_allele_counts.csv
	sample_names = EA18-0385,EA18-0386,EA18-0387,EA18-0388,EA18-0389,EA18-0390,EA18-0392,EA18-0394,EA18-0395,EA18-0396,EA18-0397,EA18-0398,EA18-0399,EA18-0401,EA18-0402,EA18-0403,EA18-0405,EA18-0406,EA18-0407,EA18-0408,EA18-0410,EA18-0411,EA18-0412,EA18-0414,EA18-0415,EA18-0416,EA18-0417,EA18-0418,EA18-0420,EA18-0421,EA18-0422,EA18-0424,EA18-0425,EA18-0426,EA18-0427,EA18-0428,EA18-0429,EA18-0430,EA18-0431,EA18-0432,EA18-0433,EA18-0434,EA18-0435,EA18-0436,EA18-0437,EA18-0438,EA18-0441,EA18-0442,EA18-0443,EA18-0444,EA18-0445,EA18-0446,EA18-0447,EA18-0449,EA18-0450,EA18-0451,EA18-0453,EA18-0454,EA18-0456,EA18-0457,EA18-0458,EA18-0459,EA18-0460,EA18-0461,EA18-0462,EA18-0463,EA18-0464,EA18-0465,EA18-0466,EA18-0467,EA18-0469,EA18-0470,EA18-0471,EA18-0472,EA18-0473,EA18-0474,EA18-0475,EA18-0476,EA18-0477,EA18-0479,EA18-0480,EA18-0481,EA18-0482,EA18-0483,EA18-0484,EA18-0485,EA18-0486,EA18-0487,EA18-0490,EA18-0491,EA18-0492,EA18-0493,EA18-0494,EA18-0495,EA18-0496,EA18-0497,EA18-0498,EA18-0499,EA18-0500,EA18-0501,EA18-0503,EA18-0504,EA18-0505,EA18-0506,EA18-0507,EA18-0508,EA18-0509,EA18-0510,EA18-0512,EA18-0513,EA18-0515,EA18-0517,EA18-0518,EA18-0520,EA18-0521,EA18-0522,EA18-0523,EA18-0524,EA18-0525,EA18-0526,EA18-0528,EA18-0529,EA18-0531,EA18-0532,EA18-0533,EA18-0534,EA18-0535,EA18-0536,EA18-0537,EA18-0538,EA18-0540,EA18-0542,EA18-0543,EA18-0544,EA18-0545,EA18-0546,EA18-0547,EA18-0548,EA18-0549,EA18-0550,EA18-0551,EA18-0552,EA18-0553,EA18-0554,EA18-0555,EA18-0556,EA18-0557,EA18-0558,EA18-0559,EA18-0561,EA18-0563,EA18-0564,EA18-0565,EA18-0566,EA18-0567,EA18-0568,EA18-0569,EA18-0570,EA18-0572,EA18-0573,EA18-0575,EA18-0576
	meta_fn = ../../data/tanzania.samples.meta.csv

Running ../extract_zarr_region.py at 14:13 on 11/09/2023 using machine neptune2


Script was run using the following arguments:

	zarr_folder = /home/elucas/scratch/VObs_GAARD
	study_id = 1246-VO-TZ-KABULA-VMF00185
	chrom = 2R
	region = 19691137-19728163
	output_fn = Muleba_arabiensis_Delta/2R:19709283_allele_counts.csv
	sample_names = EA18-0385,EA18-0386,EA18-0387,EA18-0388,EA18-0389,EA18-0390,EA18-0392,EA18-0394,EA18-0395,EA18-0396,EA18-0397,EA18-0398,EA18-0399,EA18-0401,EA18-0402,EA18-0403,EA18-0405,EA18-0406,EA18-0407,EA18-0408,EA18-0410,EA18-0411,EA18-0412,EA18-0414,EA18-0415,EA18-0416,EA18-0417,EA18-0418,EA18-0420,EA18-0421,EA18-0422,EA18-0424,EA18-0425,EA18-0426,EA18-0427,EA18-0428,EA18-0429,EA18-0430,EA18-0431,EA18-0432,EA18-0433,EA18-0434,EA18-0435,EA18-0436,EA18-0437,EA18-0438,EA18-0441,EA18-0442,EA18-0443,EA18-0444,EA18-0445,EA18-0446,EA18-0447,EA18-0449,EA18-0450,EA18-0451,EA18-0453,EA18-0454,EA18-0456,EA18-0457,EA18-0458,EA18-0459,EA18-0460,EA18-0461,EA18-0462,EA18-0463,EA18-0464,EA18-0465,EA18-0466,EA18-0467,EA18-0469,EA18-0470,EA18-0471,EA18-0472,EA18-0473,EA18-0474,EA18-0475,EA18-0476,EA18-0477,EA18-0479,EA18-0480,EA18-0481,EA18-0482,EA18-0483,EA18-0484,EA18-0485,EA18-0486,EA18-0487,EA18-0490,EA18-0491,EA18-0492,EA18-0493,EA18-0494,EA18-0495,EA18-0496,EA18-0497,EA18-0498,EA18-0499,EA18-0500,EA18-0501,EA18-0503,EA18-0504,EA18-0505,EA18-0506,EA18-0507,EA18-0508,EA18-0509,EA18-0510,EA18-0512,EA18-0513,EA18-0515,EA18-0517,EA18-0518,EA18-0520,EA18-0521,EA18-0522,EA18-0523,EA18-0524,EA18-0525,EA18-0526,EA18-0528,EA18-0529,EA18-0531,EA18-0532,EA18-0533,EA18-0534,EA18-0535,EA18-0536,EA18-0537,EA18-0538,EA18-0540,EA18-0542,EA18-0543,EA18-0544,EA18-0545,EA18-0546,EA18-0547,EA18-0548,EA18-0549,EA18-0550,EA18-0551,EA18-0552,EA18-0553,EA18-0554,EA18-0555,EA18-0556,EA18-0557,EA18-0558,EA18-0559,EA18-0561,EA18-0563,EA18-0564,EA18-0565,EA18-0566,EA18-0567,EA18-0568,EA18-0569,EA18-0570,EA18-0572,EA18-0573,EA18-0575,EA18-0576
	meta_fn = ../../data/tanzania.samples.meta.csv

Running ../extract_zarr_region.py at 14:13 on 11/09/2023 using machine neptune2


Script was run using the following arguments:

	zarr_folder = /home/elucas/scratch/VObs_GAARD
	study_id = 1246-VO-TZ-KABULA-VMF00185
	chrom = 2R
	region = 19849546-19883709
	output_fn = Muleba_arabiensis_Delta/2R:19865728_allele_counts.csv
	sample_names = EA18-0385,EA18-0386,EA18-0387,EA18-0388,EA18-0389,EA18-0390,EA18-0392,EA18-0394,EA18-0395,EA18-0396,EA18-0397,EA18-0398,EA18-0399,EA18-0401,EA18-0402,EA18-0403,EA18-0405,EA18-0406,EA18-0407,EA18-0408,EA18-0410,EA18-0411,EA18-0412,EA18-0414,EA18-0415,EA18-0416,EA18-0417,EA18-0418,EA18-0420,EA18-0421,EA18-0422,EA18-0424,EA18-0425,EA18-0426,EA18-0427,EA18-0428,EA18-0429,EA18-0430,EA18-0431,EA18-0432,EA18-0433,EA18-0434,EA18-0435,EA18-0436,EA18-0437,EA18-0438,EA18-0441,EA18-0442,EA18-0443,EA18-0444,EA18-0445,EA18-0446,EA18-0447,EA18-0449,EA18-0450,EA18-0451,EA18-0453,EA18-0454,EA18-0456,EA18-0457,EA18-0458,EA18-0459,EA18-0460,EA18-0461,EA18-0462,EA18-0463,EA18-0464,EA18-0465,EA18-0466,EA18-0467,EA18-0469,EA18-0470,EA18-0471,EA18-0472,EA18-0473,EA18-0474,EA18-0475,EA18-0476,EA18-0477,EA18-0479,EA18-0480,EA18-0481,EA18-0482,EA18-0483,EA18-0484,EA18-0485,EA18-0486,EA18-0487,EA18-0490,EA18-0491,EA18-0492,EA18-0493,EA18-0494,EA18-0495,EA18-0496,EA18-0497,EA18-0498,EA18-0499,EA18-0500,EA18-0501,EA18-0503,EA18-0504,EA18-0505,EA18-0506,EA18-0507,EA18-0508,EA18-0509,EA18-0510,EA18-0512,EA18-0513,EA18-0515,EA18-0517,EA18-0518,EA18-0520,EA18-0521,EA18-0522,EA18-0523,EA18-0524,EA18-0525,EA18-0526,EA18-0528,EA18-0529,EA18-0531,EA18-0532,EA18-0533,EA18-0534,EA18-0535,EA18-0536,EA18-0537,EA18-0538,EA18-0540,EA18-0542,EA18-0543,EA18-0544,EA18-0545,EA18-0546,EA18-0547,EA18-0548,EA18-0549,EA18-0550,EA18-0551,EA18-0552,EA18-0553,EA18-0554,EA18-0555,EA18-0556,EA18-0557,EA18-0558,EA18-0559,EA18-0561,EA18-0563,EA18-0564,EA18-0565,EA18-0566,EA18-0567,EA18-0568,EA18-0569,EA18-0570,EA18-0572,EA18-0573,EA18-0575,EA18-0576
	meta_fn = ../../data/tanzania.samples.meta.csv

Running ../extract_zarr_region.py at 14:13 on 11/09/2023 using machine neptune2


Script was run using the following arguments:

	zarr_folder = /home/elucas/scratch/VObs_GAARD
	study_id = 1246-VO-TZ-KABULA-VMF00185
	chrom = 2R
	region = 20306806-20345615
	output_fn = Muleba_arabiensis_Delta/2R:20325777_allele_counts.csv
	sample_names = EA18-0385,EA18-0386,EA18-0387,EA18-0388,EA18-0389,EA18-0390,EA18-0392,EA18-0394,EA18-0395,EA18-0396,EA18-0397,EA18-0398,EA18-0399,EA18-0401,EA18-0402,EA18-0403,EA18-0405,EA18-0406,EA18-0407,EA18-0408,EA18-0410,EA18-0411,EA18-0412,EA18-0414,EA18-0415,EA18-0416,EA18-0417,EA18-0418,EA18-0420,EA18-0421,EA18-0422,EA18-0424,EA18-0425,EA18-0426,EA18-0427,EA18-0428,EA18-0429,EA18-0430,EA18-0431,EA18-0432,EA18-0433,EA18-0434,EA18-0435,EA18-0436,EA18-0437,EA18-0438,EA18-0441,EA18-0442,EA18-0443,EA18-0444,EA18-0445,EA18-0446,EA18-0447,EA18-0449,EA18-0450,EA18-0451,EA18-0453,EA18-0454,EA18-0456,EA18-0457,EA18-0458,EA18-0459,EA18-0460,EA18-0461,EA18-0462,EA18-0463,EA18-0464,EA18-0465,EA18-0466,EA18-0467,EA18-0469,EA18-0470,EA18-0471,EA18-0472,EA18-0473,EA18-0474,EA18-0475,EA18-0476,EA18-0477,EA18-0479,EA18-0480,EA18-0481,EA18-0482,EA18-0483,EA18-0484,EA18-0485,EA18-0486,EA18-0487,EA18-0490,EA18-0491,EA18-0492,EA18-0493,EA18-0494,EA18-0495,EA18-0496,EA18-0497,EA18-0498,EA18-0499,EA18-0500,EA18-0501,EA18-0503,EA18-0504,EA18-0505,EA18-0506,EA18-0507,EA18-0508,EA18-0509,EA18-0510,EA18-0512,EA18-0513,EA18-0515,EA18-0517,EA18-0518,EA18-0520,EA18-0521,EA18-0522,EA18-0523,EA18-0524,EA18-0525,EA18-0526,EA18-0528,EA18-0529,EA18-0531,EA18-0532,EA18-0533,EA18-0534,EA18-0535,EA18-0536,EA18-0537,EA18-0538,EA18-0540,EA18-0542,EA18-0543,EA18-0544,EA18-0545,EA18-0546,EA18-0547,EA18-0548,EA18-0549,EA18-0550,EA18-0551,EA18-0552,EA18-0553,EA18-0554,EA18-0555,EA18-0556,EA18-0557,EA18-0558,EA18-0559,EA18-0561,EA18-0563,EA18-0564,EA18-0565,EA18-0566,EA18-0567,EA18-0568,EA18-0569,EA18-0570,EA18-0572,EA18-0573,EA18-0575,EA18-0576
	meta_fn = ../../data/tanzania.samples.meta.csv

Running ../extract_zarr_region.py at 14:13 on 11/09/2023 using machine neptune2


Script was run using the following arguments:

	zarr_folder = /home/elucas/scratch/VObs_GAARD
	study_id = 1246-VO-TZ-KABULA-VMF00185
	chrom = 2R
	region = 26894965-26934763
	output_fn = Muleba_arabiensis_Delta/2R:26914367_allele_counts.csv
	sample_names = EA18-0385,EA18-0386,EA18-0387,EA18-0388,EA18-0389,EA18-0390,EA18-0392,EA18-0394,EA18-0395,EA18-0396,EA18-0397,EA18-0398,EA18-0399,EA18-0401,EA18-0402,EA18-0403,EA18-0405,EA18-0406,EA18-0407,EA18-0408,EA18-0410,EA18-0411,EA18-0412,EA18-0414,EA18-0415,EA18-0416,EA18-0417,EA18-0418,EA18-0420,EA18-0421,EA18-0422,EA18-0424,EA18-0425,EA18-0426,EA18-0427,EA18-0428,EA18-0429,EA18-0430,EA18-0431,EA18-0432,EA18-0433,EA18-0434,EA18-0435,EA18-0436,EA18-0437,EA18-0438,EA18-0441,EA18-0442,EA18-0443,EA18-0444,EA18-0445,EA18-0446,EA18-0447,EA18-0449,EA18-0450,EA18-0451,EA18-0453,EA18-0454,EA18-0456,EA18-0457,EA18-0458,EA18-0459,EA18-0460,EA18-0461,EA18-0462,EA18-0463,EA18-0464,EA18-0465,EA18-0466,EA18-0467,EA18-0469,EA18-0470,EA18-0471,EA18-0472,EA18-0473,EA18-0474,EA18-0475,EA18-0476,EA18-0477,EA18-0479,EA18-0480,EA18-0481,EA18-0482,EA18-0483,EA18-0484,EA18-0485,EA18-0486,EA18-0487,EA18-0490,EA18-0491,EA18-0492,EA18-0493,EA18-0494,EA18-0495,EA18-0496,EA18-0497,EA18-0498,EA18-0499,EA18-0500,EA18-0501,EA18-0503,EA18-0504,EA18-0505,EA18-0506,EA18-0507,EA18-0508,EA18-0509,EA18-0510,EA18-0512,EA18-0513,EA18-0515,EA18-0517,EA18-0518,EA18-0520,EA18-0521,EA18-0522,EA18-0523,EA18-0524,EA18-0525,EA18-0526,EA18-0528,EA18-0529,EA18-0531,EA18-0532,EA18-0533,EA18-0534,EA18-0535,EA18-0536,EA18-0537,EA18-0538,EA18-0540,EA18-0542,EA18-0543,EA18-0544,EA18-0545,EA18-0546,EA18-0547,EA18-0548,EA18-0549,EA18-0550,EA18-0551,EA18-0552,EA18-0553,EA18-0554,EA18-0555,EA18-0556,EA18-0557,EA18-0558,EA18-0559,EA18-0561,EA18-0563,EA18-0564,EA18-0565,EA18-0566,EA18-0567,EA18-0568,EA18-0569,EA18-0570,EA18-0572,EA18-0573,EA18-0575,EA18-0576
	meta_fn = ../../data/tanzania.samples.meta.csv

Running ../extract_zarr_region.py at 14:13 on 11/09/2023 using machine neptune2


Script was run using the following arguments:

	zarr_folder = /home/elucas/scratch/VObs_GAARD
	study_id = 1246-VO-TZ-KABULA-VMF00185
	chrom = 2R
	region = 26914798-26954521
	output_fn = Muleba_arabiensis_Delta/2R:26935183_allele_counts.csv
	sample_names = EA18-0385,EA18-0386,EA18-0387,EA18-0388,EA18-0389,EA18-0390,EA18-0392,EA18-0394,EA18-0395,EA18-0396,EA18-0397,EA18-0398,EA18-0399,EA18-0401,EA18-0402,EA18-0403,EA18-0405,EA18-0406,EA18-0407,EA18-0408,EA18-0410,EA18-0411,EA18-0412,EA18-0414,EA18-0415,EA18-0416,EA18-0417,EA18-0418,EA18-0420,EA18-0421,EA18-0422,EA18-0424,EA18-0425,EA18-0426,EA18-0427,EA18-0428,EA18-0429,EA18-0430,EA18-0431,EA18-0432,EA18-0433,EA18-0434,EA18-0435,EA18-0436,EA18-0437,EA18-0438,EA18-0441,EA18-0442,EA18-0443,EA18-0444,EA18-0445,EA18-0446,EA18-0447,EA18-0449,EA18-0450,EA18-0451,EA18-0453,EA18-0454,EA18-0456,EA18-0457,EA18-0458,EA18-0459,EA18-0460,EA18-0461,EA18-0462,EA18-0463,EA18-0464,EA18-0465,EA18-0466,EA18-0467,EA18-0469,EA18-0470,EA18-0471,EA18-0472,EA18-0473,EA18-0474,EA18-0475,EA18-0476,EA18-0477,EA18-0479,EA18-0480,EA18-0481,EA18-0482,EA18-0483,EA18-0484,EA18-0485,EA18-0486,EA18-0487,EA18-0490,EA18-0491,EA18-0492,EA18-0493,EA18-0494,EA18-0495,EA18-0496,EA18-0497,EA18-0498,EA18-0499,EA18-0500,EA18-0501,EA18-0503,EA18-0504,EA18-0505,EA18-0506,EA18-0507,EA18-0508,EA18-0509,EA18-0510,EA18-0512,EA18-0513,EA18-0515,EA18-0517,EA18-0518,EA18-0520,EA18-0521,EA18-0522,EA18-0523,EA18-0524,EA18-0525,EA18-0526,EA18-0528,EA18-0529,EA18-0531,EA18-0532,EA18-0533,EA18-0534,EA18-0535,EA18-0536,EA18-0537,EA18-0538,EA18-0540,EA18-0542,EA18-0543,EA18-0544,EA18-0545,EA18-0546,EA18-0547,EA18-0548,EA18-0549,EA18-0550,EA18-0551,EA18-0552,EA18-0553,EA18-0554,EA18-0555,EA18-0556,EA18-0557,EA18-0558,EA18-0559,EA18-0561,EA18-0563,EA18-0564,EA18-0565,EA18-0566,EA18-0567,EA18-0568,EA18-0569,EA18-0570,EA18-0572,EA18-0573,EA18-0575,EA18-0576
	meta_fn = ../../data/tanzania.samples.meta.csv

Running ../extract_zarr_region.py at 14:13 on 11/09/2023 using machine neptune2


Script was run using the following arguments:

	zarr_folder = /home/elucas/scratch/VObs_GAARD
	study_id = 1246-VO-TZ-KABULA-VMF00185
	chrom = 2R
	region = 27009778-27048922
	output_fn = Muleba_arabiensis_Delta/2R:27029713_allele_counts.csv
	sample_names = EA18-0385,EA18-0386,EA18-0387,EA18-0388,EA18-0389,EA18-0390,EA18-0392,EA18-0394,EA18-0395,EA18-0396,EA18-0397,EA18-0398,EA18-0399,EA18-0401,EA18-0402,EA18-0403,EA18-0405,EA18-0406,EA18-0407,EA18-0408,EA18-0410,EA18-0411,EA18-0412,EA18-0414,EA18-0415,EA18-0416,EA18-0417,EA18-0418,EA18-0420,EA18-0421,EA18-0422,EA18-0424,EA18-0425,EA18-0426,EA18-0427,EA18-0428,EA18-0429,EA18-0430,EA18-0431,EA18-0432,EA18-0433,EA18-0434,EA18-0435,EA18-0436,EA18-0437,EA18-0438,EA18-0441,EA18-0442,EA18-0443,EA18-0444,EA18-0445,EA18-0446,EA18-0447,EA18-0449,EA18-0450,EA18-0451,EA18-0453,EA18-0454,EA18-0456,EA18-0457,EA18-0458,EA18-0459,EA18-0460,EA18-0461,EA18-0462,EA18-0463,EA18-0464,EA18-0465,EA18-0466,EA18-0467,EA18-0469,EA18-0470,EA18-0471,EA18-0472,EA18-0473,EA18-0474,EA18-0475,EA18-0476,EA18-0477,EA18-0479,EA18-0480,EA18-0481,EA18-0482,EA18-0483,EA18-0484,EA18-0485,EA18-0486,EA18-0487,EA18-0490,EA18-0491,EA18-0492,EA18-0493,EA18-0494,EA18-0495,EA18-0496,EA18-0497,EA18-0498,EA18-0499,EA18-0500,EA18-0501,EA18-0503,EA18-0504,EA18-0505,EA18-0506,EA18-0507,EA18-0508,EA18-0509,EA18-0510,EA18-0512,EA18-0513,EA18-0515,EA18-0517,EA18-0518,EA18-0520,EA18-0521,EA18-0522,EA18-0523,EA18-0524,EA18-0525,EA18-0526,EA18-0528,EA18-0529,EA18-0531,EA18-0532,EA18-0533,EA18-0534,EA18-0535,EA18-0536,EA18-0537,EA18-0538,EA18-0540,EA18-0542,EA18-0543,EA18-0544,EA18-0545,EA18-0546,EA18-0547,EA18-0548,EA18-0549,EA18-0550,EA18-0551,EA18-0552,EA18-0553,EA18-0554,EA18-0555,EA18-0556,EA18-0557,EA18-0558,EA18-0559,EA18-0561,EA18-0563,EA18-0564,EA18-0565,EA18-0566,EA18-0567,EA18-0568,EA18-0569,EA18-0570,EA18-0572,EA18-0573,EA18-0575,EA18-0576
	meta_fn = ../../data/tanzania.samples.meta.csv

Running ../extract_zarr_region.py at 14:13 on 11/09/2023 using machine neptune2


Script was run using the following arguments:

	zarr_folder = /home/elucas/scratch/VObs_GAARD
	study_id = 1246-VO-TZ-KABULA-VMF00185
	chrom = 2R
	region = 27052234-27089873
	output_fn = Muleba_arabiensis_Delta/2R:27071001_allele_counts.csv
	sample_names = EA18-0385,EA18-0386,EA18-0387,EA18-0388,EA18-0389,EA18-0390,EA18-0392,EA18-0394,EA18-0395,EA18-0396,EA18-0397,EA18-0398,EA18-0399,EA18-0401,EA18-0402,EA18-0403,EA18-0405,EA18-0406,EA18-0407,EA18-0408,EA18-0410,EA18-0411,EA18-0412,EA18-0414,EA18-0415,EA18-0416,EA18-0417,EA18-0418,EA18-0420,EA18-0421,EA18-0422,EA18-0424,EA18-0425,EA18-0426,EA18-0427,EA18-0428,EA18-0429,EA18-0430,EA18-0431,EA18-0432,EA18-0433,EA18-0434,EA18-0435,EA18-0436,EA18-0437,EA18-0438,EA18-0441,EA18-0442,EA18-0443,EA18-0444,EA18-0445,EA18-0446,EA18-0447,EA18-0449,EA18-0450,EA18-0451,EA18-0453,EA18-0454,EA18-0456,EA18-0457,EA18-0458,EA18-0459,EA18-0460,EA18-0461,EA18-0462,EA18-0463,EA18-0464,EA18-0465,EA18-0466,EA18-0467,EA18-0469,EA18-0470,EA18-0471,EA18-0472,EA18-0473,EA18-0474,EA18-0475,EA18-0476,EA18-0477,EA18-0479,EA18-0480,EA18-0481,EA18-0482,EA18-0483,EA18-0484,EA18-0485,EA18-0486,EA18-0487,EA18-0490,EA18-0491,EA18-0492,EA18-0493,EA18-0494,EA18-0495,EA18-0496,EA18-0497,EA18-0498,EA18-0499,EA18-0500,EA18-0501,EA18-0503,EA18-0504,EA18-0505,EA18-0506,EA18-0507,EA18-0508,EA18-0509,EA18-0510,EA18-0512,EA18-0513,EA18-0515,EA18-0517,EA18-0518,EA18-0520,EA18-0521,EA18-0522,EA18-0523,EA18-0524,EA18-0525,EA18-0526,EA18-0528,EA18-0529,EA18-0531,EA18-0532,EA18-0533,EA18-0534,EA18-0535,EA18-0536,EA18-0537,EA18-0538,EA18-0540,EA18-0542,EA18-0543,EA18-0544,EA18-0545,EA18-0546,EA18-0547,EA18-0548,EA18-0549,EA18-0550,EA18-0551,EA18-0552,EA18-0553,EA18-0554,EA18-0555,EA18-0556,EA18-0557,EA18-0558,EA18-0559,EA18-0561,EA18-0563,EA18-0564,EA18-0565,EA18-0566,EA18-0567,EA18-0568,EA18-0569,EA18-0570,EA18-0572,EA18-0573,EA18-0575,EA18-0576
	meta_fn = ../../data/tanzania.samples.meta.csv

Running ../extract_zarr_region.py at 14:13 on 11/09/2023 using machine neptune2


Script was run using the following arguments:

	zarr_folder = /home/elucas/scratch/VObs_GAARD
	study_id = 1246-VO-TZ-KABULA-VMF00185
	chrom = 2R
	region = 27069932-27104288
	output_fn = Muleba_arabiensis_Delta/2R:27087241_allele_counts.csv
	sample_names = EA18-0385,EA18-0386,EA18-0387,EA18-0388,EA18-0389,EA18-0390,EA18-0392,EA18-0394,EA18-0395,EA18-0396,EA18-0397,EA18-0398,EA18-0399,EA18-0401,EA18-0402,EA18-0403,EA18-0405,EA18-0406,EA18-0407,EA18-0408,EA18-0410,EA18-0411,EA18-0412,EA18-0414,EA18-0415,EA18-0416,EA18-0417,EA18-0418,EA18-0420,EA18-0421,EA18-0422,EA18-0424,EA18-0425,EA18-0426,EA18-0427,EA18-0428,EA18-0429,EA18-0430,EA18-0431,EA18-0432,EA18-0433,EA18-0434,EA18-0435,EA18-0436,EA18-0437,EA18-0438,EA18-0441,EA18-0442,EA18-0443,EA18-0444,EA18-0445,EA18-0446,EA18-0447,EA18-0449,EA18-0450,EA18-0451,EA18-0453,EA18-0454,EA18-0456,EA18-0457,EA18-0458,EA18-0459,EA18-0460,EA18-0461,EA18-0462,EA18-0463,EA18-0464,EA18-0465,EA18-0466,EA18-0467,EA18-0469,EA18-0470,EA18-0471,EA18-0472,EA18-0473,EA18-0474,EA18-0475,EA18-0476,EA18-0477,EA18-0479,EA18-0480,EA18-0481,EA18-0482,EA18-0483,EA18-0484,EA18-0485,EA18-0486,EA18-0487,EA18-0490,EA18-0491,EA18-0492,EA18-0493,EA18-0494,EA18-0495,EA18-0496,EA18-0497,EA18-0498,EA18-0499,EA18-0500,EA18-0501,EA18-0503,EA18-0504,EA18-0505,EA18-0506,EA18-0507,EA18-0508,EA18-0509,EA18-0510,EA18-0512,EA18-0513,EA18-0515,EA18-0517,EA18-0518,EA18-0520,EA18-0521,EA18-0522,EA18-0523,EA18-0524,EA18-0525,EA18-0526,EA18-0528,EA18-0529,EA18-0531,EA18-0532,EA18-0533,EA18-0534,EA18-0535,EA18-0536,EA18-0537,EA18-0538,EA18-0540,EA18-0542,EA18-0543,EA18-0544,EA18-0545,EA18-0546,EA18-0547,EA18-0548,EA18-0549,EA18-0550,EA18-0551,EA18-0552,EA18-0553,EA18-0554,EA18-0555,EA18-0556,EA18-0557,EA18-0558,EA18-0559,EA18-0561,EA18-0563,EA18-0564,EA18-0565,EA18-0566,EA18-0567,EA18-0568,EA18-0569,EA18-0570,EA18-0572,EA18-0573,EA18-0575,EA18-0576
	meta_fn = ../../data/tanzania.samples.meta.csv

Running ../extract_zarr_region.py at 14:14 on 11/09/2023 using machine neptune2


Script was run using the following arguments:

	zarr_folder = /home/elucas/scratch/VObs_GAARD
	study_id = 1246-VO-TZ-KABULA-VMF00185
	chrom = 2R
	region = 27084289-27118850
	output_fn = Muleba_arabiensis_Delta/2R:27101453_allele_counts.csv
	sample_names = EA18-0385,EA18-0386,EA18-0387,EA18-0388,EA18-0389,EA18-0390,EA18-0392,EA18-0394,EA18-0395,EA18-0396,EA18-0397,EA18-0398,EA18-0399,EA18-0401,EA18-0402,EA18-0403,EA18-0405,EA18-0406,EA18-0407,EA18-0408,EA18-0410,EA18-0411,EA18-0412,EA18-0414,EA18-0415,EA18-0416,EA18-0417,EA18-0418,EA18-0420,EA18-0421,EA18-0422,EA18-0424,EA18-0425,EA18-0426,EA18-0427,EA18-0428,EA18-0429,EA18-0430,EA18-0431,EA18-0432,EA18-0433,EA18-0434,EA18-0435,EA18-0436,EA18-0437,EA18-0438,EA18-0441,EA18-0442,EA18-0443,EA18-0444,EA18-0445,EA18-0446,EA18-0447,EA18-0449,EA18-0450,EA18-0451,EA18-0453,EA18-0454,EA18-0456,EA18-0457,EA18-0458,EA18-0459,EA18-0460,EA18-0461,EA18-0462,EA18-0463,EA18-0464,EA18-0465,EA18-0466,EA18-0467,EA18-0469,EA18-0470,EA18-0471,EA18-0472,EA18-0473,EA18-0474,EA18-0475,EA18-0476,EA18-0477,EA18-0479,EA18-0480,EA18-0481,EA18-0482,EA18-0483,EA18-0484,EA18-0485,EA18-0486,EA18-0487,EA18-0490,EA18-0491,EA18-0492,EA18-0493,EA18-0494,EA18-0495,EA18-0496,EA18-0497,EA18-0498,EA18-0499,EA18-0500,EA18-0501,EA18-0503,EA18-0504,EA18-0505,EA18-0506,EA18-0507,EA18-0508,EA18-0509,EA18-0510,EA18-0512,EA18-0513,EA18-0515,EA18-0517,EA18-0518,EA18-0520,EA18-0521,EA18-0522,EA18-0523,EA18-0524,EA18-0525,EA18-0526,EA18-0528,EA18-0529,EA18-0531,EA18-0532,EA18-0533,EA18-0534,EA18-0535,EA18-0536,EA18-0537,EA18-0538,EA18-0540,EA18-0542,EA18-0543,EA18-0544,EA18-0545,EA18-0546,EA18-0547,EA18-0548,EA18-0549,EA18-0550,EA18-0551,EA18-0552,EA18-0553,EA18-0554,EA18-0555,EA18-0556,EA18-0557,EA18-0558,EA18-0559,EA18-0561,EA18-0563,EA18-0564,EA18-0565,EA18-0566,EA18-0567,EA18-0568,EA18-0569,EA18-0570,EA18-0572,EA18-0573,EA18-0575,EA18-0576
	meta_fn = ../../data/tanzania.samples.meta.csv

Running ../extract_zarr_region.py at 14:14 on 11/09/2023 using machine neptune2


Script was run using the following arguments:

	zarr_folder = /home/elucas/scratch/VObs_GAARD
	study_id = 1246-VO-TZ-KABULA-VMF00185
	chrom = 2R
	region = 27098883-27134790
	output_fn = Muleba_arabiensis_Delta/2R:27116593_allele_counts.csv
	sample_names = EA18-0385,EA18-0386,EA18-0387,EA18-0388,EA18-0389,EA18-0390,EA18-0392,EA18-0394,EA18-0395,EA18-0396,EA18-0397,EA18-0398,EA18-0399,EA18-0401,EA18-0402,EA18-0403,EA18-0405,EA18-0406,EA18-0407,EA18-0408,EA18-0410,EA18-0411,EA18-0412,EA18-0414,EA18-0415,EA18-0416,EA18-0417,EA18-0418,EA18-0420,EA18-0421,EA18-0422,EA18-0424,EA18-0425,EA18-0426,EA18-0427,EA18-0428,EA18-0429,EA18-0430,EA18-0431,EA18-0432,EA18-0433,EA18-0434,EA18-0435,EA18-0436,EA18-0437,EA18-0438,EA18-0441,EA18-0442,EA18-0443,EA18-0444,EA18-0445,EA18-0446,EA18-0447,EA18-0449,EA18-0450,EA18-0451,EA18-0453,EA18-0454,EA18-0456,EA18-0457,EA18-0458,EA18-0459,EA18-0460,EA18-0461,EA18-0462,EA18-0463,EA18-0464,EA18-0465,EA18-0466,EA18-0467,EA18-0469,EA18-0470,EA18-0471,EA18-0472,EA18-0473,EA18-0474,EA18-0475,EA18-0476,EA18-0477,EA18-0479,EA18-0480,EA18-0481,EA18-0482,EA18-0483,EA18-0484,EA18-0485,EA18-0486,EA18-0487,EA18-0490,EA18-0491,EA18-0492,EA18-0493,EA18-0494,EA18-0495,EA18-0496,EA18-0497,EA18-0498,EA18-0499,EA18-0500,EA18-0501,EA18-0503,EA18-0504,EA18-0505,EA18-0506,EA18-0507,EA18-0508,EA18-0509,EA18-0510,EA18-0512,EA18-0513,EA18-0515,EA18-0517,EA18-0518,EA18-0520,EA18-0521,EA18-0522,EA18-0523,EA18-0524,EA18-0525,EA18-0526,EA18-0528,EA18-0529,EA18-0531,EA18-0532,EA18-0533,EA18-0534,EA18-0535,EA18-0536,EA18-0537,EA18-0538,EA18-0540,EA18-0542,EA18-0543,EA18-0544,EA18-0545,EA18-0546,EA18-0547,EA18-0548,EA18-0549,EA18-0550,EA18-0551,EA18-0552,EA18-0553,EA18-0554,EA18-0555,EA18-0556,EA18-0557,EA18-0558,EA18-0559,EA18-0561,EA18-0563,EA18-0564,EA18-0565,EA18-0566,EA18-0567,EA18-0568,EA18-0569,EA18-0570,EA18-0572,EA18-0573,EA18-0575,EA18-0576
	meta_fn = ../../data/tanzania.samples.meta.csv

Running ../extract_zarr_region.py at 14:14 on 11/09/2023 using machine neptune2


Script was run using the following arguments:

	zarr_folder = /home/elucas/scratch/VObs_GAARD
	study_id = 1246-VO-TZ-KABULA-VMF00185
	chrom = 2R
	region = 27114804-27153937
	output_fn = Muleba_arabiensis_Delta/2R:27134263_allele_counts.csv
	sample_names = EA18-0385,EA18-0386,EA18-0387,EA18-0388,EA18-0389,EA18-0390,EA18-0392,EA18-0394,EA18-0395,EA18-0396,EA18-0397,EA18-0398,EA18-0399,EA18-0401,EA18-0402,EA18-0403,EA18-0405,EA18-0406,EA18-0407,EA18-0408,EA18-0410,EA18-0411,EA18-0412,EA18-0414,EA18-0415,EA18-0416,EA18-0417,EA18-0418,EA18-0420,EA18-0421,EA18-0422,EA18-0424,EA18-0425,EA18-0426,EA18-0427,EA18-0428,EA18-0429,EA18-0430,EA18-0431,EA18-0432,EA18-0433,EA18-0434,EA18-0435,EA18-0436,EA18-0437,EA18-0438,EA18-0441,EA18-0442,EA18-0443,EA18-0444,EA18-0445,EA18-0446,EA18-0447,EA18-0449,EA18-0450,EA18-0451,EA18-0453,EA18-0454,EA18-0456,EA18-0457,EA18-0458,EA18-0459,EA18-0460,EA18-0461,EA18-0462,EA18-0463,EA18-0464,EA18-0465,EA18-0466,EA18-0467,EA18-0469,EA18-0470,EA18-0471,EA18-0472,EA18-0473,EA18-0474,EA18-0475,EA18-0476,EA18-0477,EA18-0479,EA18-0480,EA18-0481,EA18-0482,EA18-0483,EA18-0484,EA18-0485,EA18-0486,EA18-0487,EA18-0490,EA18-0491,EA18-0492,EA18-0493,EA18-0494,EA18-0495,EA18-0496,EA18-0497,EA18-0498,EA18-0499,EA18-0500,EA18-0501,EA18-0503,EA18-0504,EA18-0505,EA18-0506,EA18-0507,EA18-0508,EA18-0509,EA18-0510,EA18-0512,EA18-0513,EA18-0515,EA18-0517,EA18-0518,EA18-0520,EA18-0521,EA18-0522,EA18-0523,EA18-0524,EA18-0525,EA18-0526,EA18-0528,EA18-0529,EA18-0531,EA18-0532,EA18-0533,EA18-0534,EA18-0535,EA18-0536,EA18-0537,EA18-0538,EA18-0540,EA18-0542,EA18-0543,EA18-0544,EA18-0545,EA18-0546,EA18-0547,EA18-0548,EA18-0549,EA18-0550,EA18-0551,EA18-0552,EA18-0553,EA18-0554,EA18-0555,EA18-0556,EA18-0557,EA18-0558,EA18-0559,EA18-0561,EA18-0563,EA18-0564,EA18-0565,EA18-0566,EA18-0567,EA18-0568,EA18-0569,EA18-0570,EA18-0572,EA18-0573,EA18-0575,EA18-0576
	meta_fn = ../../data/tanzania.samples.meta.csv

Running ../extract_zarr_region.py at 14:14 on 11/09/2023 using machine neptune2


Script was run using the following arguments:

	zarr_folder = /home/elucas/scratch/VObs_GAARD
	study_id = 1246-VO-TZ-KABULA-VMF00185
	chrom = 2R
	region = 27169488-27205375
	output_fn = Muleba_arabiensis_Delta/2R:27187264_allele_counts.csv
	sample_names = EA18-0385,EA18-0386,EA18-0387,EA18-0388,EA18-0389,EA18-0390,EA18-0392,EA18-0394,EA18-0395,EA18-0396,EA18-0397,EA18-0398,EA18-0399,EA18-0401,EA18-0402,EA18-0403,EA18-0405,EA18-0406,EA18-0407,EA18-0408,EA18-0410,EA18-0411,EA18-0412,EA18-0414,EA18-0415,EA18-0416,EA18-0417,EA18-0418,EA18-0420,EA18-0421,EA18-0422,EA18-0424,EA18-0425,EA18-0426,EA18-0427,EA18-0428,EA18-0429,EA18-0430,EA18-0431,EA18-0432,EA18-0433,EA18-0434,EA18-0435,EA18-0436,EA18-0437,EA18-0438,EA18-0441,EA18-0442,EA18-0443,EA18-0444,EA18-0445,EA18-0446,EA18-0447,EA18-0449,EA18-0450,EA18-0451,EA18-0453,EA18-0454,EA18-0456,EA18-0457,EA18-0458,EA18-0459,EA18-0460,EA18-0461,EA18-0462,EA18-0463,EA18-0464,EA18-0465,EA18-0466,EA18-0467,EA18-0469,EA18-0470,EA18-0471,EA18-0472,EA18-0473,EA18-0474,EA18-0475,EA18-0476,EA18-0477,EA18-0479,EA18-0480,EA18-0481,EA18-0482,EA18-0483,EA18-0484,EA18-0485,EA18-0486,EA18-0487,EA18-0490,EA18-0491,EA18-0492,EA18-0493,EA18-0494,EA18-0495,EA18-0496,EA18-0497,EA18-0498,EA18-0499,EA18-0500,EA18-0501,EA18-0503,EA18-0504,EA18-0505,EA18-0506,EA18-0507,EA18-0508,EA18-0509,EA18-0510,EA18-0512,EA18-0513,EA18-0515,EA18-0517,EA18-0518,EA18-0520,EA18-0521,EA18-0522,EA18-0523,EA18-0524,EA18-0525,EA18-0526,EA18-0528,EA18-0529,EA18-0531,EA18-0532,EA18-0533,EA18-0534,EA18-0535,EA18-0536,EA18-0537,EA18-0538,EA18-0540,EA18-0542,EA18-0543,EA18-0544,EA18-0545,EA18-0546,EA18-0547,EA18-0548,EA18-0549,EA18-0550,EA18-0551,EA18-0552,EA18-0553,EA18-0554,EA18-0555,EA18-0556,EA18-0557,EA18-0558,EA18-0559,EA18-0561,EA18-0563,EA18-0564,EA18-0565,EA18-0566,EA18-0567,EA18-0568,EA18-0569,EA18-0570,EA18-0572,EA18-0573,EA18-0575,EA18-0576
	meta_fn = ../../data/tanzania.samples.meta.csv

Running ../extract_zarr_region.py at 14:14 on 11/09/2023 using machine neptune2


Script was run using the following arguments:

	zarr_folder = /home/elucas/scratch/VObs_GAARD
	study_id = 1246-VO-TZ-KABULA-VMF00185
	chrom = 2R
	region = 27185385-27220616
	output_fn = Muleba_arabiensis_Delta/2R:27202906_allele_counts.csv
	sample_names = EA18-0385,EA18-0386,EA18-0387,EA18-0388,EA18-0389,EA18-0390,EA18-0392,EA18-0394,EA18-0395,EA18-0396,EA18-0397,EA18-0398,EA18-0399,EA18-0401,EA18-0402,EA18-0403,EA18-0405,EA18-0406,EA18-0407,EA18-0408,EA18-0410,EA18-0411,EA18-0412,EA18-0414,EA18-0415,EA18-0416,EA18-0417,EA18-0418,EA18-0420,EA18-0421,EA18-0422,EA18-0424,EA18-0425,EA18-0426,EA18-0427,EA18-0428,EA18-0429,EA18-0430,EA18-0431,EA18-0432,EA18-0433,EA18-0434,EA18-0435,EA18-0436,EA18-0437,EA18-0438,EA18-0441,EA18-0442,EA18-0443,EA18-0444,EA18-0445,EA18-0446,EA18-0447,EA18-0449,EA18-0450,EA18-0451,EA18-0453,EA18-0454,EA18-0456,EA18-0457,EA18-0458,EA18-0459,EA18-0460,EA18-0461,EA18-0462,EA18-0463,EA18-0464,EA18-0465,EA18-0466,EA18-0467,EA18-0469,EA18-0470,EA18-0471,EA18-0472,EA18-0473,EA18-0474,EA18-0475,EA18-0476,EA18-0477,EA18-0479,EA18-0480,EA18-0481,EA18-0482,EA18-0483,EA18-0484,EA18-0485,EA18-0486,EA18-0487,EA18-0490,EA18-0491,EA18-0492,EA18-0493,EA18-0494,EA18-0495,EA18-0496,EA18-0497,EA18-0498,EA18-0499,EA18-0500,EA18-0501,EA18-0503,EA18-0504,EA18-0505,EA18-0506,EA18-0507,EA18-0508,EA18-0509,EA18-0510,EA18-0512,EA18-0513,EA18-0515,EA18-0517,EA18-0518,EA18-0520,EA18-0521,EA18-0522,EA18-0523,EA18-0524,EA18-0525,EA18-0526,EA18-0528,EA18-0529,EA18-0531,EA18-0532,EA18-0533,EA18-0534,EA18-0535,EA18-0536,EA18-0537,EA18-0538,EA18-0540,EA18-0542,EA18-0543,EA18-0544,EA18-0545,EA18-0546,EA18-0547,EA18-0548,EA18-0549,EA18-0550,EA18-0551,EA18-0552,EA18-0553,EA18-0554,EA18-0555,EA18-0556,EA18-0557,EA18-0558,EA18-0559,EA18-0561,EA18-0563,EA18-0564,EA18-0565,EA18-0566,EA18-0567,EA18-0568,EA18-0569,EA18-0570,EA18-0572,EA18-0573,EA18-0575,EA18-0576
	meta_fn = ../../data/tanzania.samples.meta.csv

Running ../extract_zarr_region.py at 14:14 on 11/09/2023 using machine neptune2


Script was run using the following arguments:

	zarr_folder = /home/elucas/scratch/VObs_GAARD
	study_id = 1246-VO-TZ-KABULA-VMF00185
	chrom = 2R
	region = 27200625-27236838
	output_fn = Muleba_arabiensis_Delta/2R:27218667_allele_counts.csv
	sample_names = EA18-0385,EA18-0386,EA18-0387,EA18-0388,EA18-0389,EA18-0390,EA18-0392,EA18-0394,EA18-0395,EA18-0396,EA18-0397,EA18-0398,EA18-0399,EA18-0401,EA18-0402,EA18-0403,EA18-0405,EA18-0406,EA18-0407,EA18-0408,EA18-0410,EA18-0411,EA18-0412,EA18-0414,EA18-0415,EA18-0416,EA18-0417,EA18-0418,EA18-0420,EA18-0421,EA18-0422,EA18-0424,EA18-0425,EA18-0426,EA18-0427,EA18-0428,EA18-0429,EA18-0430,EA18-0431,EA18-0432,EA18-0433,EA18-0434,EA18-0435,EA18-0436,EA18-0437,EA18-0438,EA18-0441,EA18-0442,EA18-0443,EA18-0444,EA18-0445,EA18-0446,EA18-0447,EA18-0449,EA18-0450,EA18-0451,EA18-0453,EA18-0454,EA18-0456,EA18-0457,EA18-0458,EA18-0459,EA18-0460,EA18-0461,EA18-0462,EA18-0463,EA18-0464,EA18-0465,EA18-0466,EA18-0467,EA18-0469,EA18-0470,EA18-0471,EA18-0472,EA18-0473,EA18-0474,EA18-0475,EA18-0476,EA18-0477,EA18-0479,EA18-0480,EA18-0481,EA18-0482,EA18-0483,EA18-0484,EA18-0485,EA18-0486,EA18-0487,EA18-0490,EA18-0491,EA18-0492,EA18-0493,EA18-0494,EA18-0495,EA18-0496,EA18-0497,EA18-0498,EA18-0499,EA18-0500,EA18-0501,EA18-0503,EA18-0504,EA18-0505,EA18-0506,EA18-0507,EA18-0508,EA18-0509,EA18-0510,EA18-0512,EA18-0513,EA18-0515,EA18-0517,EA18-0518,EA18-0520,EA18-0521,EA18-0522,EA18-0523,EA18-0524,EA18-0525,EA18-0526,EA18-0528,EA18-0529,EA18-0531,EA18-0532,EA18-0533,EA18-0534,EA18-0535,EA18-0536,EA18-0537,EA18-0538,EA18-0540,EA18-0542,EA18-0543,EA18-0544,EA18-0545,EA18-0546,EA18-0547,EA18-0548,EA18-0549,EA18-0550,EA18-0551,EA18-0552,EA18-0553,EA18-0554,EA18-0555,EA18-0556,EA18-0557,EA18-0558,EA18-0559,EA18-0561,EA18-0563,EA18-0564,EA18-0565,EA18-0566,EA18-0567,EA18-0568,EA18-0569,EA18-0570,EA18-0572,EA18-0573,EA18-0575,EA18-0576
	meta_fn = ../../data/tanzania.samples.meta.csv

Running ../extract_zarr_region.py at 14:14 on 11/09/2023 using machine neptune2


Script was run using the following arguments:

	zarr_folder = /home/elucas/scratch/VObs_GAARD
	study_id = 1246-VO-TZ-KABULA-VMF00185
	chrom = 2R
	region = 27233814-27271453
	output_fn = Muleba_arabiensis_Delta/2R:27252717_allele_counts.csv
	sample_names = EA18-0385,EA18-0386,EA18-0387,EA18-0388,EA18-0389,EA18-0390,EA18-0392,EA18-0394,EA18-0395,EA18-0396,EA18-0397,EA18-0398,EA18-0399,EA18-0401,EA18-0402,EA18-0403,EA18-0405,EA18-0406,EA18-0407,EA18-0408,EA18-0410,EA18-0411,EA18-0412,EA18-0414,EA18-0415,EA18-0416,EA18-0417,EA18-0418,EA18-0420,EA18-0421,EA18-0422,EA18-0424,EA18-0425,EA18-0426,EA18-0427,EA18-0428,EA18-0429,EA18-0430,EA18-0431,EA18-0432,EA18-0433,EA18-0434,EA18-0435,EA18-0436,EA18-0437,EA18-0438,EA18-0441,EA18-0442,EA18-0443,EA18-0444,EA18-0445,EA18-0446,EA18-0447,EA18-0449,EA18-0450,EA18-0451,EA18-0453,EA18-0454,EA18-0456,EA18-0457,EA18-0458,EA18-0459,EA18-0460,EA18-0461,EA18-0462,EA18-0463,EA18-0464,EA18-0465,EA18-0466,EA18-0467,EA18-0469,EA18-0470,EA18-0471,EA18-0472,EA18-0473,EA18-0474,EA18-0475,EA18-0476,EA18-0477,EA18-0479,EA18-0480,EA18-0481,EA18-0482,EA18-0483,EA18-0484,EA18-0485,EA18-0486,EA18-0487,EA18-0490,EA18-0491,EA18-0492,EA18-0493,EA18-0494,EA18-0495,EA18-0496,EA18-0497,EA18-0498,EA18-0499,EA18-0500,EA18-0501,EA18-0503,EA18-0504,EA18-0505,EA18-0506,EA18-0507,EA18-0508,EA18-0509,EA18-0510,EA18-0512,EA18-0513,EA18-0515,EA18-0517,EA18-0518,EA18-0520,EA18-0521,EA18-0522,EA18-0523,EA18-0524,EA18-0525,EA18-0526,EA18-0528,EA18-0529,EA18-0531,EA18-0532,EA18-0533,EA18-0534,EA18-0535,EA18-0536,EA18-0537,EA18-0538,EA18-0540,EA18-0542,EA18-0543,EA18-0544,EA18-0545,EA18-0546,EA18-0547,EA18-0548,EA18-0549,EA18-0550,EA18-0551,EA18-0552,EA18-0553,EA18-0554,EA18-0555,EA18-0556,EA18-0557,EA18-0558,EA18-0559,EA18-0561,EA18-0563,EA18-0564,EA18-0565,EA18-0566,EA18-0567,EA18-0568,EA18-0569,EA18-0570,EA18-0572,EA18-0573,EA18-0575,EA18-0576
	meta_fn = ../../data/tanzania.samples.meta.csv

Running ../extract_zarr_region.py at 14:14 on 11/09/2023 using machine neptune2


Script was run using the following arguments:

	zarr_folder = /home/elucas/scratch/VObs_GAARD
	study_id = 1246-VO-TZ-KABULA-VMF00185
	chrom = 2R
	region = 27366764-27404480
	output_fn = Muleba_arabiensis_Delta/2R:27385714_allele_counts.csv
	sample_names = EA18-0385,EA18-0386,EA18-0387,EA18-0388,EA18-0389,EA18-0390,EA18-0392,EA18-0394,EA18-0395,EA18-0396,EA18-0397,EA18-0398,EA18-0399,EA18-0401,EA18-0402,EA18-0403,EA18-0405,EA18-0406,EA18-0407,EA18-0408,EA18-0410,EA18-0411,EA18-0412,EA18-0414,EA18-0415,EA18-0416,EA18-0417,EA18-0418,EA18-0420,EA18-0421,EA18-0422,EA18-0424,EA18-0425,EA18-0426,EA18-0427,EA18-0428,EA18-0429,EA18-0430,EA18-0431,EA18-0432,EA18-0433,EA18-0434,EA18-0435,EA18-0436,EA18-0437,EA18-0438,EA18-0441,EA18-0442,EA18-0443,EA18-0444,EA18-0445,EA18-0446,EA18-0447,EA18-0449,EA18-0450,EA18-0451,EA18-0453,EA18-0454,EA18-0456,EA18-0457,EA18-0458,EA18-0459,EA18-0460,EA18-0461,EA18-0462,EA18-0463,EA18-0464,EA18-0465,EA18-0466,EA18-0467,EA18-0469,EA18-0470,EA18-0471,EA18-0472,EA18-0473,EA18-0474,EA18-0475,EA18-0476,EA18-0477,EA18-0479,EA18-0480,EA18-0481,EA18-0482,EA18-0483,EA18-0484,EA18-0485,EA18-0486,EA18-0487,EA18-0490,EA18-0491,EA18-0492,EA18-0493,EA18-0494,EA18-0495,EA18-0496,EA18-0497,EA18-0498,EA18-0499,EA18-0500,EA18-0501,EA18-0503,EA18-0504,EA18-0505,EA18-0506,EA18-0507,EA18-0508,EA18-0509,EA18-0510,EA18-0512,EA18-0513,EA18-0515,EA18-0517,EA18-0518,EA18-0520,EA18-0521,EA18-0522,EA18-0523,EA18-0524,EA18-0525,EA18-0526,EA18-0528,EA18-0529,EA18-0531,EA18-0532,EA18-0533,EA18-0534,EA18-0535,EA18-0536,EA18-0537,EA18-0538,EA18-0540,EA18-0542,EA18-0543,EA18-0544,EA18-0545,EA18-0546,EA18-0547,EA18-0548,EA18-0549,EA18-0550,EA18-0551,EA18-0552,EA18-0553,EA18-0554,EA18-0555,EA18-0556,EA18-0557,EA18-0558,EA18-0559,EA18-0561,EA18-0563,EA18-0564,EA18-0565,EA18-0566,EA18-0567,EA18-0568,EA18-0569,EA18-0570,EA18-0572,EA18-0573,EA18-0575,EA18-0576
	meta_fn = ../../data/tanzania.samples.meta.csv

Running ../extract_zarr_region.py at 14:14 on 11/09/2023 using machine neptune2


Script was run using the following arguments:

	zarr_folder = /home/elucas/scratch/VObs_GAARD
	study_id = 1246-VO-TZ-KABULA-VMF00185
	chrom = 2R
	region = 27840986-27892781
	output_fn = Muleba_arabiensis_Delta/2R:27867820_allele_counts.csv
	sample_names = EA18-0385,EA18-0386,EA18-0387,EA18-0388,EA18-0389,EA18-0390,EA18-0392,EA18-0394,EA18-0395,EA18-0396,EA18-0397,EA18-0398,EA18-0399,EA18-0401,EA18-0402,EA18-0403,EA18-0405,EA18-0406,EA18-0407,EA18-0408,EA18-0410,EA18-0411,EA18-0412,EA18-0414,EA18-0415,EA18-0416,EA18-0417,EA18-0418,EA18-0420,EA18-0421,EA18-0422,EA18-0424,EA18-0425,EA18-0426,EA18-0427,EA18-0428,EA18-0429,EA18-0430,EA18-0431,EA18-0432,EA18-0433,EA18-0434,EA18-0435,EA18-0436,EA18-0437,EA18-0438,EA18-0441,EA18-0442,EA18-0443,EA18-0444,EA18-0445,EA18-0446,EA18-0447,EA18-0449,EA18-0450,EA18-0451,EA18-0453,EA18-0454,EA18-0456,EA18-0457,EA18-0458,EA18-0459,EA18-0460,EA18-0461,EA18-0462,EA18-0463,EA18-0464,EA18-0465,EA18-0466,EA18-0467,EA18-0469,EA18-0470,EA18-0471,EA18-0472,EA18-0473,EA18-0474,EA18-0475,EA18-0476,EA18-0477,EA18-0479,EA18-0480,EA18-0481,EA18-0482,EA18-0483,EA18-0484,EA18-0485,EA18-0486,EA18-0487,EA18-0490,EA18-0491,EA18-0492,EA18-0493,EA18-0494,EA18-0495,EA18-0496,EA18-0497,EA18-0498,EA18-0499,EA18-0500,EA18-0501,EA18-0503,EA18-0504,EA18-0505,EA18-0506,EA18-0507,EA18-0508,EA18-0509,EA18-0510,EA18-0512,EA18-0513,EA18-0515,EA18-0517,EA18-0518,EA18-0520,EA18-0521,EA18-0522,EA18-0523,EA18-0524,EA18-0525,EA18-0526,EA18-0528,EA18-0529,EA18-0531,EA18-0532,EA18-0533,EA18-0534,EA18-0535,EA18-0536,EA18-0537,EA18-0538,EA18-0540,EA18-0542,EA18-0543,EA18-0544,EA18-0545,EA18-0546,EA18-0547,EA18-0548,EA18-0549,EA18-0550,EA18-0551,EA18-0552,EA18-0553,EA18-0554,EA18-0555,EA18-0556,EA18-0557,EA18-0558,EA18-0559,EA18-0561,EA18-0563,EA18-0564,EA18-0565,EA18-0566,EA18-0567,EA18-0568,EA18-0569,EA18-0570,EA18-0572,EA18-0573,EA18-0575,EA18-0576
	meta_fn = ../../data/tanzania.samples.meta.csv

Running ../extract_zarr_region.py at 14:14 on 11/09/2023 using machine neptune2


Script was run using the following arguments:

	zarr_folder = /home/elucas/scratch/VObs_GAARD
	study_id = 1246-VO-TZ-KABULA-VMF00185
	chrom = 2R
	region = 27948452-27992899
	output_fn = Muleba_arabiensis_Delta/2R:27971341_allele_counts.csv
	sample_names = EA18-0385,EA18-0386,EA18-0387,EA18-0388,EA18-0389,EA18-0390,EA18-0392,EA18-0394,EA18-0395,EA18-0396,EA18-0397,EA18-0398,EA18-0399,EA18-0401,EA18-0402,EA18-0403,EA18-0405,EA18-0406,EA18-0407,EA18-0408,EA18-0410,EA18-0411,EA18-0412,EA18-0414,EA18-0415,EA18-0416,EA18-0417,EA18-0418,EA18-0420,EA18-0421,EA18-0422,EA18-0424,EA18-0425,EA18-0426,EA18-0427,EA18-0428,EA18-0429,EA18-0430,EA18-0431,EA18-0432,EA18-0433,EA18-0434,EA18-0435,EA18-0436,EA18-0437,EA18-0438,EA18-0441,EA18-0442,EA18-0443,EA18-0444,EA18-0445,EA18-0446,EA18-0447,EA18-0449,EA18-0450,EA18-0451,EA18-0453,EA18-0454,EA18-0456,EA18-0457,EA18-0458,EA18-0459,EA18-0460,EA18-0461,EA18-0462,EA18-0463,EA18-0464,EA18-0465,EA18-0466,EA18-0467,EA18-0469,EA18-0470,EA18-0471,EA18-0472,EA18-0473,EA18-0474,EA18-0475,EA18-0476,EA18-0477,EA18-0479,EA18-0480,EA18-0481,EA18-0482,EA18-0483,EA18-0484,EA18-0485,EA18-0486,EA18-0487,EA18-0490,EA18-0491,EA18-0492,EA18-0493,EA18-0494,EA18-0495,EA18-0496,EA18-0497,EA18-0498,EA18-0499,EA18-0500,EA18-0501,EA18-0503,EA18-0504,EA18-0505,EA18-0506,EA18-0507,EA18-0508,EA18-0509,EA18-0510,EA18-0512,EA18-0513,EA18-0515,EA18-0517,EA18-0518,EA18-0520,EA18-0521,EA18-0522,EA18-0523,EA18-0524,EA18-0525,EA18-0526,EA18-0528,EA18-0529,EA18-0531,EA18-0532,EA18-0533,EA18-0534,EA18-0535,EA18-0536,EA18-0537,EA18-0538,EA18-0540,EA18-0542,EA18-0543,EA18-0544,EA18-0545,EA18-0546,EA18-0547,EA18-0548,EA18-0549,EA18-0550,EA18-0551,EA18-0552,EA18-0553,EA18-0554,EA18-0555,EA18-0556,EA18-0557,EA18-0558,EA18-0559,EA18-0561,EA18-0563,EA18-0564,EA18-0565,EA18-0566,EA18-0567,EA18-0568,EA18-0569,EA18-0570,EA18-0572,EA18-0573,EA18-0575,EA18-0576
	meta_fn = ../../data/tanzania.samples.meta.csv

Running ../extract_zarr_region.py at 14:14 on 11/09/2023 using machine neptune2


Script was run using the following arguments:

	zarr_folder = /home/elucas/scratch/VObs_GAARD
	study_id = 1246-VO-TZ-KABULA-VMF00185
	chrom = 2R
	region = 27972964-28014171
	output_fn = Muleba_arabiensis_Delta/2R:27994335_allele_counts.csv
	sample_names = EA18-0385,EA18-0386,EA18-0387,EA18-0388,EA18-0389,EA18-0390,EA18-0392,EA18-0394,EA18-0395,EA18-0396,EA18-0397,EA18-0398,EA18-0399,EA18-0401,EA18-0402,EA18-0403,EA18-0405,EA18-0406,EA18-0407,EA18-0408,EA18-0410,EA18-0411,EA18-0412,EA18-0414,EA18-0415,EA18-0416,EA18-0417,EA18-0418,EA18-0420,EA18-0421,EA18-0422,EA18-0424,EA18-0425,EA18-0426,EA18-0427,EA18-0428,EA18-0429,EA18-0430,EA18-0431,EA18-0432,EA18-0433,EA18-0434,EA18-0435,EA18-0436,EA18-0437,EA18-0438,EA18-0441,EA18-0442,EA18-0443,EA18-0444,EA18-0445,EA18-0446,EA18-0447,EA18-0449,EA18-0450,EA18-0451,EA18-0453,EA18-0454,EA18-0456,EA18-0457,EA18-0458,EA18-0459,EA18-0460,EA18-0461,EA18-0462,EA18-0463,EA18-0464,EA18-0465,EA18-0466,EA18-0467,EA18-0469,EA18-0470,EA18-0471,EA18-0472,EA18-0473,EA18-0474,EA18-0475,EA18-0476,EA18-0477,EA18-0479,EA18-0480,EA18-0481,EA18-0482,EA18-0483,EA18-0484,EA18-0485,EA18-0486,EA18-0487,EA18-0490,EA18-0491,EA18-0492,EA18-0493,EA18-0494,EA18-0495,EA18-0496,EA18-0497,EA18-0498,EA18-0499,EA18-0500,EA18-0501,EA18-0503,EA18-0504,EA18-0505,EA18-0506,EA18-0507,EA18-0508,EA18-0509,EA18-0510,EA18-0512,EA18-0513,EA18-0515,EA18-0517,EA18-0518,EA18-0520,EA18-0521,EA18-0522,EA18-0523,EA18-0524,EA18-0525,EA18-0526,EA18-0528,EA18-0529,EA18-0531,EA18-0532,EA18-0533,EA18-0534,EA18-0535,EA18-0536,EA18-0537,EA18-0538,EA18-0540,EA18-0542,EA18-0543,EA18-0544,EA18-0545,EA18-0546,EA18-0547,EA18-0548,EA18-0549,EA18-0550,EA18-0551,EA18-0552,EA18-0553,EA18-0554,EA18-0555,EA18-0556,EA18-0557,EA18-0558,EA18-0559,EA18-0561,EA18-0563,EA18-0564,EA18-0565,EA18-0566,EA18-0567,EA18-0568,EA18-0569,EA18-0570,EA18-0572,EA18-0573,EA18-0575,EA18-0576
	meta_fn = ../../data/tanzania.samples.meta.csv

Running ../extract_zarr_region.py at 14:14 on 11/09/2023 using machine neptune2


Script was run using the following arguments:

	zarr_folder = /home/elucas/scratch/VObs_GAARD
	study_id = 1246-VO-TZ-KABULA-VMF00185
	chrom = 2R
	region = 28015777-28057960
	output_fn = Muleba_arabiensis_Delta/2R:28037251_allele_counts.csv
	sample_names = EA18-0385,EA18-0386,EA18-0387,EA18-0388,EA18-0389,EA18-0390,EA18-0392,EA18-0394,EA18-0395,EA18-0396,EA18-0397,EA18-0398,EA18-0399,EA18-0401,EA18-0402,EA18-0403,EA18-0405,EA18-0406,EA18-0407,EA18-0408,EA18-0410,EA18-0411,EA18-0412,EA18-0414,EA18-0415,EA18-0416,EA18-0417,EA18-0418,EA18-0420,EA18-0421,EA18-0422,EA18-0424,EA18-0425,EA18-0426,EA18-0427,EA18-0428,EA18-0429,EA18-0430,EA18-0431,EA18-0432,EA18-0433,EA18-0434,EA18-0435,EA18-0436,EA18-0437,EA18-0438,EA18-0441,EA18-0442,EA18-0443,EA18-0444,EA18-0445,EA18-0446,EA18-0447,EA18-0449,EA18-0450,EA18-0451,EA18-0453,EA18-0454,EA18-0456,EA18-0457,EA18-0458,EA18-0459,EA18-0460,EA18-0461,EA18-0462,EA18-0463,EA18-0464,EA18-0465,EA18-0466,EA18-0467,EA18-0469,EA18-0470,EA18-0471,EA18-0472,EA18-0473,EA18-0474,EA18-0475,EA18-0476,EA18-0477,EA18-0479,EA18-0480,EA18-0481,EA18-0482,EA18-0483,EA18-0484,EA18-0485,EA18-0486,EA18-0487,EA18-0490,EA18-0491,EA18-0492,EA18-0493,EA18-0494,EA18-0495,EA18-0496,EA18-0497,EA18-0498,EA18-0499,EA18-0500,EA18-0501,EA18-0503,EA18-0504,EA18-0505,EA18-0506,EA18-0507,EA18-0508,EA18-0509,EA18-0510,EA18-0512,EA18-0513,EA18-0515,EA18-0517,EA18-0518,EA18-0520,EA18-0521,EA18-0522,EA18-0523,EA18-0524,EA18-0525,EA18-0526,EA18-0528,EA18-0529,EA18-0531,EA18-0532,EA18-0533,EA18-0534,EA18-0535,EA18-0536,EA18-0537,EA18-0538,EA18-0540,EA18-0542,EA18-0543,EA18-0544,EA18-0545,EA18-0546,EA18-0547,EA18-0548,EA18-0549,EA18-0550,EA18-0551,EA18-0552,EA18-0553,EA18-0554,EA18-0555,EA18-0556,EA18-0557,EA18-0558,EA18-0559,EA18-0561,EA18-0563,EA18-0564,EA18-0565,EA18-0566,EA18-0567,EA18-0568,EA18-0569,EA18-0570,EA18-0572,EA18-0573,EA18-0575,EA18-0576
	meta_fn = ../../data/tanzania.samples.meta.csv

Running ../extract_zarr_region.py at 14:14 on 11/09/2023 using machine neptune2


Script was run using the following arguments:

	zarr_folder = /home/elucas/scratch/VObs_GAARD
	study_id = 1246-VO-TZ-KABULA-VMF00185
	chrom = 2R
	region = 28037994-28089423
	output_fn = Muleba_arabiensis_Delta/2R:28061969_allele_counts.csv
	sample_names = EA18-0385,EA18-0386,EA18-0387,EA18-0388,EA18-0389,EA18-0390,EA18-0392,EA18-0394,EA18-0395,EA18-0396,EA18-0397,EA18-0398,EA18-0399,EA18-0401,EA18-0402,EA18-0403,EA18-0405,EA18-0406,EA18-0407,EA18-0408,EA18-0410,EA18-0411,EA18-0412,EA18-0414,EA18-0415,EA18-0416,EA18-0417,EA18-0418,EA18-0420,EA18-0421,EA18-0422,EA18-0424,EA18-0425,EA18-0426,EA18-0427,EA18-0428,EA18-0429,EA18-0430,EA18-0431,EA18-0432,EA18-0433,EA18-0434,EA18-0435,EA18-0436,EA18-0437,EA18-0438,EA18-0441,EA18-0442,EA18-0443,EA18-0444,EA18-0445,EA18-0446,EA18-0447,EA18-0449,EA18-0450,EA18-0451,EA18-0453,EA18-0454,EA18-0456,EA18-0457,EA18-0458,EA18-0459,EA18-0460,EA18-0461,EA18-0462,EA18-0463,EA18-0464,EA18-0465,EA18-0466,EA18-0467,EA18-0469,EA18-0470,EA18-0471,EA18-0472,EA18-0473,EA18-0474,EA18-0475,EA18-0476,EA18-0477,EA18-0479,EA18-0480,EA18-0481,EA18-0482,EA18-0483,EA18-0484,EA18-0485,EA18-0486,EA18-0487,EA18-0490,EA18-0491,EA18-0492,EA18-0493,EA18-0494,EA18-0495,EA18-0496,EA18-0497,EA18-0498,EA18-0499,EA18-0500,EA18-0501,EA18-0503,EA18-0504,EA18-0505,EA18-0506,EA18-0507,EA18-0508,EA18-0509,EA18-0510,EA18-0512,EA18-0513,EA18-0515,EA18-0517,EA18-0518,EA18-0520,EA18-0521,EA18-0522,EA18-0523,EA18-0524,EA18-0525,EA18-0526,EA18-0528,EA18-0529,EA18-0531,EA18-0532,EA18-0533,EA18-0534,EA18-0535,EA18-0536,EA18-0537,EA18-0538,EA18-0540,EA18-0542,EA18-0543,EA18-0544,EA18-0545,EA18-0546,EA18-0547,EA18-0548,EA18-0549,EA18-0550,EA18-0551,EA18-0552,EA18-0553,EA18-0554,EA18-0555,EA18-0556,EA18-0557,EA18-0558,EA18-0559,EA18-0561,EA18-0563,EA18-0564,EA18-0565,EA18-0566,EA18-0567,EA18-0568,EA18-0569,EA18-0570,EA18-0572,EA18-0573,EA18-0575,EA18-0576
	meta_fn = ../../data/tanzania.samples.meta.csv

Running ../extract_zarr_region.py at 14:14 on 11/09/2023 using machine neptune2


Script was run using the following arguments:

	zarr_folder = /home/elucas/scratch/VObs_GAARD
	study_id = 1246-VO-TZ-KABULA-VMF00185
	chrom = 2R
	region = 28100142-28166090
	output_fn = Muleba_arabiensis_Delta/2R:28128599_allele_counts.csv
	sample_names = EA18-0385,EA18-0386,EA18-0387,EA18-0388,EA18-0389,EA18-0390,EA18-0392,EA18-0394,EA18-0395,EA18-0396,EA18-0397,EA18-0398,EA18-0399,EA18-0401,EA18-0402,EA18-0403,EA18-0405,EA18-0406,EA18-0407,EA18-0408,EA18-0410,EA18-0411,EA18-0412,EA18-0414,EA18-0415,EA18-0416,EA18-0417,EA18-0418,EA18-0420,EA18-0421,EA18-0422,EA18-0424,EA18-0425,EA18-0426,EA18-0427,EA18-0428,EA18-0429,EA18-0430,EA18-0431,EA18-0432,EA18-0433,EA18-0434,EA18-0435,EA18-0436,EA18-0437,EA18-0438,EA18-0441,EA18-0442,EA18-0443,EA18-0444,EA18-0445,EA18-0446,EA18-0447,EA18-0449,EA18-0450,EA18-0451,EA18-0453,EA18-0454,EA18-0456,EA18-0457,EA18-0458,EA18-0459,EA18-0460,EA18-0461,EA18-0462,EA18-0463,EA18-0464,EA18-0465,EA18-0466,EA18-0467,EA18-0469,EA18-0470,EA18-0471,EA18-0472,EA18-0473,EA18-0474,EA18-0475,EA18-0476,EA18-0477,EA18-0479,EA18-0480,EA18-0481,EA18-0482,EA18-0483,EA18-0484,EA18-0485,EA18-0486,EA18-0487,EA18-0490,EA18-0491,EA18-0492,EA18-0493,EA18-0494,EA18-0495,EA18-0496,EA18-0497,EA18-0498,EA18-0499,EA18-0500,EA18-0501,EA18-0503,EA18-0504,EA18-0505,EA18-0506,EA18-0507,EA18-0508,EA18-0509,EA18-0510,EA18-0512,EA18-0513,EA18-0515,EA18-0517,EA18-0518,EA18-0520,EA18-0521,EA18-0522,EA18-0523,EA18-0524,EA18-0525,EA18-0526,EA18-0528,EA18-0529,EA18-0531,EA18-0532,EA18-0533,EA18-0534,EA18-0535,EA18-0536,EA18-0537,EA18-0538,EA18-0540,EA18-0542,EA18-0543,EA18-0544,EA18-0545,EA18-0546,EA18-0547,EA18-0548,EA18-0549,EA18-0550,EA18-0551,EA18-0552,EA18-0553,EA18-0554,EA18-0555,EA18-0556,EA18-0557,EA18-0558,EA18-0559,EA18-0561,EA18-0563,EA18-0564,EA18-0565,EA18-0566,EA18-0567,EA18-0568,EA18-0569,EA18-0570,EA18-0572,EA18-0573,EA18-0575,EA18-0576
	meta_fn = ../../data/tanzania.samples.meta.csv

Running ../extract_zarr_region.py at 14:14 on 11/09/2023 using machine neptune2


Script was run using the following arguments:

	zarr_folder = /home/elucas/scratch/VObs_GAARD
	study_id = 1246-VO-TZ-KABULA-VMF00185
	chrom = 2R
	region = 28174745-28229328
	output_fn = Muleba_arabiensis_Delta/2R:28200653_allele_counts.csv
	sample_names = EA18-0385,EA18-0386,EA18-0387,EA18-0388,EA18-0389,EA18-0390,EA18-0392,EA18-0394,EA18-0395,EA18-0396,EA18-0397,EA18-0398,EA18-0399,EA18-0401,EA18-0402,EA18-0403,EA18-0405,EA18-0406,EA18-0407,EA18-0408,EA18-0410,EA18-0411,EA18-0412,EA18-0414,EA18-0415,EA18-0416,EA18-0417,EA18-0418,EA18-0420,EA18-0421,EA18-0422,EA18-0424,EA18-0425,EA18-0426,EA18-0427,EA18-0428,EA18-0429,EA18-0430,EA18-0431,EA18-0432,EA18-0433,EA18-0434,EA18-0435,EA18-0436,EA18-0437,EA18-0438,EA18-0441,EA18-0442,EA18-0443,EA18-0444,EA18-0445,EA18-0446,EA18-0447,EA18-0449,EA18-0450,EA18-0451,EA18-0453,EA18-0454,EA18-0456,EA18-0457,EA18-0458,EA18-0459,EA18-0460,EA18-0461,EA18-0462,EA18-0463,EA18-0464,EA18-0465,EA18-0466,EA18-0467,EA18-0469,EA18-0470,EA18-0471,EA18-0472,EA18-0473,EA18-0474,EA18-0475,EA18-0476,EA18-0477,EA18-0479,EA18-0480,EA18-0481,EA18-0482,EA18-0483,EA18-0484,EA18-0485,EA18-0486,EA18-0487,EA18-0490,EA18-0491,EA18-0492,EA18-0493,EA18-0494,EA18-0495,EA18-0496,EA18-0497,EA18-0498,EA18-0499,EA18-0500,EA18-0501,EA18-0503,EA18-0504,EA18-0505,EA18-0506,EA18-0507,EA18-0508,EA18-0509,EA18-0510,EA18-0512,EA18-0513,EA18-0515,EA18-0517,EA18-0518,EA18-0520,EA18-0521,EA18-0522,EA18-0523,EA18-0524,EA18-0525,EA18-0526,EA18-0528,EA18-0529,EA18-0531,EA18-0532,EA18-0533,EA18-0534,EA18-0535,EA18-0536,EA18-0537,EA18-0538,EA18-0540,EA18-0542,EA18-0543,EA18-0544,EA18-0545,EA18-0546,EA18-0547,EA18-0548,EA18-0549,EA18-0550,EA18-0551,EA18-0552,EA18-0553,EA18-0554,EA18-0555,EA18-0556,EA18-0557,EA18-0558,EA18-0559,EA18-0561,EA18-0563,EA18-0564,EA18-0565,EA18-0566,EA18-0567,EA18-0568,EA18-0569,EA18-0570,EA18-0572,EA18-0573,EA18-0575,EA18-0576
	meta_fn = ../../data/tanzania.samples.meta.csv

Running ../extract_zarr_region.py at 14:14 on 11/09/2023 using machine neptune2


Script was run using the following arguments:

	zarr_folder = /home/elucas/scratch/VObs_GAARD
	study_id = 1246-VO-TZ-KABULA-VMF00185
	chrom = 2R
	region = 28209334-28255021
	output_fn = Muleba_arabiensis_Delta/2R:28232572_allele_counts.csv
	sample_names = EA18-0385,EA18-0386,EA18-0387,EA18-0388,EA18-0389,EA18-0390,EA18-0392,EA18-0394,EA18-0395,EA18-0396,EA18-0397,EA18-0398,EA18-0399,EA18-0401,EA18-0402,EA18-0403,EA18-0405,EA18-0406,EA18-0407,EA18-0408,EA18-0410,EA18-0411,EA18-0412,EA18-0414,EA18-0415,EA18-0416,EA18-0417,EA18-0418,EA18-0420,EA18-0421,EA18-0422,EA18-0424,EA18-0425,EA18-0426,EA18-0427,EA18-0428,EA18-0429,EA18-0430,EA18-0431,EA18-0432,EA18-0433,EA18-0434,EA18-0435,EA18-0436,EA18-0437,EA18-0438,EA18-0441,EA18-0442,EA18-0443,EA18-0444,EA18-0445,EA18-0446,EA18-0447,EA18-0449,EA18-0450,EA18-0451,EA18-0453,EA18-0454,EA18-0456,EA18-0457,EA18-0458,EA18-0459,EA18-0460,EA18-0461,EA18-0462,EA18-0463,EA18-0464,EA18-0465,EA18-0466,EA18-0467,EA18-0469,EA18-0470,EA18-0471,EA18-0472,EA18-0473,EA18-0474,EA18-0475,EA18-0476,EA18-0477,EA18-0479,EA18-0480,EA18-0481,EA18-0482,EA18-0483,EA18-0484,EA18-0485,EA18-0486,EA18-0487,EA18-0490,EA18-0491,EA18-0492,EA18-0493,EA18-0494,EA18-0495,EA18-0496,EA18-0497,EA18-0498,EA18-0499,EA18-0500,EA18-0501,EA18-0503,EA18-0504,EA18-0505,EA18-0506,EA18-0507,EA18-0508,EA18-0509,EA18-0510,EA18-0512,EA18-0513,EA18-0515,EA18-0517,EA18-0518,EA18-0520,EA18-0521,EA18-0522,EA18-0523,EA18-0524,EA18-0525,EA18-0526,EA18-0528,EA18-0529,EA18-0531,EA18-0532,EA18-0533,EA18-0534,EA18-0535,EA18-0536,EA18-0537,EA18-0538,EA18-0540,EA18-0542,EA18-0543,EA18-0544,EA18-0545,EA18-0546,EA18-0547,EA18-0548,EA18-0549,EA18-0550,EA18-0551,EA18-0552,EA18-0553,EA18-0554,EA18-0555,EA18-0556,EA18-0557,EA18-0558,EA18-0559,EA18-0561,EA18-0563,EA18-0564,EA18-0565,EA18-0566,EA18-0567,EA18-0568,EA18-0569,EA18-0570,EA18-0572,EA18-0573,EA18-0575,EA18-0576
	meta_fn = ../../data/tanzania.samples.meta.csv

Running ../extract_zarr_region.py at 14:14 on 11/09/2023 using machine neptune2


Script was run using the following arguments:

	zarr_folder = /home/elucas/scratch/VObs_GAARD
	study_id = 1246-VO-TZ-KABULA-VMF00185
	chrom = 2R
	region = 28310696-28360605
	output_fn = Muleba_arabiensis_Delta/2R:28335316_allele_counts.csv
	sample_names = EA18-0385,EA18-0386,EA18-0387,EA18-0388,EA18-0389,EA18-0390,EA18-0392,EA18-0394,EA18-0395,EA18-0396,EA18-0397,EA18-0398,EA18-0399,EA18-0401,EA18-0402,EA18-0403,EA18-0405,EA18-0406,EA18-0407,EA18-0408,EA18-0410,EA18-0411,EA18-0412,EA18-0414,EA18-0415,EA18-0416,EA18-0417,EA18-0418,EA18-0420,EA18-0421,EA18-0422,EA18-0424,EA18-0425,EA18-0426,EA18-0427,EA18-0428,EA18-0429,EA18-0430,EA18-0431,EA18-0432,EA18-0433,EA18-0434,EA18-0435,EA18-0436,EA18-0437,EA18-0438,EA18-0441,EA18-0442,EA18-0443,EA18-0444,EA18-0445,EA18-0446,EA18-0447,EA18-0449,EA18-0450,EA18-0451,EA18-0453,EA18-0454,EA18-0456,EA18-0457,EA18-0458,EA18-0459,EA18-0460,EA18-0461,EA18-0462,EA18-0463,EA18-0464,EA18-0465,EA18-0466,EA18-0467,EA18-0469,EA18-0470,EA18-0471,EA18-0472,EA18-0473,EA18-0474,EA18-0475,EA18-0476,EA18-0477,EA18-0479,EA18-0480,EA18-0481,EA18-0482,EA18-0483,EA18-0484,EA18-0485,EA18-0486,EA18-0487,EA18-0490,EA18-0491,EA18-0492,EA18-0493,EA18-0494,EA18-0495,EA18-0496,EA18-0497,EA18-0498,EA18-0499,EA18-0500,EA18-0501,EA18-0503,EA18-0504,EA18-0505,EA18-0506,EA18-0507,EA18-0508,EA18-0509,EA18-0510,EA18-0512,EA18-0513,EA18-0515,EA18-0517,EA18-0518,EA18-0520,EA18-0521,EA18-0522,EA18-0523,EA18-0524,EA18-0525,EA18-0526,EA18-0528,EA18-0529,EA18-0531,EA18-0532,EA18-0533,EA18-0534,EA18-0535,EA18-0536,EA18-0537,EA18-0538,EA18-0540,EA18-0542,EA18-0543,EA18-0544,EA18-0545,EA18-0546,EA18-0547,EA18-0548,EA18-0549,EA18-0550,EA18-0551,EA18-0552,EA18-0553,EA18-0554,EA18-0555,EA18-0556,EA18-0557,EA18-0558,EA18-0559,EA18-0561,EA18-0563,EA18-0564,EA18-0565,EA18-0566,EA18-0567,EA18-0568,EA18-0569,EA18-0570,EA18-0572,EA18-0573,EA18-0575,EA18-0576
	meta_fn = ../../data/tanzania.samples.meta.csv

Running ../extract_zarr_region.py at 14:15 on 11/09/2023 using machine neptune2


Script was run using the following arguments:

	zarr_folder = /home/elucas/scratch/VObs_GAARD
	study_id = 1246-VO-TZ-KABULA-VMF00185
	chrom = 2R
	region = 28340668-28394716
	output_fn = Muleba_arabiensis_Delta/2R:28366295_allele_counts.csv
	sample_names = EA18-0385,EA18-0386,EA18-0387,EA18-0388,EA18-0389,EA18-0390,EA18-0392,EA18-0394,EA18-0395,EA18-0396,EA18-0397,EA18-0398,EA18-0399,EA18-0401,EA18-0402,EA18-0403,EA18-0405,EA18-0406,EA18-0407,EA18-0408,EA18-0410,EA18-0411,EA18-0412,EA18-0414,EA18-0415,EA18-0416,EA18-0417,EA18-0418,EA18-0420,EA18-0421,EA18-0422,EA18-0424,EA18-0425,EA18-0426,EA18-0427,EA18-0428,EA18-0429,EA18-0430,EA18-0431,EA18-0432,EA18-0433,EA18-0434,EA18-0435,EA18-0436,EA18-0437,EA18-0438,EA18-0441,EA18-0442,EA18-0443,EA18-0444,EA18-0445,EA18-0446,EA18-0447,EA18-0449,EA18-0450,EA18-0451,EA18-0453,EA18-0454,EA18-0456,EA18-0457,EA18-0458,EA18-0459,EA18-0460,EA18-0461,EA18-0462,EA18-0463,EA18-0464,EA18-0465,EA18-0466,EA18-0467,EA18-0469,EA18-0470,EA18-0471,EA18-0472,EA18-0473,EA18-0474,EA18-0475,EA18-0476,EA18-0477,EA18-0479,EA18-0480,EA18-0481,EA18-0482,EA18-0483,EA18-0484,EA18-0485,EA18-0486,EA18-0487,EA18-0490,EA18-0491,EA18-0492,EA18-0493,EA18-0494,EA18-0495,EA18-0496,EA18-0497,EA18-0498,EA18-0499,EA18-0500,EA18-0501,EA18-0503,EA18-0504,EA18-0505,EA18-0506,EA18-0507,EA18-0508,EA18-0509,EA18-0510,EA18-0512,EA18-0513,EA18-0515,EA18-0517,EA18-0518,EA18-0520,EA18-0521,EA18-0522,EA18-0523,EA18-0524,EA18-0525,EA18-0526,EA18-0528,EA18-0529,EA18-0531,EA18-0532,EA18-0533,EA18-0534,EA18-0535,EA18-0536,EA18-0537,EA18-0538,EA18-0540,EA18-0542,EA18-0543,EA18-0544,EA18-0545,EA18-0546,EA18-0547,EA18-0548,EA18-0549,EA18-0550,EA18-0551,EA18-0552,EA18-0553,EA18-0554,EA18-0555,EA18-0556,EA18-0557,EA18-0558,EA18-0559,EA18-0561,EA18-0563,EA18-0564,EA18-0565,EA18-0566,EA18-0567,EA18-0568,EA18-0569,EA18-0570,EA18-0572,EA18-0573,EA18-0575,EA18-0576
	meta_fn = ../../data/tanzania.samples.meta.csv

Running ../extract_zarr_region.py at 14:15 on 11/09/2023 using machine neptune2


Script was run using the following arguments:

	zarr_folder = /home/elucas/scratch/VObs_GAARD
	study_id = 1246-VO-TZ-KABULA-VMF00185
	chrom = 2R
	region = 28406418-28475767
	output_fn = Muleba_arabiensis_Delta/2R:28439507_allele_counts.csv
	sample_names = EA18-0385,EA18-0386,EA18-0387,EA18-0388,EA18-0389,EA18-0390,EA18-0392,EA18-0394,EA18-0395,EA18-0396,EA18-0397,EA18-0398,EA18-0399,EA18-0401,EA18-0402,EA18-0403,EA18-0405,EA18-0406,EA18-0407,EA18-0408,EA18-0410,EA18-0411,EA18-0412,EA18-0414,EA18-0415,EA18-0416,EA18-0417,EA18-0418,EA18-0420,EA18-0421,EA18-0422,EA18-0424,EA18-0425,EA18-0426,EA18-0427,EA18-0428,EA18-0429,EA18-0430,EA18-0431,EA18-0432,EA18-0433,EA18-0434,EA18-0435,EA18-0436,EA18-0437,EA18-0438,EA18-0441,EA18-0442,EA18-0443,EA18-0444,EA18-0445,EA18-0446,EA18-0447,EA18-0449,EA18-0450,EA18-0451,EA18-0453,EA18-0454,EA18-0456,EA18-0457,EA18-0458,EA18-0459,EA18-0460,EA18-0461,EA18-0462,EA18-0463,EA18-0464,EA18-0465,EA18-0466,EA18-0467,EA18-0469,EA18-0470,EA18-0471,EA18-0472,EA18-0473,EA18-0474,EA18-0475,EA18-0476,EA18-0477,EA18-0479,EA18-0480,EA18-0481,EA18-0482,EA18-0483,EA18-0484,EA18-0485,EA18-0486,EA18-0487,EA18-0490,EA18-0491,EA18-0492,EA18-0493,EA18-0494,EA18-0495,EA18-0496,EA18-0497,EA18-0498,EA18-0499,EA18-0500,EA18-0501,EA18-0503,EA18-0504,EA18-0505,EA18-0506,EA18-0507,EA18-0508,EA18-0509,EA18-0510,EA18-0512,EA18-0513,EA18-0515,EA18-0517,EA18-0518,EA18-0520,EA18-0521,EA18-0522,EA18-0523,EA18-0524,EA18-0525,EA18-0526,EA18-0528,EA18-0529,EA18-0531,EA18-0532,EA18-0533,EA18-0534,EA18-0535,EA18-0536,EA18-0537,EA18-0538,EA18-0540,EA18-0542,EA18-0543,EA18-0544,EA18-0545,EA18-0546,EA18-0547,EA18-0548,EA18-0549,EA18-0550,EA18-0551,EA18-0552,EA18-0553,EA18-0554,EA18-0555,EA18-0556,EA18-0557,EA18-0558,EA18-0559,EA18-0561,EA18-0563,EA18-0564,EA18-0565,EA18-0566,EA18-0567,EA18-0568,EA18-0569,EA18-0570,EA18-0572,EA18-0573,EA18-0575,EA18-0576
	meta_fn = ../../data/tanzania.samples.meta.csv

Running ../extract_zarr_region.py at 14:15 on 11/09/2023 using machine neptune2


Script was run using the following arguments:

	zarr_folder = /home/elucas/scratch/VObs_GAARD
	study_id = 1246-VO-TZ-KABULA-VMF00185
	chrom = 2R
	region = 28593644-28639528
	output_fn = Muleba_arabiensis_Delta/2R:28616955_allele_counts.csv
	sample_names = EA18-0385,EA18-0386,EA18-0387,EA18-0388,EA18-0389,EA18-0390,EA18-0392,EA18-0394,EA18-0395,EA18-0396,EA18-0397,EA18-0398,EA18-0399,EA18-0401,EA18-0402,EA18-0403,EA18-0405,EA18-0406,EA18-0407,EA18-0408,EA18-0410,EA18-0411,EA18-0412,EA18-0414,EA18-0415,EA18-0416,EA18-0417,EA18-0418,EA18-0420,EA18-0421,EA18-0422,EA18-0424,EA18-0425,EA18-0426,EA18-0427,EA18-0428,EA18-0429,EA18-0430,EA18-0431,EA18-0432,EA18-0433,EA18-0434,EA18-0435,EA18-0436,EA18-0437,EA18-0438,EA18-0441,EA18-0442,EA18-0443,EA18-0444,EA18-0445,EA18-0446,EA18-0447,EA18-0449,EA18-0450,EA18-0451,EA18-0453,EA18-0454,EA18-0456,EA18-0457,EA18-0458,EA18-0459,EA18-0460,EA18-0461,EA18-0462,EA18-0463,EA18-0464,EA18-0465,EA18-0466,EA18-0467,EA18-0469,EA18-0470,EA18-0471,EA18-0472,EA18-0473,EA18-0474,EA18-0475,EA18-0476,EA18-0477,EA18-0479,EA18-0480,EA18-0481,EA18-0482,EA18-0483,EA18-0484,EA18-0485,EA18-0486,EA18-0487,EA18-0490,EA18-0491,EA18-0492,EA18-0493,EA18-0494,EA18-0495,EA18-0496,EA18-0497,EA18-0498,EA18-0499,EA18-0500,EA18-0501,EA18-0503,EA18-0504,EA18-0505,EA18-0506,EA18-0507,EA18-0508,EA18-0509,EA18-0510,EA18-0512,EA18-0513,EA18-0515,EA18-0517,EA18-0518,EA18-0520,EA18-0521,EA18-0522,EA18-0523,EA18-0524,EA18-0525,EA18-0526,EA18-0528,EA18-0529,EA18-0531,EA18-0532,EA18-0533,EA18-0534,EA18-0535,EA18-0536,EA18-0537,EA18-0538,EA18-0540,EA18-0542,EA18-0543,EA18-0544,EA18-0545,EA18-0546,EA18-0547,EA18-0548,EA18-0549,EA18-0550,EA18-0551,EA18-0552,EA18-0553,EA18-0554,EA18-0555,EA18-0556,EA18-0557,EA18-0558,EA18-0559,EA18-0561,EA18-0563,EA18-0564,EA18-0565,EA18-0566,EA18-0567,EA18-0568,EA18-0569,EA18-0570,EA18-0572,EA18-0573,EA18-0575,EA18-0576
	meta_fn = ../../data/tanzania.samples.meta.csv

Running snpEff on significant SNPs, using command /usr/bin/java -jar ~/software/snpEff/snpEff.jar eff Anopheles_gambiae -noStats Muleba_arabiensis_Delta/temp.vcf > Muleba_arabiensis_Delta/focal_windows.vcf .
2R:19368988.null device 2R:19709283.null device 2R:19865728.null device 
                      1                       1                       1 
2R:20325777.null device 2R:26914367.null device 2R:26935183.null device 
                      1                       1                       1 
2R:27029713.null device 2R:27071001.null device 2R:27087241.null device 
                      1                       1                       1 
2R:27101453.null device 2R:27116593.null device 2R:27134263.null device 
                      1                       1                       1 
2R:27187264.null device 2R:27202906.null device 2R:27218667.null device 
                      1                       1                       1 
2R:27252717.null device 2R:27385714.null device 2R:27867820.null device 
                      1                       1                       1 
2R:27971341.null device 2R:27994335.null device 2R:28037251.null device 
                      1                       1                       1 
2R:28061969.null device 2R:28128599.null device 2R:28200653.null device 
                      1                       1                       1 
2R:28232572.null device 2R:28335316.null device 2R:28366295.null device 
                      1                       1                       1 
2R:28439507.null device 2R:28616955.null device 
                      1                       1 
