Loading required package: Matrix
Loading required package: BiocGenerics

Attaching package: ‘BiocGenerics’

The following objects are masked from ‘package:stats’:

    IQR, mad, sd, var, xtabs

The following objects are masked from ‘package:base’:

    anyDuplicated, append, as.data.frame, basename, cbind, colnames,
    dirname, do.call, duplicated, eval, evalq, Filter, Find, get, grep,
    grepl, intersect, is.unsorted, lapply, Map, mapply, match, mget,
    order, paste, pmax, pmax.int, pmin, pmin.int, Position, rank,
    rbind, Reduce, rownames, sapply, setdiff, sort, table, tapply,
    union, unique, unsplit, which.max, which.min

Loading required package: S4Vectors
Loading required package: stats4

Attaching package: ‘S4Vectors’

The following objects are masked from ‘package:Matrix’:

    expand, unname

The following objects are masked from ‘package:data.table’:

    first, second

The following objects are masked from ‘package:base’:

    expand.grid, I, unname

Loading required package: IRanges

Attaching package: ‘IRanges’

The following object is masked from ‘package:data.table’:

    shift

Loading required package: XVector
Loading required package: GenomeInfoDb

Attaching package: ‘Biostrings’

The following object is masked from ‘package:base’:

    strsplit


Attaching package: ‘ape’

The following object is masked from ‘package:Biostrings’:

    complement

Arguments:
Moshi_arabiensis_Delta


Warning message:
In dir.create(study.pop) : 'Moshi_arabiensis_Delta' already exists
Loading SNP data from ~/data/ML/GAARD_SNP/Moshi_arabiensis_Delta/csvs/filtered_SNPs.csv.
Warning messages:
1: In `[.data.table`(all.snps, , `:=`(c(samples.to.remove), NULL)) :
  Column 'EA18-0330' does not exist to remove
2: In `[.data.table`(all.snps, , `:=`(c(samples.to.remove), NULL)) :
  Column 'EA18-0268' does not exist to remove
3: In `[.data.table`(all.snps, , `:=`(c(samples.to.remove), NULL)) :
  Column 'EA18-0195' does not exist to remove
4: In `[.data.table`(all.snps, , `:=`(c(samples.to.remove), NULL)) :
  Column 'EA18-0234' does not exist to remove
            used   (Mb) gc trigger    (Mb)   max used    (Mb)
Ncells   3852724  205.8   13949940   745.1   14684864   784.3
Vcells 216838631 1654.4 1341172558 10232.4 2076051572 15839.1
Loading phenotype data from ../../data/sample_phenotypes_EA.csv.
Running ../extract_zarr_region.py at 21:01 on 26/06/2023 using machine neptune2


Script was run using the following arguments:

	zarr_folder = /home/elucas/scratch/VObs_GAARD
	study_id = 1246-VO-TZ-KABULA-VMF00185
	chrom = 2R
	region = 30947775-30998675
	output_fn = Moshi_arabiensis_Delta/2R:30974633_allele_counts.csv
	sample_names = EA18-0001,EA18-0003,EA18-0004,EA18-0008,EA18-0012,EA18-0015,EA18-0022,EA18-0023,EA18-0026,EA18-0027,EA18-0029,EA18-0032,EA18-0033,EA18-0034,EA18-0038,EA18-0039,EA18-0043,EA18-0046,EA18-0047,EA18-0049,EA18-0051,EA18-0057,EA18-0059,EA18-0062,EA18-0064,EA18-0066,EA18-0067,EA18-0068,EA18-0069,EA18-0070,EA18-0071,EA18-0072,EA18-0073,EA18-0075,EA18-0076,EA18-0077,EA18-0078,EA18-0083,EA18-0084,EA18-0085,EA18-0086,EA18-0087,EA18-0088,EA18-0089,EA18-0090,EA18-0091,EA18-0092,EA18-0093,EA18-0094,EA18-0095,EA18-0096,EA18-0098,EA18-0099,EA18-0100,EA18-0102,EA18-0104,EA18-0106,EA18-0109,EA18-0112,EA18-0114,EA18-0115,EA18-0116,EA18-0117,EA18-0118,EA18-0119,EA18-0120,EA18-0121,EA18-0122,EA18-0123,EA18-0124,EA18-0125,EA18-0126,EA18-0127,EA18-0128,EA18-0129,EA18-0130,EA18-0131,EA18-0132,EA18-0133,EA18-0134,EA18-0135,EA18-0136,EA18-0137,EA18-0139,EA18-0140,EA18-0141,EA18-0142,EA18-0143,EA18-0144,EA18-0145,EA18-0146,EA18-0147,EA18-0148,EA18-0149,EA18-0150,EA18-0151,EA18-0153,EA18-0154,EA18-0155,EA18-0156,EA18-0157,EA18-0158,EA18-0159,EA18-0160,EA18-0161,EA18-0163,EA18-0164,EA18-0165,EA18-0166,EA18-0167,EA18-0168,EA18-0169,EA18-0170,EA18-0171,EA18-0172,EA18-0173,EA18-0174,EA18-0175,EA18-0176,EA18-0177,EA18-0178,EA18-0179,EA18-0180,EA18-0182,EA18-0183,EA18-0184,EA18-0186,EA18-0187,EA18-0189,EA18-0190,EA18-0192
	meta_fn = ../../data/tanzania.samples.meta.csv

Running snpEff on significant SNPs, using command java -jar ~/software/snpEff/snpEff.jar eff Anopheles_gambiae -noStats Moshi_arabiensis_Delta/temp.vcf > Moshi_arabiensis_Delta/focal_windows.vcf .
2R:30974633.null device 
                      1 
