Loading required package: Matrix
Loading required package: BiocGenerics

Attaching package: ‘BiocGenerics’

The following objects are masked from ‘package:stats’:

    IQR, mad, sd, var, xtabs

The following objects are masked from ‘package:base’:

    anyDuplicated, append, as.data.frame, basename, cbind, colnames,
    dirname, do.call, duplicated, eval, evalq, Filter, Find, get, grep,
    grepl, intersect, is.unsorted, lapply, Map, mapply, match, mget,
    order, paste, pmax, pmax.int, pmin, pmin.int, Position, rank,
    rbind, Reduce, rownames, sapply, setdiff, sort, table, tapply,
    union, unique, unsplit, which.max, which.min

Loading required package: S4Vectors
Loading required package: stats4

Attaching package: ‘S4Vectors’

The following objects are masked from ‘package:Matrix’:

    expand, unname

The following objects are masked from ‘package:data.table’:

    first, second

The following objects are masked from ‘package:base’:

    expand.grid, I, unname

Loading required package: IRanges

Attaching package: ‘IRanges’

The following object is masked from ‘package:data.table’:

    shift

Loading required package: XVector
Loading required package: GenomeInfoDb

Attaching package: ‘Biostrings’

The following object is masked from ‘package:base’:

    strsplit


Attaching package: ‘ape’

The following object is masked from ‘package:Biostrings’:

    complement

Arguments:
Muleba_arabiensis_Delta


Warning message:
In dir.create(study.pop) : 'Muleba_arabiensis_Delta' already exists
Loading SNP data from ~/data/ML/GAARD_SNP/Muleba_arabiensis_Delta/csvs/filtered_SNPs.csv.
Warning messages:
1: In `[.data.table`(all.snps, , `:=`(c(samples.to.remove), NULL)) :
  Column 'EA18-0330' does not exist to remove
2: In `[.data.table`(all.snps, , `:=`(c(samples.to.remove), NULL)) :
  Column 'EA18-0268' does not exist to remove
3: In `[.data.table`(all.snps, , `:=`(c(samples.to.remove), NULL)) :
  Column 'EA18-0195' does not exist to remove
4: In `[.data.table`(all.snps, , `:=`(c(samples.to.remove), NULL)) :
  Column 'EA18-0234' does not exist to remove
            used   (Mb) gc trigger    (Mb)   max used    (Mb)
Ncells   3853607  205.9   11159952   596.1   17426276   930.7
Vcells 291673579 2225.3 2321846121 17714.3 2418257552 18449.9
Loading phenotype data from ../../data/sample_phenotypes_EA.csv.
There were 19 warnings (use warnings() to see them)
Running ../extract_zarr_region.py at 21:06 on 26/06/2023 using machine neptune2


Script was run using the following arguments:

	zarr_folder = /home/elucas/scratch/VObs_GAARD
	study_id = 1246-VO-TZ-KABULA-VMF00185
	chrom = 2R
	region = 27628426-27672872
	output_fn = Muleba_arabiensis_Delta/2R:27652472_allele_counts.csv
	sample_names = EA18-0385,EA18-0386,EA18-0387,EA18-0388,EA18-0389,EA18-0390,EA18-0392,EA18-0394,EA18-0395,EA18-0396,EA18-0397,EA18-0398,EA18-0399,EA18-0401,EA18-0402,EA18-0403,EA18-0405,EA18-0406,EA18-0407,EA18-0408,EA18-0410,EA18-0411,EA18-0412,EA18-0414,EA18-0415,EA18-0416,EA18-0417,EA18-0418,EA18-0420,EA18-0421,EA18-0422,EA18-0424,EA18-0425,EA18-0426,EA18-0427,EA18-0428,EA18-0429,EA18-0430,EA18-0431,EA18-0432,EA18-0433,EA18-0434,EA18-0435,EA18-0436,EA18-0437,EA18-0438,EA18-0441,EA18-0442,EA18-0443,EA18-0444,EA18-0445,EA18-0446,EA18-0447,EA18-0449,EA18-0450,EA18-0451,EA18-0453,EA18-0454,EA18-0456,EA18-0457,EA18-0458,EA18-0459,EA18-0460,EA18-0461,EA18-0462,EA18-0463,EA18-0464,EA18-0465,EA18-0466,EA18-0467,EA18-0469,EA18-0470,EA18-0471,EA18-0472,EA18-0473,EA18-0474,EA18-0475,EA18-0476,EA18-0477,EA18-0479,EA18-0480,EA18-0481,EA18-0482,EA18-0483,EA18-0484,EA18-0485,EA18-0486,EA18-0487,EA18-0490,EA18-0491,EA18-0492,EA18-0493,EA18-0494,EA18-0495,EA18-0496,EA18-0497,EA18-0498,EA18-0499,EA18-0500,EA18-0501,EA18-0503,EA18-0504,EA18-0505,EA18-0506,EA18-0507,EA18-0508,EA18-0509,EA18-0510,EA18-0512,EA18-0513,EA18-0515,EA18-0517,EA18-0518,EA18-0520,EA18-0521,EA18-0522,EA18-0523,EA18-0524,EA18-0525,EA18-0526,EA18-0528,EA18-0529,EA18-0531,EA18-0532,EA18-0533,EA18-0534,EA18-0535,EA18-0536,EA18-0537,EA18-0538,EA18-0540,EA18-0542,EA18-0543,EA18-0544,EA18-0545,EA18-0546,EA18-0547,EA18-0548,EA18-0549,EA18-0550,EA18-0551,EA18-0552,EA18-0553,EA18-0554,EA18-0555,EA18-0556,EA18-0557,EA18-0558,EA18-0559,EA18-0561,EA18-0563,EA18-0564,EA18-0565,EA18-0566,EA18-0567,EA18-0568,EA18-0569,EA18-0570,EA18-0572,EA18-0573,EA18-0575,EA18-0576
	meta_fn = ../../data/tanzania.samples.meta.csv

Running ../extract_zarr_region.py at 21:06 on 26/06/2023 using machine neptune2


Script was run using the following arguments:

	zarr_folder = /home/elucas/scratch/VObs_GAARD
	study_id = 1246-VO-TZ-KABULA-VMF00185
	chrom = 2R
	region = 27675539-27715619
	output_fn = Muleba_arabiensis_Delta/2R:27695240_allele_counts.csv
	sample_names = EA18-0385,EA18-0386,EA18-0387,EA18-0388,EA18-0389,EA18-0390,EA18-0392,EA18-0394,EA18-0395,EA18-0396,EA18-0397,EA18-0398,EA18-0399,EA18-0401,EA18-0402,EA18-0403,EA18-0405,EA18-0406,EA18-0407,EA18-0408,EA18-0410,EA18-0411,EA18-0412,EA18-0414,EA18-0415,EA18-0416,EA18-0417,EA18-0418,EA18-0420,EA18-0421,EA18-0422,EA18-0424,EA18-0425,EA18-0426,EA18-0427,EA18-0428,EA18-0429,EA18-0430,EA18-0431,EA18-0432,EA18-0433,EA18-0434,EA18-0435,EA18-0436,EA18-0437,EA18-0438,EA18-0441,EA18-0442,EA18-0443,EA18-0444,EA18-0445,EA18-0446,EA18-0447,EA18-0449,EA18-0450,EA18-0451,EA18-0453,EA18-0454,EA18-0456,EA18-0457,EA18-0458,EA18-0459,EA18-0460,EA18-0461,EA18-0462,EA18-0463,EA18-0464,EA18-0465,EA18-0466,EA18-0467,EA18-0469,EA18-0470,EA18-0471,EA18-0472,EA18-0473,EA18-0474,EA18-0475,EA18-0476,EA18-0477,EA18-0479,EA18-0480,EA18-0481,EA18-0482,EA18-0483,EA18-0484,EA18-0485,EA18-0486,EA18-0487,EA18-0490,EA18-0491,EA18-0492,EA18-0493,EA18-0494,EA18-0495,EA18-0496,EA18-0497,EA18-0498,EA18-0499,EA18-0500,EA18-0501,EA18-0503,EA18-0504,EA18-0505,EA18-0506,EA18-0507,EA18-0508,EA18-0509,EA18-0510,EA18-0512,EA18-0513,EA18-0515,EA18-0517,EA18-0518,EA18-0520,EA18-0521,EA18-0522,EA18-0523,EA18-0524,EA18-0525,EA18-0526,EA18-0528,EA18-0529,EA18-0531,EA18-0532,EA18-0533,EA18-0534,EA18-0535,EA18-0536,EA18-0537,EA18-0538,EA18-0540,EA18-0542,EA18-0543,EA18-0544,EA18-0545,EA18-0546,EA18-0547,EA18-0548,EA18-0549,EA18-0550,EA18-0551,EA18-0552,EA18-0553,EA18-0554,EA18-0555,EA18-0556,EA18-0557,EA18-0558,EA18-0559,EA18-0561,EA18-0563,EA18-0564,EA18-0565,EA18-0566,EA18-0567,EA18-0568,EA18-0569,EA18-0570,EA18-0572,EA18-0573,EA18-0575,EA18-0576
	meta_fn = ../../data/tanzania.samples.meta.csv

Running ../extract_zarr_region.py at 21:06 on 26/06/2023 using machine neptune2


Script was run using the following arguments:

	zarr_folder = /home/elucas/scratch/VObs_GAARD
	study_id = 1246-VO-TZ-KABULA-VMF00185
	chrom = 2R
	region = 27806983-27852983
	output_fn = Muleba_arabiensis_Delta/2R:27828136_allele_counts.csv
	sample_names = EA18-0385,EA18-0386,EA18-0387,EA18-0388,EA18-0389,EA18-0390,EA18-0392,EA18-0394,EA18-0395,EA18-0396,EA18-0397,EA18-0398,EA18-0399,EA18-0401,EA18-0402,EA18-0403,EA18-0405,EA18-0406,EA18-0407,EA18-0408,EA18-0410,EA18-0411,EA18-0412,EA18-0414,EA18-0415,EA18-0416,EA18-0417,EA18-0418,EA18-0420,EA18-0421,EA18-0422,EA18-0424,EA18-0425,EA18-0426,EA18-0427,EA18-0428,EA18-0429,EA18-0430,EA18-0431,EA18-0432,EA18-0433,EA18-0434,EA18-0435,EA18-0436,EA18-0437,EA18-0438,EA18-0441,EA18-0442,EA18-0443,EA18-0444,EA18-0445,EA18-0446,EA18-0447,EA18-0449,EA18-0450,EA18-0451,EA18-0453,EA18-0454,EA18-0456,EA18-0457,EA18-0458,EA18-0459,EA18-0460,EA18-0461,EA18-0462,EA18-0463,EA18-0464,EA18-0465,EA18-0466,EA18-0467,EA18-0469,EA18-0470,EA18-0471,EA18-0472,EA18-0473,EA18-0474,EA18-0475,EA18-0476,EA18-0477,EA18-0479,EA18-0480,EA18-0481,EA18-0482,EA18-0483,EA18-0484,EA18-0485,EA18-0486,EA18-0487,EA18-0490,EA18-0491,EA18-0492,EA18-0493,EA18-0494,EA18-0495,EA18-0496,EA18-0497,EA18-0498,EA18-0499,EA18-0500,EA18-0501,EA18-0503,EA18-0504,EA18-0505,EA18-0506,EA18-0507,EA18-0508,EA18-0509,EA18-0510,EA18-0512,EA18-0513,EA18-0515,EA18-0517,EA18-0518,EA18-0520,EA18-0521,EA18-0522,EA18-0523,EA18-0524,EA18-0525,EA18-0526,EA18-0528,EA18-0529,EA18-0531,EA18-0532,EA18-0533,EA18-0534,EA18-0535,EA18-0536,EA18-0537,EA18-0538,EA18-0540,EA18-0542,EA18-0543,EA18-0544,EA18-0545,EA18-0546,EA18-0547,EA18-0548,EA18-0549,EA18-0550,EA18-0551,EA18-0552,EA18-0553,EA18-0554,EA18-0555,EA18-0556,EA18-0557,EA18-0558,EA18-0559,EA18-0561,EA18-0563,EA18-0564,EA18-0565,EA18-0566,EA18-0567,EA18-0568,EA18-0569,EA18-0570,EA18-0572,EA18-0573,EA18-0575,EA18-0576
	meta_fn = ../../data/tanzania.samples.meta.csv

Running ../extract_zarr_region.py at 21:06 on 26/06/2023 using machine neptune2


Script was run using the following arguments:

	zarr_folder = /home/elucas/scratch/VObs_GAARD
	study_id = 1246-VO-TZ-KABULA-VMF00185
	chrom = 2R
	region = 27832983-27891640
	output_fn = Muleba_arabiensis_Delta/2R:27862280_allele_counts.csv
	sample_names = EA18-0385,EA18-0386,EA18-0387,EA18-0388,EA18-0389,EA18-0390,EA18-0392,EA18-0394,EA18-0395,EA18-0396,EA18-0397,EA18-0398,EA18-0399,EA18-0401,EA18-0402,EA18-0403,EA18-0405,EA18-0406,EA18-0407,EA18-0408,EA18-0410,EA18-0411,EA18-0412,EA18-0414,EA18-0415,EA18-0416,EA18-0417,EA18-0418,EA18-0420,EA18-0421,EA18-0422,EA18-0424,EA18-0425,EA18-0426,EA18-0427,EA18-0428,EA18-0429,EA18-0430,EA18-0431,EA18-0432,EA18-0433,EA18-0434,EA18-0435,EA18-0436,EA18-0437,EA18-0438,EA18-0441,EA18-0442,EA18-0443,EA18-0444,EA18-0445,EA18-0446,EA18-0447,EA18-0449,EA18-0450,EA18-0451,EA18-0453,EA18-0454,EA18-0456,EA18-0457,EA18-0458,EA18-0459,EA18-0460,EA18-0461,EA18-0462,EA18-0463,EA18-0464,EA18-0465,EA18-0466,EA18-0467,EA18-0469,EA18-0470,EA18-0471,EA18-0472,EA18-0473,EA18-0474,EA18-0475,EA18-0476,EA18-0477,EA18-0479,EA18-0480,EA18-0481,EA18-0482,EA18-0483,EA18-0484,EA18-0485,EA18-0486,EA18-0487,EA18-0490,EA18-0491,EA18-0492,EA18-0493,EA18-0494,EA18-0495,EA18-0496,EA18-0497,EA18-0498,EA18-0499,EA18-0500,EA18-0501,EA18-0503,EA18-0504,EA18-0505,EA18-0506,EA18-0507,EA18-0508,EA18-0509,EA18-0510,EA18-0512,EA18-0513,EA18-0515,EA18-0517,EA18-0518,EA18-0520,EA18-0521,EA18-0522,EA18-0523,EA18-0524,EA18-0525,EA18-0526,EA18-0528,EA18-0529,EA18-0531,EA18-0532,EA18-0533,EA18-0534,EA18-0535,EA18-0536,EA18-0537,EA18-0538,EA18-0540,EA18-0542,EA18-0543,EA18-0544,EA18-0545,EA18-0546,EA18-0547,EA18-0548,EA18-0549,EA18-0550,EA18-0551,EA18-0552,EA18-0553,EA18-0554,EA18-0555,EA18-0556,EA18-0557,EA18-0558,EA18-0559,EA18-0561,EA18-0563,EA18-0564,EA18-0565,EA18-0566,EA18-0567,EA18-0568,EA18-0569,EA18-0570,EA18-0572,EA18-0573,EA18-0575,EA18-0576
	meta_fn = ../../data/tanzania.samples.meta.csv

Running ../extract_zarr_region.py at 21:06 on 26/06/2023 using machine neptune2


Script was run using the following arguments:

	zarr_folder = /home/elucas/scratch/VObs_GAARD
	study_id = 1246-VO-TZ-KABULA-VMF00185
	chrom = 2R
	region = 27871639-27924408
	output_fn = Muleba_arabiensis_Delta/2R:27897143_allele_counts.csv
	sample_names = EA18-0385,EA18-0386,EA18-0387,EA18-0388,EA18-0389,EA18-0390,EA18-0392,EA18-0394,EA18-0395,EA18-0396,EA18-0397,EA18-0398,EA18-0399,EA18-0401,EA18-0402,EA18-0403,EA18-0405,EA18-0406,EA18-0407,EA18-0408,EA18-0410,EA18-0411,EA18-0412,EA18-0414,EA18-0415,EA18-0416,EA18-0417,EA18-0418,EA18-0420,EA18-0421,EA18-0422,EA18-0424,EA18-0425,EA18-0426,EA18-0427,EA18-0428,EA18-0429,EA18-0430,EA18-0431,EA18-0432,EA18-0433,EA18-0434,EA18-0435,EA18-0436,EA18-0437,EA18-0438,EA18-0441,EA18-0442,EA18-0443,EA18-0444,EA18-0445,EA18-0446,EA18-0447,EA18-0449,EA18-0450,EA18-0451,EA18-0453,EA18-0454,EA18-0456,EA18-0457,EA18-0458,EA18-0459,EA18-0460,EA18-0461,EA18-0462,EA18-0463,EA18-0464,EA18-0465,EA18-0466,EA18-0467,EA18-0469,EA18-0470,EA18-0471,EA18-0472,EA18-0473,EA18-0474,EA18-0475,EA18-0476,EA18-0477,EA18-0479,EA18-0480,EA18-0481,EA18-0482,EA18-0483,EA18-0484,EA18-0485,EA18-0486,EA18-0487,EA18-0490,EA18-0491,EA18-0492,EA18-0493,EA18-0494,EA18-0495,EA18-0496,EA18-0497,EA18-0498,EA18-0499,EA18-0500,EA18-0501,EA18-0503,EA18-0504,EA18-0505,EA18-0506,EA18-0507,EA18-0508,EA18-0509,EA18-0510,EA18-0512,EA18-0513,EA18-0515,EA18-0517,EA18-0518,EA18-0520,EA18-0521,EA18-0522,EA18-0523,EA18-0524,EA18-0525,EA18-0526,EA18-0528,EA18-0529,EA18-0531,EA18-0532,EA18-0533,EA18-0534,EA18-0535,EA18-0536,EA18-0537,EA18-0538,EA18-0540,EA18-0542,EA18-0543,EA18-0544,EA18-0545,EA18-0546,EA18-0547,EA18-0548,EA18-0549,EA18-0550,EA18-0551,EA18-0552,EA18-0553,EA18-0554,EA18-0555,EA18-0556,EA18-0557,EA18-0558,EA18-0559,EA18-0561,EA18-0563,EA18-0564,EA18-0565,EA18-0566,EA18-0567,EA18-0568,EA18-0569,EA18-0570,EA18-0572,EA18-0573,EA18-0575,EA18-0576
	meta_fn = ../../data/tanzania.samples.meta.csv

Running ../extract_zarr_region.py at 21:06 on 26/06/2023 using machine neptune2


Script was run using the following arguments:

	zarr_folder = /home/elucas/scratch/VObs_GAARD
	study_id = 1246-VO-TZ-KABULA-VMF00185
	chrom = 2R
	region = 27904407-27950942
	output_fn = Muleba_arabiensis_Delta/2R:27927724_allele_counts.csv
	sample_names = EA18-0385,EA18-0386,EA18-0387,EA18-0388,EA18-0389,EA18-0390,EA18-0392,EA18-0394,EA18-0395,EA18-0396,EA18-0397,EA18-0398,EA18-0399,EA18-0401,EA18-0402,EA18-0403,EA18-0405,EA18-0406,EA18-0407,EA18-0408,EA18-0410,EA18-0411,EA18-0412,EA18-0414,EA18-0415,EA18-0416,EA18-0417,EA18-0418,EA18-0420,EA18-0421,EA18-0422,EA18-0424,EA18-0425,EA18-0426,EA18-0427,EA18-0428,EA18-0429,EA18-0430,EA18-0431,EA18-0432,EA18-0433,EA18-0434,EA18-0435,EA18-0436,EA18-0437,EA18-0438,EA18-0441,EA18-0442,EA18-0443,EA18-0444,EA18-0445,EA18-0446,EA18-0447,EA18-0449,EA18-0450,EA18-0451,EA18-0453,EA18-0454,EA18-0456,EA18-0457,EA18-0458,EA18-0459,EA18-0460,EA18-0461,EA18-0462,EA18-0463,EA18-0464,EA18-0465,EA18-0466,EA18-0467,EA18-0469,EA18-0470,EA18-0471,EA18-0472,EA18-0473,EA18-0474,EA18-0475,EA18-0476,EA18-0477,EA18-0479,EA18-0480,EA18-0481,EA18-0482,EA18-0483,EA18-0484,EA18-0485,EA18-0486,EA18-0487,EA18-0490,EA18-0491,EA18-0492,EA18-0493,EA18-0494,EA18-0495,EA18-0496,EA18-0497,EA18-0498,EA18-0499,EA18-0500,EA18-0501,EA18-0503,EA18-0504,EA18-0505,EA18-0506,EA18-0507,EA18-0508,EA18-0509,EA18-0510,EA18-0512,EA18-0513,EA18-0515,EA18-0517,EA18-0518,EA18-0520,EA18-0521,EA18-0522,EA18-0523,EA18-0524,EA18-0525,EA18-0526,EA18-0528,EA18-0529,EA18-0531,EA18-0532,EA18-0533,EA18-0534,EA18-0535,EA18-0536,EA18-0537,EA18-0538,EA18-0540,EA18-0542,EA18-0543,EA18-0544,EA18-0545,EA18-0546,EA18-0547,EA18-0548,EA18-0549,EA18-0550,EA18-0551,EA18-0552,EA18-0553,EA18-0554,EA18-0555,EA18-0556,EA18-0557,EA18-0558,EA18-0559,EA18-0561,EA18-0563,EA18-0564,EA18-0565,EA18-0566,EA18-0567,EA18-0568,EA18-0569,EA18-0570,EA18-0572,EA18-0573,EA18-0575,EA18-0576
	meta_fn = ../../data/tanzania.samples.meta.csv

Running ../extract_zarr_region.py at 21:06 on 26/06/2023 using machine neptune2


Script was run using the following arguments:

	zarr_folder = /home/elucas/scratch/VObs_GAARD
	study_id = 1246-VO-TZ-KABULA-VMF00185
	chrom = 2R
	region = 28043952-28103398
	output_fn = Muleba_arabiensis_Delta/2R:28074955_allele_counts.csv
	sample_names = EA18-0385,EA18-0386,EA18-0387,EA18-0388,EA18-0389,EA18-0390,EA18-0392,EA18-0394,EA18-0395,EA18-0396,EA18-0397,EA18-0398,EA18-0399,EA18-0401,EA18-0402,EA18-0403,EA18-0405,EA18-0406,EA18-0407,EA18-0408,EA18-0410,EA18-0411,EA18-0412,EA18-0414,EA18-0415,EA18-0416,EA18-0417,EA18-0418,EA18-0420,EA18-0421,EA18-0422,EA18-0424,EA18-0425,EA18-0426,EA18-0427,EA18-0428,EA18-0429,EA18-0430,EA18-0431,EA18-0432,EA18-0433,EA18-0434,EA18-0435,EA18-0436,EA18-0437,EA18-0438,EA18-0441,EA18-0442,EA18-0443,EA18-0444,EA18-0445,EA18-0446,EA18-0447,EA18-0449,EA18-0450,EA18-0451,EA18-0453,EA18-0454,EA18-0456,EA18-0457,EA18-0458,EA18-0459,EA18-0460,EA18-0461,EA18-0462,EA18-0463,EA18-0464,EA18-0465,EA18-0466,EA18-0467,EA18-0469,EA18-0470,EA18-0471,EA18-0472,EA18-0473,EA18-0474,EA18-0475,EA18-0476,EA18-0477,EA18-0479,EA18-0480,EA18-0481,EA18-0482,EA18-0483,EA18-0484,EA18-0485,EA18-0486,EA18-0487,EA18-0490,EA18-0491,EA18-0492,EA18-0493,EA18-0494,EA18-0495,EA18-0496,EA18-0497,EA18-0498,EA18-0499,EA18-0500,EA18-0501,EA18-0503,EA18-0504,EA18-0505,EA18-0506,EA18-0507,EA18-0508,EA18-0509,EA18-0510,EA18-0512,EA18-0513,EA18-0515,EA18-0517,EA18-0518,EA18-0520,EA18-0521,EA18-0522,EA18-0523,EA18-0524,EA18-0525,EA18-0526,EA18-0528,EA18-0529,EA18-0531,EA18-0532,EA18-0533,EA18-0534,EA18-0535,EA18-0536,EA18-0537,EA18-0538,EA18-0540,EA18-0542,EA18-0543,EA18-0544,EA18-0545,EA18-0546,EA18-0547,EA18-0548,EA18-0549,EA18-0550,EA18-0551,EA18-0552,EA18-0553,EA18-0554,EA18-0555,EA18-0556,EA18-0557,EA18-0558,EA18-0559,EA18-0561,EA18-0563,EA18-0564,EA18-0565,EA18-0566,EA18-0567,EA18-0568,EA18-0569,EA18-0570,EA18-0572,EA18-0573,EA18-0575,EA18-0576
	meta_fn = ../../data/tanzania.samples.meta.csv

Running ../extract_zarr_region.py at 21:06 on 26/06/2023 using machine neptune2


Script was run using the following arguments:

	zarr_folder = /home/elucas/scratch/VObs_GAARD
	study_id = 1246-VO-TZ-KABULA-VMF00185
	chrom = 2R
	region = 28083397-28153756
	output_fn = Muleba_arabiensis_Delta/2R:28113890_allele_counts.csv
	sample_names = EA18-0385,EA18-0386,EA18-0387,EA18-0388,EA18-0389,EA18-0390,EA18-0392,EA18-0394,EA18-0395,EA18-0396,EA18-0397,EA18-0398,EA18-0399,EA18-0401,EA18-0402,EA18-0403,EA18-0405,EA18-0406,EA18-0407,EA18-0408,EA18-0410,EA18-0411,EA18-0412,EA18-0414,EA18-0415,EA18-0416,EA18-0417,EA18-0418,EA18-0420,EA18-0421,EA18-0422,EA18-0424,EA18-0425,EA18-0426,EA18-0427,EA18-0428,EA18-0429,EA18-0430,EA18-0431,EA18-0432,EA18-0433,EA18-0434,EA18-0435,EA18-0436,EA18-0437,EA18-0438,EA18-0441,EA18-0442,EA18-0443,EA18-0444,EA18-0445,EA18-0446,EA18-0447,EA18-0449,EA18-0450,EA18-0451,EA18-0453,EA18-0454,EA18-0456,EA18-0457,EA18-0458,EA18-0459,EA18-0460,EA18-0461,EA18-0462,EA18-0463,EA18-0464,EA18-0465,EA18-0466,EA18-0467,EA18-0469,EA18-0470,EA18-0471,EA18-0472,EA18-0473,EA18-0474,EA18-0475,EA18-0476,EA18-0477,EA18-0479,EA18-0480,EA18-0481,EA18-0482,EA18-0483,EA18-0484,EA18-0485,EA18-0486,EA18-0487,EA18-0490,EA18-0491,EA18-0492,EA18-0493,EA18-0494,EA18-0495,EA18-0496,EA18-0497,EA18-0498,EA18-0499,EA18-0500,EA18-0501,EA18-0503,EA18-0504,EA18-0505,EA18-0506,EA18-0507,EA18-0508,EA18-0509,EA18-0510,EA18-0512,EA18-0513,EA18-0515,EA18-0517,EA18-0518,EA18-0520,EA18-0521,EA18-0522,EA18-0523,EA18-0524,EA18-0525,EA18-0526,EA18-0528,EA18-0529,EA18-0531,EA18-0532,EA18-0533,EA18-0534,EA18-0535,EA18-0536,EA18-0537,EA18-0538,EA18-0540,EA18-0542,EA18-0543,EA18-0544,EA18-0545,EA18-0546,EA18-0547,EA18-0548,EA18-0549,EA18-0550,EA18-0551,EA18-0552,EA18-0553,EA18-0554,EA18-0555,EA18-0556,EA18-0557,EA18-0558,EA18-0559,EA18-0561,EA18-0563,EA18-0564,EA18-0565,EA18-0566,EA18-0567,EA18-0568,EA18-0569,EA18-0570,EA18-0572,EA18-0573,EA18-0575,EA18-0576
	meta_fn = ../../data/tanzania.samples.meta.csv

Running ../extract_zarr_region.py at 21:06 on 26/06/2023 using machine neptune2


Script was run using the following arguments:

	zarr_folder = /home/elucas/scratch/VObs_GAARD
	study_id = 1246-VO-TZ-KABULA-VMF00185
	chrom = 2R
	region = 28133756-28194032
	output_fn = Muleba_arabiensis_Delta/2R:28166858_allele_counts.csv
	sample_names = EA18-0385,EA18-0386,EA18-0387,EA18-0388,EA18-0389,EA18-0390,EA18-0392,EA18-0394,EA18-0395,EA18-0396,EA18-0397,EA18-0398,EA18-0399,EA18-0401,EA18-0402,EA18-0403,EA18-0405,EA18-0406,EA18-0407,EA18-0408,EA18-0410,EA18-0411,EA18-0412,EA18-0414,EA18-0415,EA18-0416,EA18-0417,EA18-0418,EA18-0420,EA18-0421,EA18-0422,EA18-0424,EA18-0425,EA18-0426,EA18-0427,EA18-0428,EA18-0429,EA18-0430,EA18-0431,EA18-0432,EA18-0433,EA18-0434,EA18-0435,EA18-0436,EA18-0437,EA18-0438,EA18-0441,EA18-0442,EA18-0443,EA18-0444,EA18-0445,EA18-0446,EA18-0447,EA18-0449,EA18-0450,EA18-0451,EA18-0453,EA18-0454,EA18-0456,EA18-0457,EA18-0458,EA18-0459,EA18-0460,EA18-0461,EA18-0462,EA18-0463,EA18-0464,EA18-0465,EA18-0466,EA18-0467,EA18-0469,EA18-0470,EA18-0471,EA18-0472,EA18-0473,EA18-0474,EA18-0475,EA18-0476,EA18-0477,EA18-0479,EA18-0480,EA18-0481,EA18-0482,EA18-0483,EA18-0484,EA18-0485,EA18-0486,EA18-0487,EA18-0490,EA18-0491,EA18-0492,EA18-0493,EA18-0494,EA18-0495,EA18-0496,EA18-0497,EA18-0498,EA18-0499,EA18-0500,EA18-0501,EA18-0503,EA18-0504,EA18-0505,EA18-0506,EA18-0507,EA18-0508,EA18-0509,EA18-0510,EA18-0512,EA18-0513,EA18-0515,EA18-0517,EA18-0518,EA18-0520,EA18-0521,EA18-0522,EA18-0523,EA18-0524,EA18-0525,EA18-0526,EA18-0528,EA18-0529,EA18-0531,EA18-0532,EA18-0533,EA18-0534,EA18-0535,EA18-0536,EA18-0537,EA18-0538,EA18-0540,EA18-0542,EA18-0543,EA18-0544,EA18-0545,EA18-0546,EA18-0547,EA18-0548,EA18-0549,EA18-0550,EA18-0551,EA18-0552,EA18-0553,EA18-0554,EA18-0555,EA18-0556,EA18-0557,EA18-0558,EA18-0559,EA18-0561,EA18-0563,EA18-0564,EA18-0565,EA18-0566,EA18-0567,EA18-0568,EA18-0569,EA18-0570,EA18-0572,EA18-0573,EA18-0575,EA18-0576
	meta_fn = ../../data/tanzania.samples.meta.csv

Running ../extract_zarr_region.py at 21:06 on 26/06/2023 using machine neptune2


Script was run using the following arguments:

	zarr_folder = /home/elucas/scratch/VObs_GAARD
	study_id = 1246-VO-TZ-KABULA-VMF00185
	chrom = 2R
	region = 28174031-28238003
	output_fn = Muleba_arabiensis_Delta/2R:28205313_allele_counts.csv
	sample_names = EA18-0385,EA18-0386,EA18-0387,EA18-0388,EA18-0389,EA18-0390,EA18-0392,EA18-0394,EA18-0395,EA18-0396,EA18-0397,EA18-0398,EA18-0399,EA18-0401,EA18-0402,EA18-0403,EA18-0405,EA18-0406,EA18-0407,EA18-0408,EA18-0410,EA18-0411,EA18-0412,EA18-0414,EA18-0415,EA18-0416,EA18-0417,EA18-0418,EA18-0420,EA18-0421,EA18-0422,EA18-0424,EA18-0425,EA18-0426,EA18-0427,EA18-0428,EA18-0429,EA18-0430,EA18-0431,EA18-0432,EA18-0433,EA18-0434,EA18-0435,EA18-0436,EA18-0437,EA18-0438,EA18-0441,EA18-0442,EA18-0443,EA18-0444,EA18-0445,EA18-0446,EA18-0447,EA18-0449,EA18-0450,EA18-0451,EA18-0453,EA18-0454,EA18-0456,EA18-0457,EA18-0458,EA18-0459,EA18-0460,EA18-0461,EA18-0462,EA18-0463,EA18-0464,EA18-0465,EA18-0466,EA18-0467,EA18-0469,EA18-0470,EA18-0471,EA18-0472,EA18-0473,EA18-0474,EA18-0475,EA18-0476,EA18-0477,EA18-0479,EA18-0480,EA18-0481,EA18-0482,EA18-0483,EA18-0484,EA18-0485,EA18-0486,EA18-0487,EA18-0490,EA18-0491,EA18-0492,EA18-0493,EA18-0494,EA18-0495,EA18-0496,EA18-0497,EA18-0498,EA18-0499,EA18-0500,EA18-0501,EA18-0503,EA18-0504,EA18-0505,EA18-0506,EA18-0507,EA18-0508,EA18-0509,EA18-0510,EA18-0512,EA18-0513,EA18-0515,EA18-0517,EA18-0518,EA18-0520,EA18-0521,EA18-0522,EA18-0523,EA18-0524,EA18-0525,EA18-0526,EA18-0528,EA18-0529,EA18-0531,EA18-0532,EA18-0533,EA18-0534,EA18-0535,EA18-0536,EA18-0537,EA18-0538,EA18-0540,EA18-0542,EA18-0543,EA18-0544,EA18-0545,EA18-0546,EA18-0547,EA18-0548,EA18-0549,EA18-0550,EA18-0551,EA18-0552,EA18-0553,EA18-0554,EA18-0555,EA18-0556,EA18-0557,EA18-0558,EA18-0559,EA18-0561,EA18-0563,EA18-0564,EA18-0565,EA18-0566,EA18-0567,EA18-0568,EA18-0569,EA18-0570,EA18-0572,EA18-0573,EA18-0575,EA18-0576
	meta_fn = ../../data/tanzania.samples.meta.csv

Running ../extract_zarr_region.py at 21:06 on 26/06/2023 using machine neptune2


Script was run using the following arguments:

	zarr_folder = /home/elucas/scratch/VObs_GAARD
	study_id = 1246-VO-TZ-KABULA-VMF00185
	chrom = 2R
	region = 28218002-28269252
	output_fn = Muleba_arabiensis_Delta/2R:28244706_allele_counts.csv
	sample_names = EA18-0385,EA18-0386,EA18-0387,EA18-0388,EA18-0389,EA18-0390,EA18-0392,EA18-0394,EA18-0395,EA18-0396,EA18-0397,EA18-0398,EA18-0399,EA18-0401,EA18-0402,EA18-0403,EA18-0405,EA18-0406,EA18-0407,EA18-0408,EA18-0410,EA18-0411,EA18-0412,EA18-0414,EA18-0415,EA18-0416,EA18-0417,EA18-0418,EA18-0420,EA18-0421,EA18-0422,EA18-0424,EA18-0425,EA18-0426,EA18-0427,EA18-0428,EA18-0429,EA18-0430,EA18-0431,EA18-0432,EA18-0433,EA18-0434,EA18-0435,EA18-0436,EA18-0437,EA18-0438,EA18-0441,EA18-0442,EA18-0443,EA18-0444,EA18-0445,EA18-0446,EA18-0447,EA18-0449,EA18-0450,EA18-0451,EA18-0453,EA18-0454,EA18-0456,EA18-0457,EA18-0458,EA18-0459,EA18-0460,EA18-0461,EA18-0462,EA18-0463,EA18-0464,EA18-0465,EA18-0466,EA18-0467,EA18-0469,EA18-0470,EA18-0471,EA18-0472,EA18-0473,EA18-0474,EA18-0475,EA18-0476,EA18-0477,EA18-0479,EA18-0480,EA18-0481,EA18-0482,EA18-0483,EA18-0484,EA18-0485,EA18-0486,EA18-0487,EA18-0490,EA18-0491,EA18-0492,EA18-0493,EA18-0494,EA18-0495,EA18-0496,EA18-0497,EA18-0498,EA18-0499,EA18-0500,EA18-0501,EA18-0503,EA18-0504,EA18-0505,EA18-0506,EA18-0507,EA18-0508,EA18-0509,EA18-0510,EA18-0512,EA18-0513,EA18-0515,EA18-0517,EA18-0518,EA18-0520,EA18-0521,EA18-0522,EA18-0523,EA18-0524,EA18-0525,EA18-0526,EA18-0528,EA18-0529,EA18-0531,EA18-0532,EA18-0533,EA18-0534,EA18-0535,EA18-0536,EA18-0537,EA18-0538,EA18-0540,EA18-0542,EA18-0543,EA18-0544,EA18-0545,EA18-0546,EA18-0547,EA18-0548,EA18-0549,EA18-0550,EA18-0551,EA18-0552,EA18-0553,EA18-0554,EA18-0555,EA18-0556,EA18-0557,EA18-0558,EA18-0559,EA18-0561,EA18-0563,EA18-0564,EA18-0565,EA18-0566,EA18-0567,EA18-0568,EA18-0569,EA18-0570,EA18-0572,EA18-0573,EA18-0575,EA18-0576
	meta_fn = ../../data/tanzania.samples.meta.csv

Running ../extract_zarr_region.py at 21:07 on 26/06/2023 using machine neptune2


Script was run using the following arguments:

	zarr_folder = /home/elucas/scratch/VObs_GAARD
	study_id = 1246-VO-TZ-KABULA-VMF00185
	chrom = 2R
	region = 28249251-28296905
	output_fn = Muleba_arabiensis_Delta/2R:28271570_allele_counts.csv
	sample_names = EA18-0385,EA18-0386,EA18-0387,EA18-0388,EA18-0389,EA18-0390,EA18-0392,EA18-0394,EA18-0395,EA18-0396,EA18-0397,EA18-0398,EA18-0399,EA18-0401,EA18-0402,EA18-0403,EA18-0405,EA18-0406,EA18-0407,EA18-0408,EA18-0410,EA18-0411,EA18-0412,EA18-0414,EA18-0415,EA18-0416,EA18-0417,EA18-0418,EA18-0420,EA18-0421,EA18-0422,EA18-0424,EA18-0425,EA18-0426,EA18-0427,EA18-0428,EA18-0429,EA18-0430,EA18-0431,EA18-0432,EA18-0433,EA18-0434,EA18-0435,EA18-0436,EA18-0437,EA18-0438,EA18-0441,EA18-0442,EA18-0443,EA18-0444,EA18-0445,EA18-0446,EA18-0447,EA18-0449,EA18-0450,EA18-0451,EA18-0453,EA18-0454,EA18-0456,EA18-0457,EA18-0458,EA18-0459,EA18-0460,EA18-0461,EA18-0462,EA18-0463,EA18-0464,EA18-0465,EA18-0466,EA18-0467,EA18-0469,EA18-0470,EA18-0471,EA18-0472,EA18-0473,EA18-0474,EA18-0475,EA18-0476,EA18-0477,EA18-0479,EA18-0480,EA18-0481,EA18-0482,EA18-0483,EA18-0484,EA18-0485,EA18-0486,EA18-0487,EA18-0490,EA18-0491,EA18-0492,EA18-0493,EA18-0494,EA18-0495,EA18-0496,EA18-0497,EA18-0498,EA18-0499,EA18-0500,EA18-0501,EA18-0503,EA18-0504,EA18-0505,EA18-0506,EA18-0507,EA18-0508,EA18-0509,EA18-0510,EA18-0512,EA18-0513,EA18-0515,EA18-0517,EA18-0518,EA18-0520,EA18-0521,EA18-0522,EA18-0523,EA18-0524,EA18-0525,EA18-0526,EA18-0528,EA18-0529,EA18-0531,EA18-0532,EA18-0533,EA18-0534,EA18-0535,EA18-0536,EA18-0537,EA18-0538,EA18-0540,EA18-0542,EA18-0543,EA18-0544,EA18-0545,EA18-0546,EA18-0547,EA18-0548,EA18-0549,EA18-0550,EA18-0551,EA18-0552,EA18-0553,EA18-0554,EA18-0555,EA18-0556,EA18-0557,EA18-0558,EA18-0559,EA18-0561,EA18-0563,EA18-0564,EA18-0565,EA18-0566,EA18-0567,EA18-0568,EA18-0569,EA18-0570,EA18-0572,EA18-0573,EA18-0575,EA18-0576
	meta_fn = ../../data/tanzania.samples.meta.csv

Running ../extract_zarr_region.py at 21:07 on 26/06/2023 using machine neptune2


Script was run using the following arguments:

	zarr_folder = /home/elucas/scratch/VObs_GAARD
	study_id = 1246-VO-TZ-KABULA-VMF00185
	chrom = 2R
	region = 28276905-28332651
	output_fn = Muleba_arabiensis_Delta/2R:28306166_allele_counts.csv
	sample_names = EA18-0385,EA18-0386,EA18-0387,EA18-0388,EA18-0389,EA18-0390,EA18-0392,EA18-0394,EA18-0395,EA18-0396,EA18-0397,EA18-0398,EA18-0399,EA18-0401,EA18-0402,EA18-0403,EA18-0405,EA18-0406,EA18-0407,EA18-0408,EA18-0410,EA18-0411,EA18-0412,EA18-0414,EA18-0415,EA18-0416,EA18-0417,EA18-0418,EA18-0420,EA18-0421,EA18-0422,EA18-0424,EA18-0425,EA18-0426,EA18-0427,EA18-0428,EA18-0429,EA18-0430,EA18-0431,EA18-0432,EA18-0433,EA18-0434,EA18-0435,EA18-0436,EA18-0437,EA18-0438,EA18-0441,EA18-0442,EA18-0443,EA18-0444,EA18-0445,EA18-0446,EA18-0447,EA18-0449,EA18-0450,EA18-0451,EA18-0453,EA18-0454,EA18-0456,EA18-0457,EA18-0458,EA18-0459,EA18-0460,EA18-0461,EA18-0462,EA18-0463,EA18-0464,EA18-0465,EA18-0466,EA18-0467,EA18-0469,EA18-0470,EA18-0471,EA18-0472,EA18-0473,EA18-0474,EA18-0475,EA18-0476,EA18-0477,EA18-0479,EA18-0480,EA18-0481,EA18-0482,EA18-0483,EA18-0484,EA18-0485,EA18-0486,EA18-0487,EA18-0490,EA18-0491,EA18-0492,EA18-0493,EA18-0494,EA18-0495,EA18-0496,EA18-0497,EA18-0498,EA18-0499,EA18-0500,EA18-0501,EA18-0503,EA18-0504,EA18-0505,EA18-0506,EA18-0507,EA18-0508,EA18-0509,EA18-0510,EA18-0512,EA18-0513,EA18-0515,EA18-0517,EA18-0518,EA18-0520,EA18-0521,EA18-0522,EA18-0523,EA18-0524,EA18-0525,EA18-0526,EA18-0528,EA18-0529,EA18-0531,EA18-0532,EA18-0533,EA18-0534,EA18-0535,EA18-0536,EA18-0537,EA18-0538,EA18-0540,EA18-0542,EA18-0543,EA18-0544,EA18-0545,EA18-0546,EA18-0547,EA18-0548,EA18-0549,EA18-0550,EA18-0551,EA18-0552,EA18-0553,EA18-0554,EA18-0555,EA18-0556,EA18-0557,EA18-0558,EA18-0559,EA18-0561,EA18-0563,EA18-0564,EA18-0565,EA18-0566,EA18-0567,EA18-0568,EA18-0569,EA18-0570,EA18-0572,EA18-0573,EA18-0575,EA18-0576
	meta_fn = ../../data/tanzania.samples.meta.csv

Running ../extract_zarr_region.py at 21:07 on 26/06/2023 using machine neptune2


Script was run using the following arguments:

	zarr_folder = /home/elucas/scratch/VObs_GAARD
	study_id = 1246-VO-TZ-KABULA-VMF00185
	chrom = 2R
	region = 28312651-28369439
	output_fn = Muleba_arabiensis_Delta/2R:28340076_allele_counts.csv
	sample_names = EA18-0385,EA18-0386,EA18-0387,EA18-0388,EA18-0389,EA18-0390,EA18-0392,EA18-0394,EA18-0395,EA18-0396,EA18-0397,EA18-0398,EA18-0399,EA18-0401,EA18-0402,EA18-0403,EA18-0405,EA18-0406,EA18-0407,EA18-0408,EA18-0410,EA18-0411,EA18-0412,EA18-0414,EA18-0415,EA18-0416,EA18-0417,EA18-0418,EA18-0420,EA18-0421,EA18-0422,EA18-0424,EA18-0425,EA18-0426,EA18-0427,EA18-0428,EA18-0429,EA18-0430,EA18-0431,EA18-0432,EA18-0433,EA18-0434,EA18-0435,EA18-0436,EA18-0437,EA18-0438,EA18-0441,EA18-0442,EA18-0443,EA18-0444,EA18-0445,EA18-0446,EA18-0447,EA18-0449,EA18-0450,EA18-0451,EA18-0453,EA18-0454,EA18-0456,EA18-0457,EA18-0458,EA18-0459,EA18-0460,EA18-0461,EA18-0462,EA18-0463,EA18-0464,EA18-0465,EA18-0466,EA18-0467,EA18-0469,EA18-0470,EA18-0471,EA18-0472,EA18-0473,EA18-0474,EA18-0475,EA18-0476,EA18-0477,EA18-0479,EA18-0480,EA18-0481,EA18-0482,EA18-0483,EA18-0484,EA18-0485,EA18-0486,EA18-0487,EA18-0490,EA18-0491,EA18-0492,EA18-0493,EA18-0494,EA18-0495,EA18-0496,EA18-0497,EA18-0498,EA18-0499,EA18-0500,EA18-0501,EA18-0503,EA18-0504,EA18-0505,EA18-0506,EA18-0507,EA18-0508,EA18-0509,EA18-0510,EA18-0512,EA18-0513,EA18-0515,EA18-0517,EA18-0518,EA18-0520,EA18-0521,EA18-0522,EA18-0523,EA18-0524,EA18-0525,EA18-0526,EA18-0528,EA18-0529,EA18-0531,EA18-0532,EA18-0533,EA18-0534,EA18-0535,EA18-0536,EA18-0537,EA18-0538,EA18-0540,EA18-0542,EA18-0543,EA18-0544,EA18-0545,EA18-0546,EA18-0547,EA18-0548,EA18-0549,EA18-0550,EA18-0551,EA18-0552,EA18-0553,EA18-0554,EA18-0555,EA18-0556,EA18-0557,EA18-0558,EA18-0559,EA18-0561,EA18-0563,EA18-0564,EA18-0565,EA18-0566,EA18-0567,EA18-0568,EA18-0569,EA18-0570,EA18-0572,EA18-0573,EA18-0575,EA18-0576
	meta_fn = ../../data/tanzania.samples.meta.csv

Running ../extract_zarr_region.py at 21:07 on 26/06/2023 using machine neptune2


Script was run using the following arguments:

	zarr_folder = /home/elucas/scratch/VObs_GAARD
	study_id = 1246-VO-TZ-KABULA-VMF00185
	chrom = 2R
	region = 28851167-28893982
	output_fn = Muleba_arabiensis_Delta/2R:28872649_allele_counts.csv
	sample_names = EA18-0385,EA18-0386,EA18-0387,EA18-0388,EA18-0389,EA18-0390,EA18-0392,EA18-0394,EA18-0395,EA18-0396,EA18-0397,EA18-0398,EA18-0399,EA18-0401,EA18-0402,EA18-0403,EA18-0405,EA18-0406,EA18-0407,EA18-0408,EA18-0410,EA18-0411,EA18-0412,EA18-0414,EA18-0415,EA18-0416,EA18-0417,EA18-0418,EA18-0420,EA18-0421,EA18-0422,EA18-0424,EA18-0425,EA18-0426,EA18-0427,EA18-0428,EA18-0429,EA18-0430,EA18-0431,EA18-0432,EA18-0433,EA18-0434,EA18-0435,EA18-0436,EA18-0437,EA18-0438,EA18-0441,EA18-0442,EA18-0443,EA18-0444,EA18-0445,EA18-0446,EA18-0447,EA18-0449,EA18-0450,EA18-0451,EA18-0453,EA18-0454,EA18-0456,EA18-0457,EA18-0458,EA18-0459,EA18-0460,EA18-0461,EA18-0462,EA18-0463,EA18-0464,EA18-0465,EA18-0466,EA18-0467,EA18-0469,EA18-0470,EA18-0471,EA18-0472,EA18-0473,EA18-0474,EA18-0475,EA18-0476,EA18-0477,EA18-0479,EA18-0480,EA18-0481,EA18-0482,EA18-0483,EA18-0484,EA18-0485,EA18-0486,EA18-0487,EA18-0490,EA18-0491,EA18-0492,EA18-0493,EA18-0494,EA18-0495,EA18-0496,EA18-0497,EA18-0498,EA18-0499,EA18-0500,EA18-0501,EA18-0503,EA18-0504,EA18-0505,EA18-0506,EA18-0507,EA18-0508,EA18-0509,EA18-0510,EA18-0512,EA18-0513,EA18-0515,EA18-0517,EA18-0518,EA18-0520,EA18-0521,EA18-0522,EA18-0523,EA18-0524,EA18-0525,EA18-0526,EA18-0528,EA18-0529,EA18-0531,EA18-0532,EA18-0533,EA18-0534,EA18-0535,EA18-0536,EA18-0537,EA18-0538,EA18-0540,EA18-0542,EA18-0543,EA18-0544,EA18-0545,EA18-0546,EA18-0547,EA18-0548,EA18-0549,EA18-0550,EA18-0551,EA18-0552,EA18-0553,EA18-0554,EA18-0555,EA18-0556,EA18-0557,EA18-0558,EA18-0559,EA18-0561,EA18-0563,EA18-0564,EA18-0565,EA18-0566,EA18-0567,EA18-0568,EA18-0569,EA18-0570,EA18-0572,EA18-0573,EA18-0575,EA18-0576
	meta_fn = ../../data/tanzania.samples.meta.csv

Running ../extract_zarr_region.py at 21:07 on 26/06/2023 using machine neptune2


Script was run using the following arguments:

	zarr_folder = /home/elucas/scratch/VObs_GAARD
	study_id = 1246-VO-TZ-KABULA-VMF00185
	chrom = 2R
	region = 56182837-56238671
	output_fn = Muleba_arabiensis_Delta/2R:56210619_allele_counts.csv
	sample_names = EA18-0385,EA18-0386,EA18-0387,EA18-0388,EA18-0389,EA18-0390,EA18-0392,EA18-0394,EA18-0395,EA18-0396,EA18-0397,EA18-0398,EA18-0399,EA18-0401,EA18-0402,EA18-0403,EA18-0405,EA18-0406,EA18-0407,EA18-0408,EA18-0410,EA18-0411,EA18-0412,EA18-0414,EA18-0415,EA18-0416,EA18-0417,EA18-0418,EA18-0420,EA18-0421,EA18-0422,EA18-0424,EA18-0425,EA18-0426,EA18-0427,EA18-0428,EA18-0429,EA18-0430,EA18-0431,EA18-0432,EA18-0433,EA18-0434,EA18-0435,EA18-0436,EA18-0437,EA18-0438,EA18-0441,EA18-0442,EA18-0443,EA18-0444,EA18-0445,EA18-0446,EA18-0447,EA18-0449,EA18-0450,EA18-0451,EA18-0453,EA18-0454,EA18-0456,EA18-0457,EA18-0458,EA18-0459,EA18-0460,EA18-0461,EA18-0462,EA18-0463,EA18-0464,EA18-0465,EA18-0466,EA18-0467,EA18-0469,EA18-0470,EA18-0471,EA18-0472,EA18-0473,EA18-0474,EA18-0475,EA18-0476,EA18-0477,EA18-0479,EA18-0480,EA18-0481,EA18-0482,EA18-0483,EA18-0484,EA18-0485,EA18-0486,EA18-0487,EA18-0490,EA18-0491,EA18-0492,EA18-0493,EA18-0494,EA18-0495,EA18-0496,EA18-0497,EA18-0498,EA18-0499,EA18-0500,EA18-0501,EA18-0503,EA18-0504,EA18-0505,EA18-0506,EA18-0507,EA18-0508,EA18-0509,EA18-0510,EA18-0512,EA18-0513,EA18-0515,EA18-0517,EA18-0518,EA18-0520,EA18-0521,EA18-0522,EA18-0523,EA18-0524,EA18-0525,EA18-0526,EA18-0528,EA18-0529,EA18-0531,EA18-0532,EA18-0533,EA18-0534,EA18-0535,EA18-0536,EA18-0537,EA18-0538,EA18-0540,EA18-0542,EA18-0543,EA18-0544,EA18-0545,EA18-0546,EA18-0547,EA18-0548,EA18-0549,EA18-0550,EA18-0551,EA18-0552,EA18-0553,EA18-0554,EA18-0555,EA18-0556,EA18-0557,EA18-0558,EA18-0559,EA18-0561,EA18-0563,EA18-0564,EA18-0565,EA18-0566,EA18-0567,EA18-0568,EA18-0569,EA18-0570,EA18-0572,EA18-0573,EA18-0575,EA18-0576
	meta_fn = ../../data/tanzania.samples.meta.csv

Running ../extract_zarr_region.py at 21:07 on 26/06/2023 using machine neptune2


Script was run using the following arguments:

	zarr_folder = /home/elucas/scratch/VObs_GAARD
	study_id = 1246-VO-TZ-KABULA-VMF00185
	chrom = 2R
	region = 56710537-56799287
	output_fn = Muleba_arabiensis_Delta/2R:56749450_allele_counts.csv
	sample_names = EA18-0385,EA18-0386,EA18-0387,EA18-0388,EA18-0389,EA18-0390,EA18-0392,EA18-0394,EA18-0395,EA18-0396,EA18-0397,EA18-0398,EA18-0399,EA18-0401,EA18-0402,EA18-0403,EA18-0405,EA18-0406,EA18-0407,EA18-0408,EA18-0410,EA18-0411,EA18-0412,EA18-0414,EA18-0415,EA18-0416,EA18-0417,EA18-0418,EA18-0420,EA18-0421,EA18-0422,EA18-0424,EA18-0425,EA18-0426,EA18-0427,EA18-0428,EA18-0429,EA18-0430,EA18-0431,EA18-0432,EA18-0433,EA18-0434,EA18-0435,EA18-0436,EA18-0437,EA18-0438,EA18-0441,EA18-0442,EA18-0443,EA18-0444,EA18-0445,EA18-0446,EA18-0447,EA18-0449,EA18-0450,EA18-0451,EA18-0453,EA18-0454,EA18-0456,EA18-0457,EA18-0458,EA18-0459,EA18-0460,EA18-0461,EA18-0462,EA18-0463,EA18-0464,EA18-0465,EA18-0466,EA18-0467,EA18-0469,EA18-0470,EA18-0471,EA18-0472,EA18-0473,EA18-0474,EA18-0475,EA18-0476,EA18-0477,EA18-0479,EA18-0480,EA18-0481,EA18-0482,EA18-0483,EA18-0484,EA18-0485,EA18-0486,EA18-0487,EA18-0490,EA18-0491,EA18-0492,EA18-0493,EA18-0494,EA18-0495,EA18-0496,EA18-0497,EA18-0498,EA18-0499,EA18-0500,EA18-0501,EA18-0503,EA18-0504,EA18-0505,EA18-0506,EA18-0507,EA18-0508,EA18-0509,EA18-0510,EA18-0512,EA18-0513,EA18-0515,EA18-0517,EA18-0518,EA18-0520,EA18-0521,EA18-0522,EA18-0523,EA18-0524,EA18-0525,EA18-0526,EA18-0528,EA18-0529,EA18-0531,EA18-0532,EA18-0533,EA18-0534,EA18-0535,EA18-0536,EA18-0537,EA18-0538,EA18-0540,EA18-0542,EA18-0543,EA18-0544,EA18-0545,EA18-0546,EA18-0547,EA18-0548,EA18-0549,EA18-0550,EA18-0551,EA18-0552,EA18-0553,EA18-0554,EA18-0555,EA18-0556,EA18-0557,EA18-0558,EA18-0559,EA18-0561,EA18-0563,EA18-0564,EA18-0565,EA18-0566,EA18-0567,EA18-0568,EA18-0569,EA18-0570,EA18-0572,EA18-0573,EA18-0575,EA18-0576
	meta_fn = ../../data/tanzania.samples.meta.csv

Running snpEff on significant SNPs, using command java -jar ~/software/snpEff/snpEff.jar eff Anopheles_gambiae -noStats Muleba_arabiensis_Delta/temp.vcf > Muleba_arabiensis_Delta/focal_windows.vcf .
2R:27652472.null device 2R:27695240.null device 2R:27828136.null device 
                      1                       1                       1 
2R:27862280.null device 2R:27897143.null device 2R:27927724.null device 
                      1                       1                       1 
2R:28074955.null device 2R:28113890.null device 2R:28166858.null device 
                      1                       1                       1 
2R:28205313.null device 2R:28244706.null device 2R:28271570.null device 
                      1                       1                       1 
2R:28306166.null device 2R:28340076.null device 2R:28872649.null device 
                      1                       1                       1 
2R:56210619.null device 2R:56749450.null device 
                      1                       1 
