This is pdfTeX, Version 3.14159265-2.6-1.40.20 (TeX Live 2019/Debian) (preloaded format=pdflatex 2021.9.2)  29 JAN 2024 11:26
entering extended mode
 restricted \write18 enabled.
 file:line:error style messages enabled.
 %&-line parsing enabled.
**Supplementary_Figures.tex
(./Supplementary_Figures.tex
LaTeX2e <2020-02-02> patch level 2
L3 programming layer <2020-02-14>
(/usr/share/texlive/texmf-dist/tex/latex/base/article.cls
Document Class: article 2019/12/20 v1.4l Standard LaTeX document class
(/usr/share/texlive/texmf-dist/tex/latex/base/size12.clo
File: size12.clo 2019/12/20 v1.4l Standard LaTeX file (size option)
)
\c@part=\count167
\c@section=\count168
\c@subsection=\count169
\c@subsubsection=\count170
\c@paragraph=\count171
\c@subparagraph=\count172
\c@figure=\count173
\c@table=\count174
\abovecaptionskip=\skip47
\belowcaptionskip=\skip48
\bibindent=\dimen134
)
(/usr/share/texlive/texmf-dist/tex/latex/graphics/graphicx.sty
Package: graphicx 2019/11/30 v1.2a Enhanced LaTeX Graphics (DPC,SPQR)

(/usr/share/texlive/texmf-dist/tex/latex/graphics/keyval.sty
Package: keyval 2014/10/28 v1.15 key=value parser (DPC)
\KV@toks@=\toks14
)
(/usr/share/texlive/texmf-dist/tex/latex/graphics/graphics.sty
Package: graphics 2019/11/30 v1.4a Standard LaTeX Graphics (DPC,SPQR)

(/usr/share/texlive/texmf-dist/tex/latex/graphics/trig.sty
Package: trig 2016/01/03 v1.10 sin cos tan (DPC)
)
(/usr/share/texlive/texmf-dist/tex/latex/graphics-cfg/graphics.cfg
File: graphics.cfg 2016/06/04 v1.11 sample graphics configuration
)
Package graphics Info: Driver file: pdftex.def on input line 105.

(/usr/share/texlive/texmf-dist/tex/latex/graphics-def/pdftex.def
File: pdftex.def 2018/01/08 v1.0l Graphics/color driver for pdftex
))
\Gin@req@height=\dimen135
\Gin@req@width=\dimen136
)
(/usr/share/texlive/texmf-dist/tex/latex/caption/caption.sty
Package: caption 2020/01/03 v3.4h Customizing captions (AR)

(/usr/share/texlive/texmf-dist/tex/latex/caption/caption3.sty
Package: caption3 2020/01/03 v1.8h caption3 kernel (AR)
Package caption3 Info: TeX engine: e-TeX on input line 61.
\captionmargin=\dimen137
\captionmargin@=\dimen138
\captionwidth=\dimen139
\caption@tempdima=\dimen140
\caption@indent=\dimen141
\caption@parindent=\dimen142
\caption@hangindent=\dimen143
Package caption Info: Standard document class detected.
)
\c@caption@flags=\count175
\c@continuedfloat=\count176
)
(/usr/share/texlive/texmf-dist/tex/latex/base/inputenc.sty
Package: inputenc 2018/08/11 v1.3c Input encoding file
\inpenc@prehook=\toks15
\inpenc@posthook=\toks16
)
(/usr/share/texlive/texmf-dist/tex/latex/base/fontenc.sty
Package: fontenc 2020/02/11 v2.0o Standard LaTeX package
)
(/usr/share/texlive/texmf-dist/tex/latex/setspace/setspace.sty
Package: setspace 2011/12/19 v6.7a set line spacing
)
(/usr/share/texlive/texmf-dist/tex/latex/epstopdf-pkg/epstopdf.sty
Package: epstopdf 2020-01-24 v2.11 Conversion with epstopdf on the fly (HO)

(/usr/share/texlive/texmf-dist/tex/generic/infwarerr/infwarerr.sty
Package: infwarerr 2019/12/03 v1.5 Providing info/warning/error messages (HO)
)
(/usr/share/texlive/texmf-dist/tex/latex/grfext/grfext.sty
Package: grfext 2019/12/03 v1.3 Manage graphics extensions (HO)

(/usr/share/texlive/texmf-dist/tex/generic/kvdefinekeys/kvdefinekeys.sty
Package: kvdefinekeys 2019-12-19 v1.6 Define keys (HO)
))
(/usr/share/texlive/texmf-dist/tex/latex/kvoptions/kvoptions.sty
Package: kvoptions 2019/11/29 v3.13 Key value format for package options (HO)

(/usr/share/texlive/texmf-dist/tex/generic/ltxcmds/ltxcmds.sty
Package: ltxcmds 2019/12/15 v1.24 LaTeX kernel commands for general use (HO)
)
(/usr/share/texlive/texmf-dist/tex/generic/kvsetkeys/kvsetkeys.sty
Package: kvsetkeys 2019/12/15 v1.18 Key value parser (HO)
))
(/usr/share/texlive/texmf-dist/tex/latex/pdftexcmds/pdftexcmds.sty
Package: pdftexcmds 2019/11/24 v0.31 Utility functions of pdfTeX for LuaTeX (HO
)

(/usr/share/texlive/texmf-dist/tex/generic/iftex/iftex.sty
Package: iftex 2019/11/07 v1.0c TeX engine tests
)
Package pdftexcmds Info: \pdf@primitive is available.
Package pdftexcmds Info: \pdf@ifprimitive is available.
Package pdftexcmds Info: \pdfdraftmode found.
)
(/usr/share/texlive/texmf-dist/tex/latex/epstopdf-pkg/epstopdf-base.sty
Package: epstopdf-base 2020-01-24 v2.11 Base part for package epstopdf
Package epstopdf-base Info: Redefining graphics rule for `.eps' on input line 4
85.
Package grfext Info: Graphics extension search list:
(grfext)             [.pdf,.png,.jpg,.mps,.jpeg,.jbig2,.jb2,.PDF,.PNG,.JPG,.JPE
G,.JBIG2,.JB2,.eps]
(grfext)             \AppendGraphicsExtensions on input line 504.

(/usr/share/texlive/texmf-dist/tex/latex/latexconfig/epstopdf-sys.cfg
File: epstopdf-sys.cfg 2010/07/13 v1.3 Configuration of (r)epstopdf for TeX Liv
e
)))
(/usr/share/texlive/texmf-dist/tex/latex/geometry/geometry.sty
Package: geometry 2020/01/02 v5.9 Page Geometry

(/usr/share/texlive/texmf-dist/tex/generic/iftex/ifvtex.sty
Package: ifvtex 2019/10/25 v1.7 ifvtex legacy package. Use iftex instead.
)
\Gm@cnth=\count177
\Gm@cntv=\count178
\c@Gm@tempcnt=\count179
\Gm@bindingoffset=\dimen144
\Gm@wd@mp=\dimen145
\Gm@odd@mp=\dimen146
\Gm@even@mp=\dimen147
\Gm@layoutwidth=\dimen148
\Gm@layoutheight=\dimen149
\Gm@layouthoffset=\dimen150
\Gm@layoutvoffset=\dimen151
\Gm@dimlist=\toks17
)
(/usr/share/texlive/texmf-dist/tex/latex/xcolor/xcolor.sty
Package: xcolor 2016/05/11 v2.12 LaTeX color extensions (UK)

(/usr/share/texlive/texmf-dist/tex/latex/graphics-cfg/color.cfg
File: color.cfg 2016/01/02 v1.6 sample color configuration
)
Package xcolor Info: Driver file: pdftex.def on input line 225.

(/usr/share/texlive/texmf-dist/tex/latex/colortbl/colortbl.sty
Package: colortbl 2020/01/04 v1.0e Color table columns (DPC)

(/usr/share/texlive/texmf-dist/tex/latex/tools/array.sty
Package: array 2019/08/31 v2.4l Tabular extension package (FMi)
\col@sep=\dimen152
\ar@mcellbox=\box45
\extrarowheight=\dimen153
\NC@list=\toks18
\extratabsurround=\skip49
\backup@length=\skip50
\ar@cellbox=\box46
)
\everycr=\toks19
\minrowclearance=\skip51
)
\rownum=\count180
Package xcolor Info: Model `cmy' substituted by `cmy0' on input line 1348.
Package xcolor Info: Model `hsb' substituted by `rgb' on input line 1352.
Package xcolor Info: Model `RGB' extended on input line 1364.
Package xcolor Info: Model `HTML' substituted by `rgb' on input line 1366.
Package xcolor Info: Model `Hsb' substituted by `hsb' on input line 1367.
Package xcolor Info: Model `tHsb' substituted by `hsb' on input line 1368.
Package xcolor Info: Model `HSB' substituted by `hsb' on input line 1369.
Package xcolor Info: Model `Gray' substituted by `gray' on input line 1370.
Package xcolor Info: Model `wave' substituted by `hsb' on input line 1371.
)
(/usr/share/texlive/texmf-dist/tex/latex/hyperref/hyperref.sty
Package: hyperref 2020/01/14 v7.00d Hypertext links for LaTeX

(/usr/share/texlive/texmf-dist/tex/generic/pdfescape/pdfescape.sty
Package: pdfescape 2019/12/09 v1.15 Implements pdfTeX's escape features (HO)
)
(/usr/share/texlive/texmf-dist/tex/latex/hycolor/hycolor.sty
Package: hycolor 2020-01-27 v1.10 Color options for hyperref/bookmark (HO)
)
(/usr/share/texlive/texmf-dist/tex/latex/letltxmacro/letltxmacro.sty
Package: letltxmacro 2019/12/03 v1.6 Let assignment for LaTeX macros (HO)
)
(/usr/share/texlive/texmf-dist/tex/latex/auxhook/auxhook.sty
Package: auxhook 2019-12-17 v1.6 Hooks for auxiliary files (HO)
)
\@linkdim=\dimen154
\Hy@linkcounter=\count181
\Hy@pagecounter=\count182

(/usr/share/texlive/texmf-dist/tex/latex/hyperref/pd1enc.def
File: pd1enc.def 2020/01/14 v7.00d Hyperref: PDFDocEncoding definition (HO)
Now handling font encoding PD1 ...
... no UTF-8 mapping file for font encoding PD1
)
(/usr/share/texlive/texmf-dist/tex/generic/intcalc/intcalc.sty
Package: intcalc 2019/12/15 v1.3 Expandable calculations with integers (HO)
)
(/usr/share/texlive/texmf-dist/tex/generic/etexcmds/etexcmds.sty
Package: etexcmds 2019/12/15 v1.7 Avoid name clashes with e-TeX commands (HO)
)
\Hy@SavedSpaceFactor=\count183
\pdfmajorversion=\count184
Package hyperref Info: Hyper figures OFF on input line 4547.
Package hyperref Info: Link nesting OFF on input line 4552.
Package hyperref Info: Hyper index ON on input line 4555.
Package hyperref Info: Plain pages OFF on input line 4562.
Package hyperref Info: Backreferencing OFF on input line 4567.
Package hyperref Info: Implicit mode ON; LaTeX internals redefined.
Package hyperref Info: Bookmarks ON on input line 4800.
\c@Hy@tempcnt=\count185

(/usr/share/texlive/texmf-dist/tex/latex/url/url.sty
\Urlmuskip=\muskip16
Package: url 2013/09/16  ver 3.4  Verb mode for urls, etc.
)
LaTeX Info: Redefining \url on input line 5159.
\XeTeXLinkMargin=\dimen155

(/usr/share/texlive/texmf-dist/tex/generic/bitset/bitset.sty
Package: bitset 2019/12/09 v1.3 Handle bit-vector datatype (HO)

(/usr/share/texlive/texmf-dist/tex/generic/bigintcalc/bigintcalc.sty
Package: bigintcalc 2019/12/15 v1.5 Expandable calculations on big integers (HO
)
))
\Fld@menulength=\count186
\Field@Width=\dimen156
\Fld@charsize=\dimen157
Package hyperref Info: Hyper figures OFF on input line 6430.
Package hyperref Info: Link nesting OFF on input line 6435.
Package hyperref Info: Hyper index ON on input line 6438.
Package hyperref Info: backreferencing OFF on input line 6445.
Package hyperref Info: Link coloring OFF on input line 6450.
Package hyperref Info: Link coloring with OCG OFF on input line 6455.
Package hyperref Info: PDF/A mode OFF on input line 6460.
LaTeX Info: Redefining \ref on input line 6500.
LaTeX Info: Redefining \pageref on input line 6504.

(/usr/share/texlive/texmf-dist/tex/generic/atbegshi/atbegshi.sty
Package: atbegshi 2019/12/05 v1.19 At begin shipout hook (HO)
)
\Hy@abspage=\count187
\c@Item=\count188
\c@Hfootnote=\count189
)
Package hyperref Info: Driver (autodetected): hpdftex.

(/usr/share/texlive/texmf-dist/tex/latex/hyperref/hpdftex.def
File: hpdftex.def 2020/01/14 v7.00d Hyperref driver for pdfTeX

(/usr/share/texlive/texmf-dist/tex/latex/atveryend/atveryend.sty
Package: atveryend 2019-12-11 v1.11 Hooks at the very end of document (HO)
Package atveryend Info: \enddocument detected (standard20110627).
)
\Fld@listcount=\count190
\c@bookmark@seq@number=\count191

(/usr/share/texlive/texmf-dist/tex/latex/rerunfilecheck/rerunfilecheck.sty
Package: rerunfilecheck 2019/12/05 v1.9 Rerun checks for auxiliary files (HO)

(/usr/share/texlive/texmf-dist/tex/generic/uniquecounter/uniquecounter.sty
Package: uniquecounter 2019/12/15 v1.4 Provide unlimited unique counter (HO)
)
Package uniquecounter Info: New unique counter `rerunfilecheck' on input line 2
86.
)
\Hy@SectionHShift=\skip52
)
(/usr/share/texlive/texmf-dist/tex/latex/psnfss/helvet.sty
Package: helvet 2005/04/12 PSNFSS-v9.2a (WaS) 
)
Package hyperref Info: Option `colorlinks' set `true' on input line 13.

(/usr/share/texlive/texmf-dist/tex/latex/l3backend/l3backend-pdfmode.def
File: l3backend-pdfmode.def 2020-02-03 L3 backend support: PDF mode
\l__kernel_color_stack_int=\count192
\l__pdf_internal_box=\box47
)
(./Supplementary_Figures.aux)
\openout1 = `Supplementary_Figures.aux'.

LaTeX Font Info:    Checking defaults for OML/cmm/m/it on input line 27.
LaTeX Font Info:    ... okay on input line 27.
LaTeX Font Info:    Checking defaults for OMS/cmsy/m/n on input line 27.
LaTeX Font Info:    ... okay on input line 27.
LaTeX Font Info:    Checking defaults for OT1/cmr/m/n on input line 27.
LaTeX Font Info:    ... okay on input line 27.
LaTeX Font Info:    Checking defaults for T1/cmr/m/n on input line 27.
LaTeX Font Info:    ... okay on input line 27.
LaTeX Font Info:    Checking defaults for TS1/cmr/m/n on input line 27.
LaTeX Font Info:    ... okay on input line 27.
LaTeX Font Info:    Checking defaults for OMX/cmex/m/n on input line 27.
LaTeX Font Info:    ... okay on input line 27.
LaTeX Font Info:    Checking defaults for U/cmr/m/n on input line 27.
LaTeX Font Info:    ... okay on input line 27.
LaTeX Font Info:    Checking defaults for PD1/pdf/m/n on input line 27.
LaTeX Font Info:    ... okay on input line 27.
LaTeX Font Info:    Trying to load font information for T1+phv on input line 27
.

(/usr/share/texlive/texmf-dist/tex/latex/psnfss/t1phv.fd
File: t1phv.fd 2001/06/04 scalable font definitions for T1/phv.
)
(/usr/share/texlive/texmf-dist/tex/context/base/mkii/supp-pdf.mkii
[Loading MPS to PDF converter (version 2006.09.02).]
\scratchcounter=\count193
\scratchdimen=\dimen158
\scratchbox=\box48
\nofMPsegments=\count194
\nofMParguments=\count195
\everyMPshowfont=\toks20
\MPscratchCnt=\count196
\MPscratchDim=\dimen159
\MPnumerator=\count197
\makeMPintoPDFobject=\count198
\everyMPtoPDFconversion=\toks21
)
Package caption Info: Begin \AtBeginDocument code.
Package caption Info: hyperref package is loaded.
Package caption Info: End \AtBeginDocument code.

*geometry* driver: auto-detecting
*geometry* detected driver: pdftex
*geometry* verbose mode - [ preamble ] result:
* driver: pdftex
* paper: a4paper
* layout: <same size as paper>
* layoutoffset:(h,v)=(0.0pt,0.0pt)
* modes: 
* h-part:(L,W,R)=(89.62709pt, 418.25368pt, 89.6271pt)
* v-part:(T,H,B)=(56.9055pt, 731.23584pt, 56.9055pt)
* \paperwidth=597.50787pt
* \paperheight=845.04684pt
* \textwidth=455.24408pt
* \textheight=731.23584pt
* \oddsidemargin=0.0pt
* \evensidemargin=17.3571pt
* \topmargin=-52.36449pt
* \headheight=12.0pt
* \headsep=25.0pt
* \topskip=12.0pt
* \footskip=30.0pt
* \marginparwidth=35.0pt
* \marginparsep=10.0pt
* \columnsep=10.0pt
* \skip\footins=10.8pt plus 4.0pt minus 2.0pt
* \hoffset=0.0pt
* \voffset=0.0pt
* \mag=1000
* \@twocolumnfalse
* \@twosidefalse
* \@mparswitchfalse
* \@reversemarginfalse
* (1in=72.27pt=25.4mm, 1cm=28.453pt)

\AtBeginShipoutBox=\box49
Package hyperref Info: Link coloring ON on input line 27.
(/usr/share/texlive/texmf-dist/tex/latex/hyperref/nameref.sty
Package: nameref 2019/09/16 v2.46 Cross-referencing by name of section

(/usr/share/texlive/texmf-dist/tex/latex/refcount/refcount.sty
Package: refcount 2019/12/15 v3.6 Data extraction from label references (HO)
)
(/usr/share/texlive/texmf-dist/tex/generic/gettitlestring/gettitlestring.sty
Package: gettitlestring 2019/12/15 v1.6 Cleanup title references (HO)
)
\c@section@level=\count199
)
LaTeX Info: Redefining \ref on input line 27.
LaTeX Info: Redefining \pageref on input line 27.
LaTeX Info: Redefining \nameref on input line 27.

(./Supplementary_Figures.out) (./Supplementary_Figures.out)
\@outlinefile=\write3
\openout3 = `Supplementary_Figures.out'.

LaTeX Font Info:    Font shape `T1/phv/b/it' in size <17.28> not available
(Font)              Font shape `T1/phv/b/sl' tried instead on input line 33.
 [1

{/var/lib/texmf/fonts/map/pdftex/updmap/pdftex.map}]
<odd_samples.png, id=13, 578.4009pt x 761.4849pt>
File: odd_samples.png Graphic file (type png)
<use odd_samples.png>
Package pdftex.def Info: odd_samples.png  used on input line 54.
(pdftex.def)             Requested size: 426.79134pt x 561.89815pt.


LaTeX Warning: `h' float specifier changed to `ht'.

[2 <./odd_samples.png>]
<../../PCA/PCA.png, id=23, 903.375pt x 602.25pt>
File: ../../PCA/PCA.png Graphic file (type png)
<use ../../PCA/PCA.png>
Package pdftex.def Info: ../../PCA/PCA.png  used on input line 66.
(pdftex.def)             Requested size: 426.79134pt x 284.52786pt.
<../../PCA/PC_variance.png, id=25, 903.375pt x 401.5pt>
File: ../../PCA/PC_variance.png Graphic file (type png)
<use ../../PCA/PC_variance.png>
Package pdftex.def Info: ../../PCA/PC_variance.png  used on input line 68.
(pdftex.def)             Requested size: 426.79134pt x 189.68524pt.
 [3


 <../../PCA/PCA.png> <../../PCA/PC_variance.png>]
<../../selection_analysis/Moshi_H12.pdf, id=36, 469.755pt x 144.54pt>
File: ../../selection_analysis/Moshi_H12.pdf Graphic file (type pdf)
<use ../../selection_analysis/Moshi_H12.pdf>
Package pdftex.def Info: ../../selection_analysis/Moshi_H12.pdf  used on input 
line 80.
(pdftex.def)             Requested size: 469.75386pt x 144.53963pt.

Overfull \hbox (14.50978pt too wide) in paragraph at lines 80--81
 [] 
 []

<../../selection_analysis/Muleba_H12.pdf, id=38, 469.755pt x 144.54pt>
File: ../../selection_analysis/Muleba_H12.pdf Graphic file (type pdf)
<use ../../selection_analysis/Muleba_H12.pdf>
Package pdftex.def Info: ../../selection_analysis/Muleba_H12.pdf  used on input
 line 82.
(pdftex.def)             Requested size: 469.75386pt x 144.53963pt.

Overfull \hbox (14.50978pt too wide) in paragraph at lines 82--83
 [][] 
 []

<../../selection_analysis/Moshi_vs_Muleba_H1x.png, id=40, 469.755pt x 144.54pt>

File: ../../selection_analysis/Moshi_vs_Muleba_H1x.png Graphic file (type png)
<use ../../selection_analysis/Moshi_vs_Muleba_H1x.png>
Package pdftex.def Info: ../../selection_analysis/Moshi_vs_Muleba_H1x.png  used
 on input line 84.
(pdftex.def)             Requested size: 469.75386pt x 144.53963pt.

Overfull \hbox (14.50978pt too wide) in paragraph at lines 84--85
 [][] 
 []

[4

 <../../selection_analysis/Moshi_H12.pdf> <../../selection_analysis/Muleba_H12.
pdf> <../../selection_analysis/Moshi_vs_Muleba_H1x.png (PNG copy)>]
<../../CNV_analysis/Coeae_diagnostic_read_CNVs.png, id=62, 202.356pt x 57.816pt
>
File: ../../CNV_analysis/Coeae_diagnostic_read_CNVs.png Graphic file (type png)

<use ../../CNV_analysis/Coeae_diagnostic_read_CNVs.png>
Package pdftex.def Info: ../../CNV_analysis/Coeae_diagnostic_read_CNVs.png  use
d on input line 96.
(pdftex.def)             Requested size: 202.3555pt x 57.81584pt.
<../../CNV_analysis/Ace1_diagnostic_read_CNVs.png, id=64, 72.27pt x 50.589pt>
File: ../../CNV_analysis/Ace1_diagnostic_read_CNVs.png Graphic file (type png)
<use ../../CNV_analysis/Ace1_diagnostic_read_CNVs.png>
Package pdftex.def Info: ../../CNV_analysis/Ace1_diagnostic_read_CNVs.png  used
 on input line 98.
(pdftex.def)             Requested size: 72.2698pt x 50.58887pt.
<../../CNV_analysis/Cyp6aap_diagnostic_read_CNVs.png, id=66, 180.675pt x 57.816
pt>
File: ../../CNV_analysis/Cyp6aap_diagnostic_read_CNVs.png Graphic file (type pn
g)
<use ../../CNV_analysis/Cyp6aap_diagnostic_read_CNVs.png>
Package pdftex.def Info: ../../CNV_analysis/Cyp6aap_diagnostic_read_CNVs.png  u
sed on input line 100.
(pdftex.def)             Requested size: 180.67455pt x 57.81584pt.
<../../CNV_analysis/Cyp6mz_diagnostic_read_CNVs.png, id=68, 72.27pt x 57.816pt>

File: ../../CNV_analysis/Cyp6mz_diagnostic_read_CNVs.png Graphic file (type png
)
<use ../../CNV_analysis/Cyp6mz_diagnostic_read_CNVs.png>
Package pdftex.def Info: ../../CNV_analysis/Cyp6mz_diagnostic_read_CNVs.png  us
ed on input line 102.
(pdftex.def)             Requested size: 72.2698pt x 57.81584pt.
<../../CNV_analysis/Gste_diagnostic_read_CNVs.png, id=70, 72.27pt x 57.816pt>
File: ../../CNV_analysis/Gste_diagnostic_read_CNVs.png Graphic file (type png)
<use ../../CNV_analysis/Gste_diagnostic_read_CNVs.png>
Package pdftex.def Info: ../../CNV_analysis/Gste_diagnostic_read_CNVs.png  used
 on input line 104.
(pdftex.def)             Requested size: 72.2698pt x 57.81584pt.
<../../CNV_analysis/Cyp9k1_diagnostic_read_CNVs.png, id=72, 108.405pt x 57.816p
t>
File: ../../CNV_analysis/Cyp9k1_diagnostic_read_CNVs.png Graphic file (type png
)
<use ../../CNV_analysis/Cyp9k1_diagnostic_read_CNVs.png>
Package pdftex.def Info: ../../CNV_analysis/Cyp9k1_diagnostic_read_CNVs.png  us
ed on input line 106.
(pdftex.def)             Requested size: 108.40472pt x 57.81584pt.
LaTeX Font Info:    Font shape `T1/phv/m/it' in size <10> not available
(Font)              Font shape `T1/phv/m/sl' tried instead on input line 108.
 [5

 <../../CNV_analysis/Coeae_diagnostic_read_CNVs.png (PNG copy)> <../../CNV_anal
ysis/Ace1_diagnostic_read_CNVs.png (PNG copy)> <../../CNV_analysis/Cyp6aap_diag
nostic_read_CNVs.png (PNG copy)> <../../CNV_analysis/Cyp6mz_diagnostic_read_CNV
s.png (PNG copy)> <../../CNV_analysis/Gste_diagnostic_read_CNVs.png (PNG copy)>
 <../../CNV_analysis/Cyp9k1_diagnostic_read_CNVs.png (PNG copy)>]
<../../CNV_analysis/CNV_example_plots/example_plots_modified.pdf, id=86, 469.75
5pt x 289.08pt>
File: ../../CNV_analysis/CNV_example_plots/example_plots_modified.pdf Graphic f
ile (type pdf)
<use ../../CNV_analysis/CNV_example_plots/example_plots_modified.pdf>
Package pdftex.def Info: ../../CNV_analysis/CNV_example_plots/example_plots_mod
ified.pdf  used on input line 118.
(pdftex.def)             Requested size: 426.79134pt x 262.63974pt.
 [6

 <../../CNV_analysis/CNV_example_plots/example_plots_modified.pdf>]
<Supplementary_Figure_Cyp6_haplotypes.png, id=126, 397.0032pt x 158.7531pt>
File: Supplementary_Figure_Cyp6_haplotypes.png Graphic file (type png)
<use Supplementary_Figure_Cyp6_haplotypes.png>
Package pdftex.def Info: Supplementary_Figure_Cyp6_haplotypes.png  used on inpu
t line 129.
(pdftex.def)             Requested size: 512.1496pt x 204.79718pt.

Overfull \hbox (31.29822pt too wide) in paragraph at lines 129--130
[] [] 
 []

<../../CNV_analysis/sweeps/Coeaexf_haplotype_clustering.png, id=128, 1084.05pt 
x 361.35pt>
File: ../../CNV_analysis/sweeps/Coeaexf_haplotype_clustering.png Graphic file (
type png)
<use ../../CNV_analysis/sweeps/Coeaexf_haplotype_clustering.png>
Package pdftex.def Info: ../../CNV_analysis/sweeps/Coeaexf_haplotype_clustering
.png  used on input line 131.
(pdftex.def)             Requested size: 512.1496pt x 170.72223pt.

Overfull \hbox (31.29822pt too wide) in paragraph at lines 131--133
[] [] 
 []

LaTeX Font Info:    Trying to load font information for T1+cmtt on input line 1
33.
(/usr/share/texlive/texmf-dist/tex/latex/base/t1cmtt.fd
File: t1cmtt.fd 2019/12/16 v2.5j Standard LaTeX font definitions
)
LaTeX Font Info:    External font `cmex10' loaded for size
(Font)              <7> on input line 133.
LaTeX Font Info:    External font `cmex10' loaded for size
(Font)              <5> on input line 133.
 [7

 <./Supplementary_Figure_Cyp6_haplotypes.png> <../../CNV_analysis/sweeps/Coeaex
f_haplotype_clustering.png>]
<../../kdr_origins/kdr_haplotype_clustering.png, id=143, 1084.05pt x 433.62pt>
File: ../../kdr_origins/kdr_haplotype_clustering.png Graphic file (type png)
<use ../../kdr_origins/kdr_haplotype_clustering.png>
Package pdftex.def Info: ../../kdr_origins/kdr_haplotype_clustering.png  used o
n input line 143.
(pdftex.def)             Requested size: 483.69684pt x 193.47969pt.
<../../kdr_origins/kdr_haplotype_clustering_arabiensis.png, id=145, 1084.05pt x
 433.62pt>
File: ../../kdr_origins/kdr_haplotype_clustering_arabiensis.png Graphic file (t
ype png)
<use ../../kdr_origins/kdr_haplotype_clustering_arabiensis.png>
Package pdftex.def Info: ../../kdr_origins/kdr_haplotype_clustering_arabiensis.
png  used on input line 144.
(pdftex.def)             Requested size: 483.69684pt x 193.47969pt.
<../../kdr_origins/kdr_haplotype_clustering_arabiensis_reduced.png, id=147, 108
4.05pt x 433.62pt>
File: ../../kdr_origins/kdr_haplotype_clustering_arabiensis_reduced.png Graphic
 file (type png)
<use ../../kdr_origins/kdr_haplotype_clustering_arabiensis_reduced.png>
Package pdftex.def Info: ../../kdr_origins/kdr_haplotype_clustering_arabiensis_
reduced.png  used on input line 145.
(pdftex.def)             Requested size: 483.69684pt x 193.47969pt.

Overfull \hbox (28.45276pt too wide) in paragraph at lines 143--146
 [] 
 []


Overfull \hbox (28.45276pt too wide) in paragraph at lines 143--146
 [] 
 []


Overfull \hbox (28.45276pt too wide) in paragraph at lines 143--146
 [] 
 []


LaTeX Warning: `h' float specifier changed to `ht'.

[8 <../../kdr_origins/kdr_haplotype_clustering.png> <../../kdr_origins/kdr_hapl
otype_clustering_arabiensis.png> <../../kdr_origins/kdr_haplotype_clustering_ar
abiensis_reduced.png>]
<../supplementary_implicated_regions/Moshi_arabiensis_Delta_implicated_regions.
png, id=160, 650.43pt x 325.215pt>
File: ../supplementary_implicated_regions/Moshi_arabiensis_Delta_implicated_reg
ions.png Graphic file (type png)
<use ../supplementary_implicated_regions/Moshi_arabiensis_Delta_implicated_regi
ons.png>
Package pdftex.def Info: ../supplementary_implicated_regions/Moshi_arabiensis_D
elta_implicated_regions.png  used on input line 155.
(pdftex.def)             Requested size: 369.88582pt x 184.94771pt.
<../supplementary_implicated_regions/Moshi_arabiensis_PM_implicated_regions.png
, id=162, 650.43pt x 325.215pt>
File: ../supplementary_implicated_regions/Moshi_arabiensis_PM_implicated_region
s.png Graphic file (type png)
<use ../supplementary_implicated_regions/Moshi_arabiensis_PM_implicated_regions
.png>
Package pdftex.def Info: ../supplementary_implicated_regions/Moshi_arabiensis_P
M_implicated_regions.png  used on input line 157.
(pdftex.def)             Requested size: 369.88582pt x 184.94771pt.
<../supplementary_implicated_regions/Muleba_arabiensis_Delta_implicated_regions
.png, id=164, 650.43pt x 325.215pt>
File: ../supplementary_implicated_regions/Muleba_arabiensis_Delta_implicated_re
gions.png Graphic file (type png)
<use ../supplementary_implicated_regions/Muleba_arabiensis_Delta_implicated_reg
ions.png>
Package pdftex.def Info: ../supplementary_implicated_regions/Muleba_arabiensis_
Delta_implicated_regions.png  used on input line 159.
(pdftex.def)             Requested size: 369.88582pt x 184.94771pt.


LaTeX Warning: `h' float specifier changed to `ht'.

Package atveryend Info: Empty hook `BeforeClearDocument' on input line 165.
[9 <../supplementary_implicated_regions/Moshi_arabiensis_Delta_implicated_regio
ns.png> <../supplementary_implicated_regions/Moshi_arabiensis_PM_implicated_reg
ions.png (PNG copy)> <../supplementary_implicated_regions/Muleba_arabiensis_Del
ta_implicated_regions.png (PNG copy)>]
Package atveryend Info: Empty hook `AfterLastShipout' on input line 165.
 (./Supplementary_Figures.aux)
Package atveryend Info: Executing hook `AtVeryEndDocument' on input line 165.
Package atveryend Info: Executing hook `AtEndAfterFileList' on input line 165.
Package rerunfilecheck Info: File `Supplementary_Figures.out' has not changed.
(rerunfilecheck)             Checksum: D41D8CD98F00B204E9800998ECF8427E;0.
Package atveryend Info: Empty hook `AtVeryVeryEnd' on input line 165.
 ) 
Here is how much of TeX's memory you used:
 7765 strings out of 483183
 124318 string characters out of 5966293
 383908 words of memory out of 5000000
 22611 multiletter control sequences out of 15000+600000
 559814 words of font info for 45 fonts, out of 8000000 for 9000
 14 hyphenation exceptions out of 8191
 41i,7n,42p,1556b,610s stack positions out of 5000i,500n,10000p,200000b,80000s
 </home/eric/.texlive2019/texmf-var/fonts/pk/ljfour/jknappen/ec/ectt1000.600p
k>{/usr/share/texlive/texmf-dist/fonts/enc/dvips/base/8r.enc}</usr/share/texliv
e/texmf-dist/fonts/type1/public/amsfonts/cm/cmmi10.pfb></usr/share/texlive/texm
f-dist/fonts/type1/public/amsfonts/cm/cmmi7.pfb></usr/share/texlive/texmf-dist/
fonts/type1/public/amsfonts/cm/cmr10.pfb></usr/share/texlive/texmf-dist/fonts/t
ype1/public/amsfonts/cm/cmr7.pfb></usr/share/texlive/texmf-dist/fonts/type1/urw
/helvetic/uhvb8a.pfb></usr/share/texlive/texmf-dist/fonts/type1/urw/helvetic/uh
vbo8a.pfb></usr/share/texlive/texmf-dist/fonts/type1/urw/helvetic/uhvr8a.pfb></
usr/share/texlive/texmf-dist/fonts/type1/urw/helvetic/uhvro8a.pfb>
Output written on Supplementary_Figures.pdf (9 pages, 1718250 bytes).
PDF statistics:
 247 PDF objects out of 1000 (max. 8388607)
 132 compressed objects within 2 object streams
 19 named destinations out of 1000 (max. 500000)
 232 words of extra memory for PDF output out of 10000 (max. 10000000)

