Loading required package: Matrix
Loading required package: BiocGenerics

Attaching package: ‘BiocGenerics’

The following objects are masked from ‘package:stats’:

    IQR, mad, sd, var, xtabs

The following objects are masked from ‘package:base’:

    anyDuplicated, append, as.data.frame, basename, cbind, colnames,
    dirname, do.call, duplicated, eval, evalq, Filter, Find, get, grep,
    grepl, intersect, is.unsorted, lapply, Map, mapply, match, mget,
    order, paste, pmax, pmax.int, pmin, pmin.int, Position, rank,
    rbind, Reduce, rownames, sapply, setdiff, sort, table, tapply,
    union, unique, unsplit, which.max, which.min

Loading required package: S4Vectors
Loading required package: stats4

Attaching package: ‘S4Vectors’

The following objects are masked from ‘package:Matrix’:

    expand, unname

The following objects are masked from ‘package:data.table’:

    first, second

The following objects are masked from ‘package:base’:

    expand.grid, I, unname

Loading required package: IRanges

Attaching package: ‘IRanges’

The following object is masked from ‘package:data.table’:

    shift

Loading required package: XVector
Loading required package: GenomeInfoDb

Attaching package: ‘Biostrings’

The following object is masked from ‘package:base’:

    strsplit


Attaching package: ‘ape’

The following object is masked from ‘package:Biostrings’:

    complement

Arguments:
Muleba_arabiensis_Delta


Warning message:
In dir.create(study.pop) : 'Muleba_arabiensis_Delta' already exists
Loading SNP data from ~/data/ML/GAARD_SNP/Muleba_arabiensis_Delta/csvs/filtered_SNPs.csv.
Warning messages:
1: In `[.data.table`(all.snps, , `:=`(c(samples.to.remove), NULL)) :
  Column 'EA18-0330' does not exist to remove
2: In `[.data.table`(all.snps, , `:=`(c(samples.to.remove), NULL)) :
  Column 'EA18-0268' does not exist to remove
3: In `[.data.table`(all.snps, , `:=`(c(samples.to.remove), NULL)) :
  Column 'EA18-0195' does not exist to remove
4: In `[.data.table`(all.snps, , `:=`(c(samples.to.remove), NULL)) :
  Column 'EA18-0234' does not exist to remove
            used   (Mb) gc trigger    (Mb)   max used    (Mb)
Ncells   3821699  204.2    7244882   387.0    5304025   283.3
Vcells 196986711 1502.9 2276993836 17372.1 2364849070 18042.4
Loading phenotype data from ../../data/sample_phenotypes_EA.csv.
There were 17 warnings (use warnings() to see them)
Running ../extract_zarr_region.py at 21:02 on 26/06/2023 using machine neptune2


Script was run using the following arguments:

	zarr_folder = /home/elucas/scratch/VObs_GAARD
	study_id = 1246-VO-TZ-KABULA-VMF00185
	chrom = 2R
	region = 27087364-27130892
	output_fn = Muleba_arabiensis_Delta/2R:27108686_allele_counts.csv
	sample_names = EA18-0385,EA18-0386,EA18-0387,EA18-0388,EA18-0389,EA18-0390,EA18-0392,EA18-0394,EA18-0395,EA18-0396,EA18-0397,EA18-0398,EA18-0399,EA18-0401,EA18-0402,EA18-0403,EA18-0405,EA18-0406,EA18-0407,EA18-0408,EA18-0410,EA18-0411,EA18-0412,EA18-0414,EA18-0415,EA18-0416,EA18-0417,EA18-0418,EA18-0420,EA18-0421,EA18-0422,EA18-0424,EA18-0425,EA18-0426,EA18-0427,EA18-0428,EA18-0429,EA18-0430,EA18-0431,EA18-0432,EA18-0433,EA18-0434,EA18-0435,EA18-0436,EA18-0437,EA18-0438,EA18-0441,EA18-0442,EA18-0443,EA18-0444,EA18-0445,EA18-0446,EA18-0447,EA18-0449,EA18-0450,EA18-0451,EA18-0453,EA18-0454,EA18-0456,EA18-0457,EA18-0458,EA18-0459,EA18-0460,EA18-0461,EA18-0462,EA18-0463,EA18-0464,EA18-0465,EA18-0466,EA18-0467,EA18-0469,EA18-0470,EA18-0471,EA18-0472,EA18-0473,EA18-0474,EA18-0475,EA18-0476,EA18-0477,EA18-0479,EA18-0480,EA18-0481,EA18-0482,EA18-0483,EA18-0484,EA18-0485,EA18-0486,EA18-0487,EA18-0490,EA18-0491,EA18-0492,EA18-0493,EA18-0494,EA18-0495,EA18-0496,EA18-0497,EA18-0498,EA18-0499,EA18-0500,EA18-0501,EA18-0503,EA18-0504,EA18-0505,EA18-0506,EA18-0507,EA18-0508,EA18-0509,EA18-0510,EA18-0512,EA18-0513,EA18-0515,EA18-0517,EA18-0518,EA18-0520,EA18-0521,EA18-0522,EA18-0523,EA18-0524,EA18-0525,EA18-0526,EA18-0528,EA18-0529,EA18-0531,EA18-0532,EA18-0533,EA18-0534,EA18-0535,EA18-0536,EA18-0537,EA18-0538,EA18-0540,EA18-0542,EA18-0543,EA18-0544,EA18-0545,EA18-0546,EA18-0547,EA18-0548,EA18-0549,EA18-0550,EA18-0551,EA18-0552,EA18-0553,EA18-0554,EA18-0555,EA18-0556,EA18-0557,EA18-0558,EA18-0559,EA18-0561,EA18-0563,EA18-0564,EA18-0565,EA18-0566,EA18-0567,EA18-0568,EA18-0569,EA18-0570,EA18-0572,EA18-0573,EA18-0575,EA18-0576
	meta_fn = ../../data/tanzania.samples.meta.csv

Running ../extract_zarr_region.py at 21:02 on 26/06/2023 using machine neptune2


Script was run using the following arguments:

	zarr_folder = /home/elucas/scratch/VObs_GAARD
	study_id = 1246-VO-TZ-KABULA-VMF00185
	chrom = 2R
	region = 27168776-27213674
	output_fn = Muleba_arabiensis_Delta/2R:27191090_allele_counts.csv
	sample_names = EA18-0385,EA18-0386,EA18-0387,EA18-0388,EA18-0389,EA18-0390,EA18-0392,EA18-0394,EA18-0395,EA18-0396,EA18-0397,EA18-0398,EA18-0399,EA18-0401,EA18-0402,EA18-0403,EA18-0405,EA18-0406,EA18-0407,EA18-0408,EA18-0410,EA18-0411,EA18-0412,EA18-0414,EA18-0415,EA18-0416,EA18-0417,EA18-0418,EA18-0420,EA18-0421,EA18-0422,EA18-0424,EA18-0425,EA18-0426,EA18-0427,EA18-0428,EA18-0429,EA18-0430,EA18-0431,EA18-0432,EA18-0433,EA18-0434,EA18-0435,EA18-0436,EA18-0437,EA18-0438,EA18-0441,EA18-0442,EA18-0443,EA18-0444,EA18-0445,EA18-0446,EA18-0447,EA18-0449,EA18-0450,EA18-0451,EA18-0453,EA18-0454,EA18-0456,EA18-0457,EA18-0458,EA18-0459,EA18-0460,EA18-0461,EA18-0462,EA18-0463,EA18-0464,EA18-0465,EA18-0466,EA18-0467,EA18-0469,EA18-0470,EA18-0471,EA18-0472,EA18-0473,EA18-0474,EA18-0475,EA18-0476,EA18-0477,EA18-0479,EA18-0480,EA18-0481,EA18-0482,EA18-0483,EA18-0484,EA18-0485,EA18-0486,EA18-0487,EA18-0490,EA18-0491,EA18-0492,EA18-0493,EA18-0494,EA18-0495,EA18-0496,EA18-0497,EA18-0498,EA18-0499,EA18-0500,EA18-0501,EA18-0503,EA18-0504,EA18-0505,EA18-0506,EA18-0507,EA18-0508,EA18-0509,EA18-0510,EA18-0512,EA18-0513,EA18-0515,EA18-0517,EA18-0518,EA18-0520,EA18-0521,EA18-0522,EA18-0523,EA18-0524,EA18-0525,EA18-0526,EA18-0528,EA18-0529,EA18-0531,EA18-0532,EA18-0533,EA18-0534,EA18-0535,EA18-0536,EA18-0537,EA18-0538,EA18-0540,EA18-0542,EA18-0543,EA18-0544,EA18-0545,EA18-0546,EA18-0547,EA18-0548,EA18-0549,EA18-0550,EA18-0551,EA18-0552,EA18-0553,EA18-0554,EA18-0555,EA18-0556,EA18-0557,EA18-0558,EA18-0559,EA18-0561,EA18-0563,EA18-0564,EA18-0565,EA18-0566,EA18-0567,EA18-0568,EA18-0569,EA18-0570,EA18-0572,EA18-0573,EA18-0575,EA18-0576
	meta_fn = ../../data/tanzania.samples.meta.csv

Running ../extract_zarr_region.py at 21:02 on 26/06/2023 using machine neptune2


Script was run using the following arguments:

	zarr_folder = /home/elucas/scratch/VObs_GAARD
	study_id = 1246-VO-TZ-KABULA-VMF00185
	chrom = 2R
	region = 27646673-27694296
	output_fn = Muleba_arabiensis_Delta/2R:27670025_allele_counts.csv
	sample_names = EA18-0385,EA18-0386,EA18-0387,EA18-0388,EA18-0389,EA18-0390,EA18-0392,EA18-0394,EA18-0395,EA18-0396,EA18-0397,EA18-0398,EA18-0399,EA18-0401,EA18-0402,EA18-0403,EA18-0405,EA18-0406,EA18-0407,EA18-0408,EA18-0410,EA18-0411,EA18-0412,EA18-0414,EA18-0415,EA18-0416,EA18-0417,EA18-0418,EA18-0420,EA18-0421,EA18-0422,EA18-0424,EA18-0425,EA18-0426,EA18-0427,EA18-0428,EA18-0429,EA18-0430,EA18-0431,EA18-0432,EA18-0433,EA18-0434,EA18-0435,EA18-0436,EA18-0437,EA18-0438,EA18-0441,EA18-0442,EA18-0443,EA18-0444,EA18-0445,EA18-0446,EA18-0447,EA18-0449,EA18-0450,EA18-0451,EA18-0453,EA18-0454,EA18-0456,EA18-0457,EA18-0458,EA18-0459,EA18-0460,EA18-0461,EA18-0462,EA18-0463,EA18-0464,EA18-0465,EA18-0466,EA18-0467,EA18-0469,EA18-0470,EA18-0471,EA18-0472,EA18-0473,EA18-0474,EA18-0475,EA18-0476,EA18-0477,EA18-0479,EA18-0480,EA18-0481,EA18-0482,EA18-0483,EA18-0484,EA18-0485,EA18-0486,EA18-0487,EA18-0490,EA18-0491,EA18-0492,EA18-0493,EA18-0494,EA18-0495,EA18-0496,EA18-0497,EA18-0498,EA18-0499,EA18-0500,EA18-0501,EA18-0503,EA18-0504,EA18-0505,EA18-0506,EA18-0507,EA18-0508,EA18-0509,EA18-0510,EA18-0512,EA18-0513,EA18-0515,EA18-0517,EA18-0518,EA18-0520,EA18-0521,EA18-0522,EA18-0523,EA18-0524,EA18-0525,EA18-0526,EA18-0528,EA18-0529,EA18-0531,EA18-0532,EA18-0533,EA18-0534,EA18-0535,EA18-0536,EA18-0537,EA18-0538,EA18-0540,EA18-0542,EA18-0543,EA18-0544,EA18-0545,EA18-0546,EA18-0547,EA18-0548,EA18-0549,EA18-0550,EA18-0551,EA18-0552,EA18-0553,EA18-0554,EA18-0555,EA18-0556,EA18-0557,EA18-0558,EA18-0559,EA18-0561,EA18-0563,EA18-0564,EA18-0565,EA18-0566,EA18-0567,EA18-0568,EA18-0569,EA18-0570,EA18-0572,EA18-0573,EA18-0575,EA18-0576
	meta_fn = ../../data/tanzania.samples.meta.csv

Running ../extract_zarr_region.py at 21:02 on 26/06/2023 using machine neptune2


Script was run using the following arguments:

	zarr_folder = /home/elucas/scratch/VObs_GAARD
	study_id = 1246-VO-TZ-KABULA-VMF00185
	chrom = 2R
	region = 27674307-27723242
	output_fn = Muleba_arabiensis_Delta/2R:27698574_allele_counts.csv
	sample_names = EA18-0385,EA18-0386,EA18-0387,EA18-0388,EA18-0389,EA18-0390,EA18-0392,EA18-0394,EA18-0395,EA18-0396,EA18-0397,EA18-0398,EA18-0399,EA18-0401,EA18-0402,EA18-0403,EA18-0405,EA18-0406,EA18-0407,EA18-0408,EA18-0410,EA18-0411,EA18-0412,EA18-0414,EA18-0415,EA18-0416,EA18-0417,EA18-0418,EA18-0420,EA18-0421,EA18-0422,EA18-0424,EA18-0425,EA18-0426,EA18-0427,EA18-0428,EA18-0429,EA18-0430,EA18-0431,EA18-0432,EA18-0433,EA18-0434,EA18-0435,EA18-0436,EA18-0437,EA18-0438,EA18-0441,EA18-0442,EA18-0443,EA18-0444,EA18-0445,EA18-0446,EA18-0447,EA18-0449,EA18-0450,EA18-0451,EA18-0453,EA18-0454,EA18-0456,EA18-0457,EA18-0458,EA18-0459,EA18-0460,EA18-0461,EA18-0462,EA18-0463,EA18-0464,EA18-0465,EA18-0466,EA18-0467,EA18-0469,EA18-0470,EA18-0471,EA18-0472,EA18-0473,EA18-0474,EA18-0475,EA18-0476,EA18-0477,EA18-0479,EA18-0480,EA18-0481,EA18-0482,EA18-0483,EA18-0484,EA18-0485,EA18-0486,EA18-0487,EA18-0490,EA18-0491,EA18-0492,EA18-0493,EA18-0494,EA18-0495,EA18-0496,EA18-0497,EA18-0498,EA18-0499,EA18-0500,EA18-0501,EA18-0503,EA18-0504,EA18-0505,EA18-0506,EA18-0507,EA18-0508,EA18-0509,EA18-0510,EA18-0512,EA18-0513,EA18-0515,EA18-0517,EA18-0518,EA18-0520,EA18-0521,EA18-0522,EA18-0523,EA18-0524,EA18-0525,EA18-0526,EA18-0528,EA18-0529,EA18-0531,EA18-0532,EA18-0533,EA18-0534,EA18-0535,EA18-0536,EA18-0537,EA18-0538,EA18-0540,EA18-0542,EA18-0543,EA18-0544,EA18-0545,EA18-0546,EA18-0547,EA18-0548,EA18-0549,EA18-0550,EA18-0551,EA18-0552,EA18-0553,EA18-0554,EA18-0555,EA18-0556,EA18-0557,EA18-0558,EA18-0559,EA18-0561,EA18-0563,EA18-0564,EA18-0565,EA18-0566,EA18-0567,EA18-0568,EA18-0569,EA18-0570,EA18-0572,EA18-0573,EA18-0575,EA18-0576
	meta_fn = ../../data/tanzania.samples.meta.csv

Running ../extract_zarr_region.py at 21:02 on 26/06/2023 using machine neptune2


Script was run using the following arguments:

	zarr_folder = /home/elucas/scratch/VObs_GAARD
	study_id = 1246-VO-TZ-KABULA-VMF00185
	chrom = 2R
	region = 27863490-27929833
	output_fn = Muleba_arabiensis_Delta/2R:27896706_allele_counts.csv
	sample_names = EA18-0385,EA18-0386,EA18-0387,EA18-0388,EA18-0389,EA18-0390,EA18-0392,EA18-0394,EA18-0395,EA18-0396,EA18-0397,EA18-0398,EA18-0399,EA18-0401,EA18-0402,EA18-0403,EA18-0405,EA18-0406,EA18-0407,EA18-0408,EA18-0410,EA18-0411,EA18-0412,EA18-0414,EA18-0415,EA18-0416,EA18-0417,EA18-0418,EA18-0420,EA18-0421,EA18-0422,EA18-0424,EA18-0425,EA18-0426,EA18-0427,EA18-0428,EA18-0429,EA18-0430,EA18-0431,EA18-0432,EA18-0433,EA18-0434,EA18-0435,EA18-0436,EA18-0437,EA18-0438,EA18-0441,EA18-0442,EA18-0443,EA18-0444,EA18-0445,EA18-0446,EA18-0447,EA18-0449,EA18-0450,EA18-0451,EA18-0453,EA18-0454,EA18-0456,EA18-0457,EA18-0458,EA18-0459,EA18-0460,EA18-0461,EA18-0462,EA18-0463,EA18-0464,EA18-0465,EA18-0466,EA18-0467,EA18-0469,EA18-0470,EA18-0471,EA18-0472,EA18-0473,EA18-0474,EA18-0475,EA18-0476,EA18-0477,EA18-0479,EA18-0480,EA18-0481,EA18-0482,EA18-0483,EA18-0484,EA18-0485,EA18-0486,EA18-0487,EA18-0490,EA18-0491,EA18-0492,EA18-0493,EA18-0494,EA18-0495,EA18-0496,EA18-0497,EA18-0498,EA18-0499,EA18-0500,EA18-0501,EA18-0503,EA18-0504,EA18-0505,EA18-0506,EA18-0507,EA18-0508,EA18-0509,EA18-0510,EA18-0512,EA18-0513,EA18-0515,EA18-0517,EA18-0518,EA18-0520,EA18-0521,EA18-0522,EA18-0523,EA18-0524,EA18-0525,EA18-0526,EA18-0528,EA18-0529,EA18-0531,EA18-0532,EA18-0533,EA18-0534,EA18-0535,EA18-0536,EA18-0537,EA18-0538,EA18-0540,EA18-0542,EA18-0543,EA18-0544,EA18-0545,EA18-0546,EA18-0547,EA18-0548,EA18-0549,EA18-0550,EA18-0551,EA18-0552,EA18-0553,EA18-0554,EA18-0555,EA18-0556,EA18-0557,EA18-0558,EA18-0559,EA18-0561,EA18-0563,EA18-0564,EA18-0565,EA18-0566,EA18-0567,EA18-0568,EA18-0569,EA18-0570,EA18-0572,EA18-0573,EA18-0575,EA18-0576
	meta_fn = ../../data/tanzania.samples.meta.csv

Running ../extract_zarr_region.py at 21:02 on 26/06/2023 using machine neptune2


Script was run using the following arguments:

	zarr_folder = /home/elucas/scratch/VObs_GAARD
	study_id = 1246-VO-TZ-KABULA-VMF00185
	chrom = 2R
	region = 27909865-27963647
	output_fn = Muleba_arabiensis_Delta/2R:27935028_allele_counts.csv
	sample_names = EA18-0385,EA18-0386,EA18-0387,EA18-0388,EA18-0389,EA18-0390,EA18-0392,EA18-0394,EA18-0395,EA18-0396,EA18-0397,EA18-0398,EA18-0399,EA18-0401,EA18-0402,EA18-0403,EA18-0405,EA18-0406,EA18-0407,EA18-0408,EA18-0410,EA18-0411,EA18-0412,EA18-0414,EA18-0415,EA18-0416,EA18-0417,EA18-0418,EA18-0420,EA18-0421,EA18-0422,EA18-0424,EA18-0425,EA18-0426,EA18-0427,EA18-0428,EA18-0429,EA18-0430,EA18-0431,EA18-0432,EA18-0433,EA18-0434,EA18-0435,EA18-0436,EA18-0437,EA18-0438,EA18-0441,EA18-0442,EA18-0443,EA18-0444,EA18-0445,EA18-0446,EA18-0447,EA18-0449,EA18-0450,EA18-0451,EA18-0453,EA18-0454,EA18-0456,EA18-0457,EA18-0458,EA18-0459,EA18-0460,EA18-0461,EA18-0462,EA18-0463,EA18-0464,EA18-0465,EA18-0466,EA18-0467,EA18-0469,EA18-0470,EA18-0471,EA18-0472,EA18-0473,EA18-0474,EA18-0475,EA18-0476,EA18-0477,EA18-0479,EA18-0480,EA18-0481,EA18-0482,EA18-0483,EA18-0484,EA18-0485,EA18-0486,EA18-0487,EA18-0490,EA18-0491,EA18-0492,EA18-0493,EA18-0494,EA18-0495,EA18-0496,EA18-0497,EA18-0498,EA18-0499,EA18-0500,EA18-0501,EA18-0503,EA18-0504,EA18-0505,EA18-0506,EA18-0507,EA18-0508,EA18-0509,EA18-0510,EA18-0512,EA18-0513,EA18-0515,EA18-0517,EA18-0518,EA18-0520,EA18-0521,EA18-0522,EA18-0523,EA18-0524,EA18-0525,EA18-0526,EA18-0528,EA18-0529,EA18-0531,EA18-0532,EA18-0533,EA18-0534,EA18-0535,EA18-0536,EA18-0537,EA18-0538,EA18-0540,EA18-0542,EA18-0543,EA18-0544,EA18-0545,EA18-0546,EA18-0547,EA18-0548,EA18-0549,EA18-0550,EA18-0551,EA18-0552,EA18-0553,EA18-0554,EA18-0555,EA18-0556,EA18-0557,EA18-0558,EA18-0559,EA18-0561,EA18-0563,EA18-0564,EA18-0565,EA18-0566,EA18-0567,EA18-0568,EA18-0569,EA18-0570,EA18-0572,EA18-0573,EA18-0575,EA18-0576
	meta_fn = ../../data/tanzania.samples.meta.csv

Running ../extract_zarr_region.py at 21:02 on 26/06/2023 using machine neptune2


Script was run using the following arguments:

	zarr_folder = /home/elucas/scratch/VObs_GAARD
	study_id = 1246-VO-TZ-KABULA-VMF00185
	chrom = 2R
	region = 28076869-28161786
	output_fn = Muleba_arabiensis_Delta/2R:28112399_allele_counts.csv
	sample_names = EA18-0385,EA18-0386,EA18-0387,EA18-0388,EA18-0389,EA18-0390,EA18-0392,EA18-0394,EA18-0395,EA18-0396,EA18-0397,EA18-0398,EA18-0399,EA18-0401,EA18-0402,EA18-0403,EA18-0405,EA18-0406,EA18-0407,EA18-0408,EA18-0410,EA18-0411,EA18-0412,EA18-0414,EA18-0415,EA18-0416,EA18-0417,EA18-0418,EA18-0420,EA18-0421,EA18-0422,EA18-0424,EA18-0425,EA18-0426,EA18-0427,EA18-0428,EA18-0429,EA18-0430,EA18-0431,EA18-0432,EA18-0433,EA18-0434,EA18-0435,EA18-0436,EA18-0437,EA18-0438,EA18-0441,EA18-0442,EA18-0443,EA18-0444,EA18-0445,EA18-0446,EA18-0447,EA18-0449,EA18-0450,EA18-0451,EA18-0453,EA18-0454,EA18-0456,EA18-0457,EA18-0458,EA18-0459,EA18-0460,EA18-0461,EA18-0462,EA18-0463,EA18-0464,EA18-0465,EA18-0466,EA18-0467,EA18-0469,EA18-0470,EA18-0471,EA18-0472,EA18-0473,EA18-0474,EA18-0475,EA18-0476,EA18-0477,EA18-0479,EA18-0480,EA18-0481,EA18-0482,EA18-0483,EA18-0484,EA18-0485,EA18-0486,EA18-0487,EA18-0490,EA18-0491,EA18-0492,EA18-0493,EA18-0494,EA18-0495,EA18-0496,EA18-0497,EA18-0498,EA18-0499,EA18-0500,EA18-0501,EA18-0503,EA18-0504,EA18-0505,EA18-0506,EA18-0507,EA18-0508,EA18-0509,EA18-0510,EA18-0512,EA18-0513,EA18-0515,EA18-0517,EA18-0518,EA18-0520,EA18-0521,EA18-0522,EA18-0523,EA18-0524,EA18-0525,EA18-0526,EA18-0528,EA18-0529,EA18-0531,EA18-0532,EA18-0533,EA18-0534,EA18-0535,EA18-0536,EA18-0537,EA18-0538,EA18-0540,EA18-0542,EA18-0543,EA18-0544,EA18-0545,EA18-0546,EA18-0547,EA18-0548,EA18-0549,EA18-0550,EA18-0551,EA18-0552,EA18-0553,EA18-0554,EA18-0555,EA18-0556,EA18-0557,EA18-0558,EA18-0559,EA18-0561,EA18-0563,EA18-0564,EA18-0565,EA18-0566,EA18-0567,EA18-0568,EA18-0569,EA18-0570,EA18-0572,EA18-0573,EA18-0575,EA18-0576
	meta_fn = ../../data/tanzania.samples.meta.csv

Running ../extract_zarr_region.py at 21:02 on 26/06/2023 using machine neptune2


Script was run using the following arguments:

	zarr_folder = /home/elucas/scratch/VObs_GAARD
	study_id = 1246-VO-TZ-KABULA-VMF00185
	chrom = 2R
	region = 28141817-28203553
	output_fn = Muleba_arabiensis_Delta/2R:28174246_allele_counts.csv
	sample_names = EA18-0385,EA18-0386,EA18-0387,EA18-0388,EA18-0389,EA18-0390,EA18-0392,EA18-0394,EA18-0395,EA18-0396,EA18-0397,EA18-0398,EA18-0399,EA18-0401,EA18-0402,EA18-0403,EA18-0405,EA18-0406,EA18-0407,EA18-0408,EA18-0410,EA18-0411,EA18-0412,EA18-0414,EA18-0415,EA18-0416,EA18-0417,EA18-0418,EA18-0420,EA18-0421,EA18-0422,EA18-0424,EA18-0425,EA18-0426,EA18-0427,EA18-0428,EA18-0429,EA18-0430,EA18-0431,EA18-0432,EA18-0433,EA18-0434,EA18-0435,EA18-0436,EA18-0437,EA18-0438,EA18-0441,EA18-0442,EA18-0443,EA18-0444,EA18-0445,EA18-0446,EA18-0447,EA18-0449,EA18-0450,EA18-0451,EA18-0453,EA18-0454,EA18-0456,EA18-0457,EA18-0458,EA18-0459,EA18-0460,EA18-0461,EA18-0462,EA18-0463,EA18-0464,EA18-0465,EA18-0466,EA18-0467,EA18-0469,EA18-0470,EA18-0471,EA18-0472,EA18-0473,EA18-0474,EA18-0475,EA18-0476,EA18-0477,EA18-0479,EA18-0480,EA18-0481,EA18-0482,EA18-0483,EA18-0484,EA18-0485,EA18-0486,EA18-0487,EA18-0490,EA18-0491,EA18-0492,EA18-0493,EA18-0494,EA18-0495,EA18-0496,EA18-0497,EA18-0498,EA18-0499,EA18-0500,EA18-0501,EA18-0503,EA18-0504,EA18-0505,EA18-0506,EA18-0507,EA18-0508,EA18-0509,EA18-0510,EA18-0512,EA18-0513,EA18-0515,EA18-0517,EA18-0518,EA18-0520,EA18-0521,EA18-0522,EA18-0523,EA18-0524,EA18-0525,EA18-0526,EA18-0528,EA18-0529,EA18-0531,EA18-0532,EA18-0533,EA18-0534,EA18-0535,EA18-0536,EA18-0537,EA18-0538,EA18-0540,EA18-0542,EA18-0543,EA18-0544,EA18-0545,EA18-0546,EA18-0547,EA18-0548,EA18-0549,EA18-0550,EA18-0551,EA18-0552,EA18-0553,EA18-0554,EA18-0555,EA18-0556,EA18-0557,EA18-0558,EA18-0559,EA18-0561,EA18-0563,EA18-0564,EA18-0565,EA18-0566,EA18-0567,EA18-0568,EA18-0569,EA18-0570,EA18-0572,EA18-0573,EA18-0575,EA18-0576
	meta_fn = ../../data/tanzania.samples.meta.csv

Running ../extract_zarr_region.py at 21:02 on 26/06/2023 using machine neptune2


Script was run using the following arguments:

	zarr_folder = /home/elucas/scratch/VObs_GAARD
	study_id = 1246-VO-TZ-KABULA-VMF00185
	chrom = 2R
	region = 28234848-28295952
	output_fn = Muleba_arabiensis_Delta/2R:28264928_allele_counts.csv
	sample_names = EA18-0385,EA18-0386,EA18-0387,EA18-0388,EA18-0389,EA18-0390,EA18-0392,EA18-0394,EA18-0395,EA18-0396,EA18-0397,EA18-0398,EA18-0399,EA18-0401,EA18-0402,EA18-0403,EA18-0405,EA18-0406,EA18-0407,EA18-0408,EA18-0410,EA18-0411,EA18-0412,EA18-0414,EA18-0415,EA18-0416,EA18-0417,EA18-0418,EA18-0420,EA18-0421,EA18-0422,EA18-0424,EA18-0425,EA18-0426,EA18-0427,EA18-0428,EA18-0429,EA18-0430,EA18-0431,EA18-0432,EA18-0433,EA18-0434,EA18-0435,EA18-0436,EA18-0437,EA18-0438,EA18-0441,EA18-0442,EA18-0443,EA18-0444,EA18-0445,EA18-0446,EA18-0447,EA18-0449,EA18-0450,EA18-0451,EA18-0453,EA18-0454,EA18-0456,EA18-0457,EA18-0458,EA18-0459,EA18-0460,EA18-0461,EA18-0462,EA18-0463,EA18-0464,EA18-0465,EA18-0466,EA18-0467,EA18-0469,EA18-0470,EA18-0471,EA18-0472,EA18-0473,EA18-0474,EA18-0475,EA18-0476,EA18-0477,EA18-0479,EA18-0480,EA18-0481,EA18-0482,EA18-0483,EA18-0484,EA18-0485,EA18-0486,EA18-0487,EA18-0490,EA18-0491,EA18-0492,EA18-0493,EA18-0494,EA18-0495,EA18-0496,EA18-0497,EA18-0498,EA18-0499,EA18-0500,EA18-0501,EA18-0503,EA18-0504,EA18-0505,EA18-0506,EA18-0507,EA18-0508,EA18-0509,EA18-0510,EA18-0512,EA18-0513,EA18-0515,EA18-0517,EA18-0518,EA18-0520,EA18-0521,EA18-0522,EA18-0523,EA18-0524,EA18-0525,EA18-0526,EA18-0528,EA18-0529,EA18-0531,EA18-0532,EA18-0533,EA18-0534,EA18-0535,EA18-0536,EA18-0537,EA18-0538,EA18-0540,EA18-0542,EA18-0543,EA18-0544,EA18-0545,EA18-0546,EA18-0547,EA18-0548,EA18-0549,EA18-0550,EA18-0551,EA18-0552,EA18-0553,EA18-0554,EA18-0555,EA18-0556,EA18-0557,EA18-0558,EA18-0559,EA18-0561,EA18-0563,EA18-0564,EA18-0565,EA18-0566,EA18-0567,EA18-0568,EA18-0569,EA18-0570,EA18-0572,EA18-0573,EA18-0575,EA18-0576
	meta_fn = ../../data/tanzania.samples.meta.csv

Running ../extract_zarr_region.py at 21:03 on 26/06/2023 using machine neptune2


Script was run using the following arguments:

	zarr_folder = /home/elucas/scratch/VObs_GAARD
	study_id = 1246-VO-TZ-KABULA-VMF00185
	chrom = 2R
	region = 28275958-28337113
	output_fn = Muleba_arabiensis_Delta/2R:28307853_allele_counts.csv
	sample_names = EA18-0385,EA18-0386,EA18-0387,EA18-0388,EA18-0389,EA18-0390,EA18-0392,EA18-0394,EA18-0395,EA18-0396,EA18-0397,EA18-0398,EA18-0399,EA18-0401,EA18-0402,EA18-0403,EA18-0405,EA18-0406,EA18-0407,EA18-0408,EA18-0410,EA18-0411,EA18-0412,EA18-0414,EA18-0415,EA18-0416,EA18-0417,EA18-0418,EA18-0420,EA18-0421,EA18-0422,EA18-0424,EA18-0425,EA18-0426,EA18-0427,EA18-0428,EA18-0429,EA18-0430,EA18-0431,EA18-0432,EA18-0433,EA18-0434,EA18-0435,EA18-0436,EA18-0437,EA18-0438,EA18-0441,EA18-0442,EA18-0443,EA18-0444,EA18-0445,EA18-0446,EA18-0447,EA18-0449,EA18-0450,EA18-0451,EA18-0453,EA18-0454,EA18-0456,EA18-0457,EA18-0458,EA18-0459,EA18-0460,EA18-0461,EA18-0462,EA18-0463,EA18-0464,EA18-0465,EA18-0466,EA18-0467,EA18-0469,EA18-0470,EA18-0471,EA18-0472,EA18-0473,EA18-0474,EA18-0475,EA18-0476,EA18-0477,EA18-0479,EA18-0480,EA18-0481,EA18-0482,EA18-0483,EA18-0484,EA18-0485,EA18-0486,EA18-0487,EA18-0490,EA18-0491,EA18-0492,EA18-0493,EA18-0494,EA18-0495,EA18-0496,EA18-0497,EA18-0498,EA18-0499,EA18-0500,EA18-0501,EA18-0503,EA18-0504,EA18-0505,EA18-0506,EA18-0507,EA18-0508,EA18-0509,EA18-0510,EA18-0512,EA18-0513,EA18-0515,EA18-0517,EA18-0518,EA18-0520,EA18-0521,EA18-0522,EA18-0523,EA18-0524,EA18-0525,EA18-0526,EA18-0528,EA18-0529,EA18-0531,EA18-0532,EA18-0533,EA18-0534,EA18-0535,EA18-0536,EA18-0537,EA18-0538,EA18-0540,EA18-0542,EA18-0543,EA18-0544,EA18-0545,EA18-0546,EA18-0547,EA18-0548,EA18-0549,EA18-0550,EA18-0551,EA18-0552,EA18-0553,EA18-0554,EA18-0555,EA18-0556,EA18-0557,EA18-0558,EA18-0559,EA18-0561,EA18-0563,EA18-0564,EA18-0565,EA18-0566,EA18-0567,EA18-0568,EA18-0569,EA18-0570,EA18-0572,EA18-0573,EA18-0575,EA18-0576
	meta_fn = ../../data/tanzania.samples.meta.csv

Running ../extract_zarr_region.py at 21:03 on 26/06/2023 using machine neptune2


Script was run using the following arguments:

	zarr_folder = /home/elucas/scratch/VObs_GAARD
	study_id = 1246-VO-TZ-KABULA-VMF00185
	chrom = 2R
	region = 56697016-56826043
	output_fn = Muleba_arabiensis_Delta/2R:56761889_allele_counts.csv
	sample_names = EA18-0385,EA18-0386,EA18-0387,EA18-0388,EA18-0389,EA18-0390,EA18-0392,EA18-0394,EA18-0395,EA18-0396,EA18-0397,EA18-0398,EA18-0399,EA18-0401,EA18-0402,EA18-0403,EA18-0405,EA18-0406,EA18-0407,EA18-0408,EA18-0410,EA18-0411,EA18-0412,EA18-0414,EA18-0415,EA18-0416,EA18-0417,EA18-0418,EA18-0420,EA18-0421,EA18-0422,EA18-0424,EA18-0425,EA18-0426,EA18-0427,EA18-0428,EA18-0429,EA18-0430,EA18-0431,EA18-0432,EA18-0433,EA18-0434,EA18-0435,EA18-0436,EA18-0437,EA18-0438,EA18-0441,EA18-0442,EA18-0443,EA18-0444,EA18-0445,EA18-0446,EA18-0447,EA18-0449,EA18-0450,EA18-0451,EA18-0453,EA18-0454,EA18-0456,EA18-0457,EA18-0458,EA18-0459,EA18-0460,EA18-0461,EA18-0462,EA18-0463,EA18-0464,EA18-0465,EA18-0466,EA18-0467,EA18-0469,EA18-0470,EA18-0471,EA18-0472,EA18-0473,EA18-0474,EA18-0475,EA18-0476,EA18-0477,EA18-0479,EA18-0480,EA18-0481,EA18-0482,EA18-0483,EA18-0484,EA18-0485,EA18-0486,EA18-0487,EA18-0490,EA18-0491,EA18-0492,EA18-0493,EA18-0494,EA18-0495,EA18-0496,EA18-0497,EA18-0498,EA18-0499,EA18-0500,EA18-0501,EA18-0503,EA18-0504,EA18-0505,EA18-0506,EA18-0507,EA18-0508,EA18-0509,EA18-0510,EA18-0512,EA18-0513,EA18-0515,EA18-0517,EA18-0518,EA18-0520,EA18-0521,EA18-0522,EA18-0523,EA18-0524,EA18-0525,EA18-0526,EA18-0528,EA18-0529,EA18-0531,EA18-0532,EA18-0533,EA18-0534,EA18-0535,EA18-0536,EA18-0537,EA18-0538,EA18-0540,EA18-0542,EA18-0543,EA18-0544,EA18-0545,EA18-0546,EA18-0547,EA18-0548,EA18-0549,EA18-0550,EA18-0551,EA18-0552,EA18-0553,EA18-0554,EA18-0555,EA18-0556,EA18-0557,EA18-0558,EA18-0559,EA18-0561,EA18-0563,EA18-0564,EA18-0565,EA18-0566,EA18-0567,EA18-0568,EA18-0569,EA18-0570,EA18-0572,EA18-0573,EA18-0575,EA18-0576
	meta_fn = ../../data/tanzania.samples.meta.csv

Running snpEff on significant SNPs, using command /usr/bin/java -jar ~/software/snpEff/snpEff.jar eff Anopheles_gambiae -noStats Muleba_arabiensis_Delta/temp.vcf > Muleba_arabiensis_Delta/focal_windows.vcf .
2R:27108686.null device 2R:27191090.null device 2R:27670025.null device 
                      1                       1                       1 
2R:27698574.null device 2R:27896706.null device 2R:27935028.null device 
                      1                       1                       1 
2R:28112399.null device 2R:28174246.null device 2R:28264928.null device 
                      1                       1                       1 
2R:28307853.null device 2R:56761889.null device 
                      1                       1 
