[[1]]
    peak.region chromosome V1
 1:           0         2L  1
 2:           1         2L  1
 3:           2         2L  1
 4:           0         2R  1
 5:           3         2R  1
 6:           4         2R  1
 7:           5         2R  1
 8:           6         2R  1
 9:           7         2R  1
10:           0         3L  1
11:           0         3R  1
12:           0          X  1

[[2]]
    peak.region chromosome V1
 1:           0         2L  1
 2:           1         2L  1
 3:           2         2L  1
 4:           0         2R  1
 5:           3         2R  1
 6:           4         2R  1
 7:           5         2R  1
 8:           0         3L  1
 9:           0         3R  1
10:           0          X  1

[[3]]
   peak.region chromosome V1
1:           0         2L  1
2:           0         2R  1
3:           1         2R  1
4:           2         2R  1
5:           0         3L  1
6:           0         3R  1
7:           0          X  1

